<?xml version="1.0" encoding="UTF-8"?>
<testsuite xmlns:xsi="http://www.w3.org/2001/XMLSchema-instance" xsi:noNamespaceSchemaLocation="https://maven.apache.org/surefire/maven-surefire-plugin/xsd/surefire-test-report-3.0.xsd" version="3.0" name="TestSuite" time="3.752" tests="976" errors="0" skipped="944" failures="32">
  <properties>
    <property name="java.specification.version" value="17"/>
    <property name="sun.cpu.isalist" value="amd64"/>
    <property name="sun.jnu.encoding" value="Cp1252"/>
    <property name="java.class.path" value="C:\Users\egeorge013\Documents\SCM10SFunctionalTests\target\test-classes;C:\Users\egeorge013\Documents\SCM10SFunctionalTests\target\classes;C:\Users\egeorge013\.m2\repository\org\seleniumhq\selenium\selenium-java\4.12.0\selenium-java-4.12.0.jar;C:\Users\egeorge013\.m2\repository\org\seleniumhq\selenium\selenium-api\4.12.0\selenium-api-4.12.0.jar;C:\Users\egeorge013\.m2\repository\org\seleniumhq\selenium\selenium-chrome-driver\4.12.0\selenium-chrome-driver-4.12.0.jar;C:\Users\egeorge013\.m2\repository\com\google\auto\service\auto-service-annotations\1.1.1\auto-service-annotations-1.1.1.jar;C:\Users\egeorge013\.m2\repository\org\seleniumhq\selenium\selenium-chromium-driver\4.12.0\selenium-chromium-driver-4.12.0.jar;C:\Users\egeorge013\.m2\repository\org\seleniumhq\selenium\selenium-json\4.12.0\selenium-json-4.12.0.jar;C:\Users\egeorge013\.m2\repository\org\seleniumhq\selenium\selenium-manager\4.12.0\selenium-manager-4.12.0.jar;C:\Users\egeorge013\.m2\repository\org\seleniumhq\selenium\selenium-devtools-v114\4.12.0\selenium-devtools-v114-4.12.0.jar;C:\Users\egeorge013\.m2\repository\org\seleniumhq\selenium\selenium-devtools-v115\4.12.0\selenium-devtools-v115-4.12.0.jar;C:\Users\egeorge013\.m2\repository\org\seleniumhq\selenium\selenium-devtools-v116\4.12.0\selenium-devtools-v116-4.12.0.jar;C:\Users\egeorge013\.m2\repository\org\seleniumhq\selenium\selenium-devtools-v85\4.12.0\selenium-devtools-v85-4.12.0.jar;C:\Users\egeorge013\.m2\repository\org\seleniumhq\selenium\selenium-edge-driver\4.12.0\selenium-edge-driver-4.12.0.jar;C:\Users\egeorge013\.m2\repository\org\seleniumhq\selenium\selenium-firefox-driver\4.12.0\selenium-firefox-driver-4.12.0.jar;C:\Users\egeorge013\.m2\repository\org\seleniumhq\selenium\selenium-http\4.12.0\selenium-http-4.12.0.jar;C:\Users\egeorge013\.m2\repository\dev\failsafe\failsafe\3.3.2\failsafe-3.3.2.jar;C:\Users\egeorge013\.m2\repository\org\seleniumhq\selenium\selenium-ie-driver\4.12.0\selenium-ie-driver-4.12.0.jar;C:\Users\egeorge013\.m2\repository\org\seleniumhq\selenium\selenium-remote-driver\4.12.0\selenium-remote-driver-4.12.0.jar;C:\Users\egeorge013\.m2\repository\io\netty\netty-buffer\4.1.96.Final\netty-buffer-4.1.96.Final.jar;C:\Users\egeorge013\.m2\repository\io\netty\netty-codec-http\4.1.96.Final\netty-codec-http-4.1.96.Final.jar;C:\Users\egeorge013\.m2\repository\io\netty\netty-codec\4.1.96.Final\netty-codec-4.1.96.Final.jar;C:\Users\egeorge013\.m2\repository\io\netty\netty-handler\4.1.96.Final\netty-handler-4.1.96.Final.jar;C:\Users\egeorge013\.m2\repository\io\netty\netty-common\4.1.96.Final\netty-common-4.1.96.Final.jar;C:\Users\egeorge013\.m2\repository\io\netty\netty-transport-classes-epoll\4.1.96.Final\netty-transport-classes-epoll-4.1.96.Final.jar;C:\Users\egeorge013\.m2\repository\io\netty\netty-transport-classes-kqueue\4.1.96.Final\netty-transport-classes-kqueue-4.1.96.Final.jar;C:\Users\egeorge013\.m2\repository\io\netty\netty-transport-native-epoll\4.1.96.Final\netty-transport-native-epoll-4.1.96.Final.jar;C:\Users\egeorge013\.m2\repository\io\netty\netty-transport-native-kqueue\4.1.96.Final\netty-transport-native-kqueue-4.1.96.Final.jar;C:\Users\egeorge013\.m2\repository\io\netty\netty-transport-native-unix-common\4.1.96.Final\netty-transport-native-unix-common-4.1.96.Final.jar;C:\Users\egeorge013\.m2\repository\io\netty\netty-transport\4.1.96.Final\netty-transport-4.1.96.Final.jar;C:\Users\egeorge013\.m2\repository\io\netty\netty-resolver\4.1.96.Final\netty-resolver-4.1.96.Final.jar;C:\Users\egeorge013\.m2\repository\io\opentelemetry\opentelemetry-api\1.28.0\opentelemetry-api-1.28.0.jar;C:\Users\egeorge013\.m2\repository\io\opentelemetry\opentelemetry-context\1.28.0\opentelemetry-context-1.28.0.jar;C:\Users\egeorge013\.m2\repository\io\opentelemetry\opentelemetry-exporter-logging\1.28.0\opentelemetry-exporter-logging-1.28.0.jar;C:\Users\egeorge013\.m2\repository\io\opentelemetry\opentelemetry-sdk-metrics\1.28.0\opentelemetry-sdk-metrics-1.28.0.jar;C:\Users\egeorge013\.m2\repository\io\opentelemetry\opentelemetry-extension-incubator\1.28.0-alpha\opentelemetry-extension-incubator-1.28.0-alpha.jar;C:\Users\egeorge013\.m2\repository\io\opentelemetry\opentelemetry-sdk-logs\1.28.0\opentelemetry-sdk-logs-1.28.0.jar;C:\Users\egeorge013\.m2\repository\io\opentelemetry\opentelemetry-sdk-common\1.28.0\opentelemetry-sdk-common-1.28.0.jar;C:\Users\egeorge013\.m2\repository\io\opentelemetry\opentelemetry-sdk-extension-autoconfigure-spi\1.28.0\opentelemetry-sdk-extension-autoconfigure-spi-1.28.0.jar;C:\Users\egeorge013\.m2\repository\io\opentelemetry\opentelemetry-sdk-extension-autoconfigure\1.28.0\opentelemetry-sdk-extension-autoconfigure-1.28.0.jar;C:\Users\egeorge013\.m2\repository\io\opentelemetry\opentelemetry-api-events\1.28.0-alpha\opentelemetry-api-events-1.28.0-alpha.jar;C:\Users\egeorge013\.m2\repository\io\opentelemetry\opentelemetry-sdk-trace\1.28.0\opentelemetry-sdk-trace-1.28.0.jar;C:\Users\egeorge013\.m2\repository\io\opentelemetry\opentelemetry-sdk\1.28.0\opentelemetry-sdk-1.28.0.jar;C:\Users\egeorge013\.m2\repository\io\opentelemetry\opentelemetry-semconv\1.28.0-alpha\opentelemetry-semconv-1.28.0-alpha.jar;C:\Users\egeorge013\.m2\repository\org\asynchttpclient\async-http-client\2.12.3\async-http-client-2.12.3.jar;C:\Users\egeorge013\.m2\repository\org\asynchttpclient\async-http-client-netty-utils\2.12.3\async-http-client-netty-utils-2.12.3.jar;C:\Users\egeorge013\.m2\repository\io\netty\netty-codec-socks\4.1.60.Final\netty-codec-socks-4.1.60.Final.jar;C:\Users\egeorge013\.m2\repository\io\netty\netty-handler-proxy\4.1.60.Final\netty-handler-proxy-4.1.60.Final.jar;C:\Users\egeorge013\.m2\repository\io\netty\netty-transport-native-epoll\4.1.60.Final\netty-transport-native-epoll-4.1.60.Final-linux-x86_64.jar;C:\Users\egeorge013\.m2\repository\io\netty\netty-transport-native-kqueue\4.1.60.Final\netty-transport-native-kqueue-4.1.60.Final-osx-x86_64.jar;C:\Users\egeorge013\.m2\repository\com\typesafe\netty\netty-reactive-streams\2.0.4\netty-reactive-streams-2.0.4.jar;C:\Users\egeorge013\.m2\repository\com\sun\activation\jakarta.activation\1.2.2\jakarta.activation-1.2.2.jar;C:\Users\egeorge013\.m2\repository\org\seleniumhq\selenium\selenium-os\4.12.0\selenium-os-4.12.0.jar;C:\Users\egeorge013\.m2\repository\org\apache\commons\commons-exec\1.3\commons-exec-1.3.jar;C:\Users\egeorge013\.m2\repository\org\seleniumhq\selenium\selenium-safari-driver\4.12.0\selenium-safari-driver-4.12.0.jar;C:\Users\egeorge013\.m2\repository\org\seleniumhq\selenium\selenium-support\4.12.0\selenium-support-4.12.0.jar;C:\Users\egeorge013\.m2\repository\org\testng\testng\7.7.1\testng-7.7.1.jar;C:\Users\egeorge013\.m2\repository\org\slf4j\slf4j-api\1.7.36\slf4j-api-1.7.36.jar;C:\Users\egeorge013\.m2\repository\com\beust\jcommander\1.82\jcommander-1.82.jar;C:\Users\egeorge013\.m2\repository\org\webjars\jquery\3.6.1\jquery-3.6.1.jar;C:\Users\egeorge013\.m2\repository\io\github\bonigarcia\webdrivermanager\5.5.3\webdrivermanager-5.5.3.jar;C:\Users\egeorge013\.m2\repository\com\github\docker-java\docker-java\3.3.3\docker-java-3.3.3.jar;C:\Users\egeorge013\.m2\repository\com\github\docker-java\docker-java-core\3.3.3\docker-java-core-3.3.3.jar;C:\Users\egeorge013\.m2\repository\com\github\docker-java\docker-java-api\3.3.3\docker-java-api-3.3.3.jar;C:\Users\egeorge013\.m2\repository\org\bouncycastle\bcpkix-jdk18on\1.75\bcpkix-jdk18on-1.75.jar;C:\Users\egeorge013\.m2\repository\org\bouncycastle\bcprov-jdk18on\1.75\bcprov-jdk18on-1.75.jar;C:\Users\egeorge013\.m2\repository\org\bouncycastle\bcutil-jdk18on\1.75\bcutil-jdk18on-1.75.jar;C:\Users\egeorge013\.m2\repository\org\slf4j\jcl-over-slf4j\1.7.30\jcl-over-slf4j-1.7.30.jar;C:\Users\egeorge013\.m2\repository\com\github\docker-java\docker-java-transport-httpclient5\3.3.3\docker-java-transport-httpclient5-3.3.3.jar;C:\Users\egeorge013\.m2\repository\com\github\docker-java\docker-java-transport\3.3.3\docker-java-transport-3.3.3.jar;C:\Users\egeorge013\.m2\repository\net\java\dev\jna\jna\5.12.1\jna-5.12.1.jar;C:\Users\egeorge013\.m2\repository\org\brotli\dec\0.1.2\dec-0.1.2.jar;C:\Users\egeorge013\.m2\repository\org\apache\httpcomponents\client5\httpclient5\5.2.1\httpclient5-5.2.1.jar;C:\Users\egeorge013\.m2\repository\org\apache\httpcomponents\core5\httpcore5\5.2\httpcore5-5.2.jar;C:\Users\egeorge013\.m2\repository\org\apache\httpcomponents\core5\httpcore5-h2\5.2\httpcore5-h2-5.2.jar;C:\Users\egeorge013\.m2\repository\io\appium\java-client\8.3.0\java-client-8.3.0.jar;C:\Users\egeorge013\.m2\repository\cglib\cglib\3.3.0\cglib-3.3.0.jar;C:\Users\egeorge013\.m2\repository\org\ow2\asm\asm\7.1\asm-7.1.jar;C:\Users\egeorge013\.m2\repository\commons-validator\commons-validator\1.7\commons-validator-1.7.jar;C:\Users\egeorge013\.m2\repository\commons-beanutils\commons-beanutils\1.9.4\commons-beanutils-1.9.4.jar;C:\Users\egeorge013\.m2\repository\commons-digester\commons-digester\2.1\commons-digester-2.1.jar;C:\Users\egeorge013\.m2\repository\commons-logging\commons-logging\1.2\commons-logging-1.2.jar;C:\Users\egeorge013\.m2\repository\commons-collections\commons-collections\3.2.2\commons-collections-3.2.2.jar;C:\Users\egeorge013\.m2\repository\commons-io\commons-io\2.11.0\commons-io-2.11.0.jar;C:\Users\egeorge013\.m2\repository\io\rest-assured\rest-assured\5.3.0\rest-assured-5.3.0.jar;C:\Users\egeorge013\.m2\repository\org\apache\groovy\groovy\4.0.6\groovy-4.0.6.jar;C:\Users\egeorge013\.m2\repository\org\apache\groovy\groovy-xml\4.0.6\groovy-xml-4.0.6.jar;C:\Users\egeorge013\.m2\repository\org\apache\httpcomponents\httpclient\4.5.13\httpclient-4.5.13.jar;C:\Users\egeorge013\.m2\repository\org\apache\httpcomponents\httpcore\4.4.13\httpcore-4.4.13.jar;C:\Users\egeorge013\.m2\repository\org\apache\httpcomponents\httpmime\4.5.13\httpmime-4.5.13.jar;C:\Users\egeorge013\.m2\repository\org\hamcrest\hamcrest\2.1\hamcrest-2.1.jar;C:\Users\egeorge013\.m2\repository\org\ccil\cowan\tagsoup\tagsoup\1.2.1\tagsoup-1.2.1.jar;C:\Users\egeorge013\.m2\repository\io\rest-assured\json-path\5.3.0\json-path-5.3.0.jar;C:\Users\egeorge013\.m2\repository\org\apache\groovy\groovy-json\4.0.6\groovy-json-4.0.6.jar;C:\Users\egeorge013\.m2\repository\io\rest-assured\rest-assured-common\5.3.0\rest-assured-common-5.3.0.jar;C:\Users\egeorge013\.m2\repository\io\rest-assured\xml-path\5.3.0\xml-path-5.3.0.jar;C:\Users\egeorge013\.m2\repository\org\apache\poi\poi\5.2.2\poi-5.2.2.jar;C:\Users\egeorge013\.m2\repository\commons-codec\commons-codec\1.15\commons-codec-1.15.jar;C:\Users\egeorge013\.m2\repository\org\apache\commons\commons-collections4\4.4\commons-collections4-4.4.jar;C:\Users\egeorge013\.m2\repository\org\apache\commons\commons-math3\3.6.1\commons-math3-3.6.1.jar;C:\Users\egeorge013\.m2\repository\com\zaxxer\SparseBitSet\1.2\SparseBitSet-1.2.jar;C:\Users\egeorge013\.m2\repository\org\apache\poi\poi-ooxml\5.2.2\poi-ooxml-5.2.2.jar;C:\Users\egeorge013\.m2\repository\org\apache\poi\poi-ooxml-lite\5.2.2\poi-ooxml-lite-5.2.2.jar;C:\Users\egeorge013\.m2\repository\org\apache\xmlbeans\xmlbeans\5.0.3\xmlbeans-5.0.3.jar;C:\Users\egeorge013\.m2\repository\org\apache\commons\commons-compress\1.21\commons-compress-1.21.jar;C:\Users\egeorge013\.m2\repository\com\github\virtuald\curvesapi\1.07\curvesapi-1.07.jar;C:\Users\egeorge013\.m2\repository\org\apache\logging\log4j\log4j-core\2.19.0\log4j-core-2.19.0.jar;C:\Users\egeorge013\.m2\repository\org\apache\logging\log4j\log4j-api\2.19.0\log4j-api-2.19.0.jar;C:\Users\egeorge013\.m2\repository\org\yaml\snakeyaml\1.33\snakeyaml-1.33.jar;C:\Users\egeorge013\.m2\repository\com\github\romankh3\image-comparison\4.4.0\image-comparison-4.4.0.jar;C:\Users\egeorge013\.m2\repository\org\apache\commons\commons-lang3\3.12.0\commons-lang3-3.12.0.jar;C:\Users\egeorge013\.m2\repository\org\projectlombok\lombok\1.18.24\lombok-1.18.24.jar;C:\Users\egeorge013\.m2\repository\com\fasterxml\jackson\core\jackson-core\2.14.2\jackson-core-2.14.2.jar;C:\Users\egeorge013\.m2\repository\com\fasterxml\jackson\core\jackson-databind\2.14.2\jackson-databind-2.14.2.jar;C:\Users\egeorge013\.m2\repository\com\fasterxml\jackson\core\jackson-annotations\2.14.2\jackson-annotations-2.14.2.jar;C:\Users\egeorge013\.m2\repository\com\fasterxml\jackson\dataformat\jackson-dataformat-yaml\2.14.2\jackson-dataformat-yaml-2.14.2.jar;C:\Users\egeorge013\.m2\repository\org\json\json\20220924\json-20220924.jar;C:\Users\egeorge013\.m2\repository\com\googlecode\json-simple\json-simple\1.1.1\json-simple-1.1.1.jar;C:\Users\egeorge013\.m2\repository\junit\junit\4.10\junit-4.10.jar;C:\Users\egeorge013\.m2\repository\org\hamcrest\hamcrest-core\1.1\hamcrest-core-1.1.jar;C:\Users\egeorge013\.m2\repository\com\google\code\gson\gson\2.10.1\gson-2.10.1.jar;C:\Users\egeorge013\.m2\repository\io\swagger\parser\v3\swagger-parser\2.1.10\swagger-parser-2.1.10.jar;C:\Users\egeorge013\.m2\repository\io\swagger\parser\v3\swagger-parser-v2-converter\2.1.10\swagger-parser-v2-converter-2.1.10.jar;C:\Users\egeorge013\.m2\repository\io\swagger\swagger-core\1.6.9\swagger-core-1.6.9.jar;C:\Users\egeorge013\.m2\repository\io\swagger\swagger-models\1.6.9\swagger-models-1.6.9.jar;C:\Users\egeorge013\.m2\repository\io\swagger\swagger-annotations\1.6.9\swagger-annotations-1.6.9.jar;C:\Users\egeorge013\.m2\repository\javax\validation\validation-api\1.1.0.Final\validation-api-1.1.0.Final.jar;C:\Users\egeorge013\.m2\repository\io\swagger\swagger-parser\1.0.64\swagger-parser-1.0.64.jar;C:\Users\egeorge013\.m2\repository\io\swagger\swagger-compat-spec-parser\1.0.64\swagger-compat-spec-parser-1.0.64.jar;C:\Users\egeorge013\.m2\repository\com\github\java-json-tools\json-schema-validator\2.2.14\json-schema-validator-2.2.14.jar;C:\Users\egeorge013\.m2\repository\com\github\java-json-tools\jackson-coreutils-equivalence\1.0\jackson-coreutils-equivalence-1.0.jar;C:\Users\egeorge013\.m2\repository\com\github\java-json-tools\json-schema-core\1.2.14\json-schema-core-1.2.14.jar;C:\Users\egeorge013\.m2\repository\com\github\java-json-tools\uri-template\0.10\uri-template-0.10.jar;C:\Users\egeorge013\.m2\repository\org\mozilla\rhino\1.7.7.2\rhino-1.7.7.2.jar;C:\Users\egeorge013\.m2\repository\com\sun\mail\mailapi\1.6.2\mailapi-1.6.2.jar;C:\Users\egeorge013\.m2\repository\joda-time\joda-time\2.10.5\joda-time-2.10.5.jar;C:\Users\egeorge013\.m2\repository\com\googlecode\libphonenumber\libphonenumber\8.11.1\libphonenumber-8.11.1.jar;C:\Users\egeorge013\.m2\repository\net\sf\jopt-simple\jopt-simple\5.0.4\jopt-simple-5.0.4.jar;C:\Users\egeorge013\.m2\repository\com\github\java-json-tools\json-patch\1.13\json-patch-1.13.jar;C:\Users\egeorge013\.m2\repository\com\github\java-json-tools\msg-simple\1.2\msg-simple-1.2.jar;C:\Users\egeorge013\.m2\repository\com\github\java-json-tools\btf\1.3\btf-1.3.jar;C:\Users\egeorge013\.m2\repository\com\github\java-json-tools\jackson-coreutils\2.0\jackson-coreutils-2.0.jar;C:\Users\egeorge013\.m2\repository\io\swagger\core\v3\swagger-models\2.2.8\swagger-models-2.2.8.jar;C:\Users\egeorge013\.m2\repository\io\swagger\parser\v3\swagger-parser-core\2.1.10\swagger-parser-core-2.1.10.jar;C:\Users\egeorge013\.m2\repository\io\swagger\parser\v3\swagger-parser-v3\2.1.10\swagger-parser-v3-2.1.10.jar;C:\Users\egeorge013\.m2\repository\io\swagger\core\v3\swagger-core\2.2.8\swagger-core-2.2.8.jar;C:\Users\egeorge013\.m2\repository\jakarta\xml\bind\jakarta.xml.bind-api\2.3.2\jakarta.xml.bind-api-2.3.2.jar;C:\Users\egeorge013\.m2\repository\jakarta\activation\jakarta.activation-api\1.2.1\jakarta.activation-api-1.2.1.jar;C:\Users\egeorge013\.m2\repository\com\fasterxml\jackson\datatype\jackson-datatype-jsr310\2.14.0\jackson-datatype-jsr310-2.14.0.jar;C:\Users\egeorge013\.m2\repository\io\swagger\core\v3\swagger-annotations\2.2.8\swagger-annotations-2.2.8.jar;C:\Users\egeorge013\.m2\repository\jakarta\validation\jakarta.validation-api\2.0.2\jakarta.validation-api-2.0.2.jar;C:\Users\egeorge013\.m2\repository\com\microsoft\sqlserver\mssql-jdbc\12.2.0.jre11\mssql-jdbc-12.2.0.jre11.jar;C:\Users\egeorge013\.m2\repository\com\aventstack\extentreports\5.0.9\extentreports-5.0.9.jar;C:\Users\egeorge013\.m2\repository\io\reactivex\rxjava3\rxjava\3.0.4\rxjava-3.0.4.jar;C:\Users\egeorge013\.m2\repository\org\reactivestreams\reactive-streams\1.0.3\reactive-streams-1.0.3.jar;C:\Users\egeorge013\.m2\repository\org\freemarker\freemarker\2.3.30\freemarker-2.3.30.jar;C:\Users\egeorge013\.m2\repository\de\redsix\pdfcompare\1.1.61\pdfcompare-1.1.61.jar;C:\Users\egeorge013\.m2\repository\org\apache\pdfbox\pdfbox\2.0.25\pdfbox-2.0.25.jar;C:\Users\egeorge013\.m2\repository\org\apache\pdfbox\fontbox\2.0.25\fontbox-2.0.25.jar;C:\Users\egeorge013\.m2\repository\com\typesafe\config\1.4.2\config-1.4.2.jar;C:\Users\egeorge013\.m2\repository\ch\qos\logback\logback-classic\1.2.10\logback-classic-1.2.10.jar;C:\Users\egeorge013\.m2\repository\ch\qos\logback\logback-core\1.2.10\logback-core-1.2.10.jar;C:\Users\egeorge013\.m2\repository\commons-cli\commons-cli\1.5.0\commons-cli-1.5.0.jar;C:\Users\egeorge013\.m2\repository\org\assertj\assertj-core\3.24.2\assertj-core-3.24.2.jar;C:\Users\egeorge013\.m2\repository\net\bytebuddy\byte-buddy\1.12.21\byte-buddy-1.12.21.jar;C:\Users\egeorge013\.m2\repository\com\google\guava\guava\31.0.1-jre\guava-31.0.1-jre.jar;C:\Users\egeorge013\.m2\repository\com\google\guava\failureaccess\1.0.1\failureaccess-1.0.1.jar;C:\Users\egeorge013\.m2\repository\com\google\guava\listenablefuture\9999.0-empty-to-avoid-conflict-with-guava\listenablefuture-9999.0-empty-to-avoid-conflict-with-guava.jar;C:\Users\egeorge013\.m2\repository\com\google\code\findbugs\jsr305\3.0.2\jsr305-3.0.2.jar;C:\Users\egeorge013\.m2\repository\org\checkerframework\checker-qual\3.12.0\checker-qual-3.12.0.jar;C:\Users\egeorge013\.m2\repository\com\google\errorprone\error_prone_annotations\2.7.1\error_prone_annotations-2.7.1.jar;C:\Users\egeorge013\.m2\repository\com\google\j2objc\j2objc-annotations\1.3\j2objc-annotations-1.3.jar;C:\Users\egeorge013\.m2\repository\org\mongodb\mongo-java-driver\3.12.2\mongo-java-driver-3.12.2.jar;"/>
    <property name="java.vm.vendor" value="Eclipse Adoptium"/>
    <property name="sun.arch.data.model" value="64"/>
    <property name="user.variant" value=""/>
    <property name="java.vendor.url" value="https://adoptium.net/"/>
    <property name="user.timezone" value="Asia/Calcutta"/>
    <property name="os.name" value="Windows 11"/>
    <property name="java.vm.specification.version" value="17"/>
    <property name="sun.java.launcher" value="SUN_STANDARD"/>
    <property name="user.country" value="US"/>
    <property name="sun.boot.library.path" value="C:\Users\egeorge013\Documents\Softwares\eclipse-java-2023-09-R-win32-x86_64\eclipse\plugins\org.eclipse.justj.openjdk.hotspot.jre.full.win32.x86_64_17.0.8.v20230831-1047\jre\bin"/>
    <property name="sun.java.command" value="C:\Users\egeorge013\AppData\Local\Temp\surefire17786503313978993737\surefirebooter-20231011144119096_3.jar C:\Users\egeorge013\AppData\Local\Temp\surefire17786503313978993737 2023-10-11T14-41-18_030-jvmRun1 surefire-20231011144119096_1tmp surefire_0-20231011144119096_2tmp"/>
    <property name="jdk.debug" value="release"/>
    <property name="surefire.test.class.path" value="C:\Users\egeorge013\Documents\SCM10SFunctionalTests\target\test-classes;C:\Users\egeorge013\Documents\SCM10SFunctionalTests\target\classes;C:\Users\egeorge013\.m2\repository\org\seleniumhq\selenium\selenium-java\4.12.0\selenium-java-4.12.0.jar;C:\Users\egeorge013\.m2\repository\org\seleniumhq\selenium\selenium-api\4.12.0\selenium-api-4.12.0.jar;C:\Users\egeorge013\.m2\repository\org\seleniumhq\selenium\selenium-chrome-driver\4.12.0\selenium-chrome-driver-4.12.0.jar;C:\Users\egeorge013\.m2\repository\com\google\auto\service\auto-service-annotations\1.1.1\auto-service-annotations-1.1.1.jar;C:\Users\egeorge013\.m2\repository\org\seleniumhq\selenium\selenium-chromium-driver\4.12.0\selenium-chromium-driver-4.12.0.jar;C:\Users\egeorge013\.m2\repository\org\seleniumhq\selenium\selenium-json\4.12.0\selenium-json-4.12.0.jar;C:\Users\egeorge013\.m2\repository\org\seleniumhq\selenium\selenium-manager\4.12.0\selenium-manager-4.12.0.jar;C:\Users\egeorge013\.m2\repository\org\seleniumhq\selenium\selenium-devtools-v114\4.12.0\selenium-devtools-v114-4.12.0.jar;C:\Users\egeorge013\.m2\repository\org\seleniumhq\selenium\selenium-devtools-v115\4.12.0\selenium-devtools-v115-4.12.0.jar;C:\Users\egeorge013\.m2\repository\org\seleniumhq\selenium\selenium-devtools-v116\4.12.0\selenium-devtools-v116-4.12.0.jar;C:\Users\egeorge013\.m2\repository\org\seleniumhq\selenium\selenium-devtools-v85\4.12.0\selenium-devtools-v85-4.12.0.jar;C:\Users\egeorge013\.m2\repository\org\seleniumhq\selenium\selenium-edge-driver\4.12.0\selenium-edge-driver-4.12.0.jar;C:\Users\egeorge013\.m2\repository\org\seleniumhq\selenium\selenium-firefox-driver\4.12.0\selenium-firefox-driver-4.12.0.jar;C:\Users\egeorge013\.m2\repository\org\seleniumhq\selenium\selenium-http\4.12.0\selenium-http-4.12.0.jar;C:\Users\egeorge013\.m2\repository\dev\failsafe\failsafe\3.3.2\failsafe-3.3.2.jar;C:\Users\egeorge013\.m2\repository\org\seleniumhq\selenium\selenium-ie-driver\4.12.0\selenium-ie-driver-4.12.0.jar;C:\Users\egeorge013\.m2\repository\org\seleniumhq\selenium\selenium-remote-driver\4.12.0\selenium-remote-driver-4.12.0.jar;C:\Users\egeorge013\.m2\repository\io\netty\netty-buffer\4.1.96.Final\netty-buffer-4.1.96.Final.jar;C:\Users\egeorge013\.m2\repository\io\netty\netty-codec-http\4.1.96.Final\netty-codec-http-4.1.96.Final.jar;C:\Users\egeorge013\.m2\repository\io\netty\netty-codec\4.1.96.Final\netty-codec-4.1.96.Final.jar;C:\Users\egeorge013\.m2\repository\io\netty\netty-handler\4.1.96.Final\netty-handler-4.1.96.Final.jar;C:\Users\egeorge013\.m2\repository\io\netty\netty-common\4.1.96.Final\netty-common-4.1.96.Final.jar;C:\Users\egeorge013\.m2\repository\io\netty\netty-transport-classes-epoll\4.1.96.Final\netty-transport-classes-epoll-4.1.96.Final.jar;C:\Users\egeorge013\.m2\repository\io\netty\netty-transport-classes-kqueue\4.1.96.Final\netty-transport-classes-kqueue-4.1.96.Final.jar;C:\Users\egeorge013\.m2\repository\io\netty\netty-transport-native-epoll\4.1.96.Final\netty-transport-native-epoll-4.1.96.Final.jar;C:\Users\egeorge013\.m2\repository\io\netty\netty-transport-native-kqueue\4.1.96.Final\netty-transport-native-kqueue-4.1.96.Final.jar;C:\Users\egeorge013\.m2\repository\io\netty\netty-transport-native-unix-common\4.1.96.Final\netty-transport-native-unix-common-4.1.96.Final.jar;C:\Users\egeorge013\.m2\repository\io\netty\netty-transport\4.1.96.Final\netty-transport-4.1.96.Final.jar;C:\Users\egeorge013\.m2\repository\io\netty\netty-resolver\4.1.96.Final\netty-resolver-4.1.96.Final.jar;C:\Users\egeorge013\.m2\repository\io\opentelemetry\opentelemetry-api\1.28.0\opentelemetry-api-1.28.0.jar;C:\Users\egeorge013\.m2\repository\io\opentelemetry\opentelemetry-context\1.28.0\opentelemetry-context-1.28.0.jar;C:\Users\egeorge013\.m2\repository\io\opentelemetry\opentelemetry-exporter-logging\1.28.0\opentelemetry-exporter-logging-1.28.0.jar;C:\Users\egeorge013\.m2\repository\io\opentelemetry\opentelemetry-sdk-metrics\1.28.0\opentelemetry-sdk-metrics-1.28.0.jar;C:\Users\egeorge013\.m2\repository\io\opentelemetry\opentelemetry-extension-incubator\1.28.0-alpha\opentelemetry-extension-incubator-1.28.0-alpha.jar;C:\Users\egeorge013\.m2\repository\io\opentelemetry\opentelemetry-sdk-logs\1.28.0\opentelemetry-sdk-logs-1.28.0.jar;C:\Users\egeorge013\.m2\repository\io\opentelemetry\opentelemetry-sdk-common\1.28.0\opentelemetry-sdk-common-1.28.0.jar;C:\Users\egeorge013\.m2\repository\io\opentelemetry\opentelemetry-sdk-extension-autoconfigure-spi\1.28.0\opentelemetry-sdk-extension-autoconfigure-spi-1.28.0.jar;C:\Users\egeorge013\.m2\repository\io\opentelemetry\opentelemetry-sdk-extension-autoconfigure\1.28.0\opentelemetry-sdk-extension-autoconfigure-1.28.0.jar;C:\Users\egeorge013\.m2\repository\io\opentelemetry\opentelemetry-api-events\1.28.0-alpha\opentelemetry-api-events-1.28.0-alpha.jar;C:\Users\egeorge013\.m2\repository\io\opentelemetry\opentelemetry-sdk-trace\1.28.0\opentelemetry-sdk-trace-1.28.0.jar;C:\Users\egeorge013\.m2\repository\io\opentelemetry\opentelemetry-sdk\1.28.0\opentelemetry-sdk-1.28.0.jar;C:\Users\egeorge013\.m2\repository\io\opentelemetry\opentelemetry-semconv\1.28.0-alpha\opentelemetry-semconv-1.28.0-alpha.jar;C:\Users\egeorge013\.m2\repository\org\asynchttpclient\async-http-client\2.12.3\async-http-client-2.12.3.jar;C:\Users\egeorge013\.m2\repository\org\asynchttpclient\async-http-client-netty-utils\2.12.3\async-http-client-netty-utils-2.12.3.jar;C:\Users\egeorge013\.m2\repository\io\netty\netty-codec-socks\4.1.60.Final\netty-codec-socks-4.1.60.Final.jar;C:\Users\egeorge013\.m2\repository\io\netty\netty-handler-proxy\4.1.60.Final\netty-handler-proxy-4.1.60.Final.jar;C:\Users\egeorge013\.m2\repository\io\netty\netty-transport-native-epoll\4.1.60.Final\netty-transport-native-epoll-4.1.60.Final-linux-x86_64.jar;C:\Users\egeorge013\.m2\repository\io\netty\netty-transport-native-kqueue\4.1.60.Final\netty-transport-native-kqueue-4.1.60.Final-osx-x86_64.jar;C:\Users\egeorge013\.m2\repository\com\typesafe\netty\netty-reactive-streams\2.0.4\netty-reactive-streams-2.0.4.jar;C:\Users\egeorge013\.m2\repository\com\sun\activation\jakarta.activation\1.2.2\jakarta.activation-1.2.2.jar;C:\Users\egeorge013\.m2\repository\org\seleniumhq\selenium\selenium-os\4.12.0\selenium-os-4.12.0.jar;C:\Users\egeorge013\.m2\repository\org\apache\commons\commons-exec\1.3\commons-exec-1.3.jar;C:\Users\egeorge013\.m2\repository\org\seleniumhq\selenium\selenium-safari-driver\4.12.0\selenium-safari-driver-4.12.0.jar;C:\Users\egeorge013\.m2\repository\org\seleniumhq\selenium\selenium-support\4.12.0\selenium-support-4.12.0.jar;C:\Users\egeorge013\.m2\repository\org\testng\testng\7.7.1\testng-7.7.1.jar;C:\Users\egeorge013\.m2\repository\org\slf4j\slf4j-api\1.7.36\slf4j-api-1.7.36.jar;C:\Users\egeorge013\.m2\repository\com\beust\jcommander\1.82\jcommander-1.82.jar;C:\Users\egeorge013\.m2\repository\org\webjars\jquery\3.6.1\jquery-3.6.1.jar;C:\Users\egeorge013\.m2\repository\io\github\bonigarcia\webdrivermanager\5.5.3\webdrivermanager-5.5.3.jar;C:\Users\egeorge013\.m2\repository\com\github\docker-java\docker-java\3.3.3\docker-java-3.3.3.jar;C:\Users\egeorge013\.m2\repository\com\github\docker-java\docker-java-core\3.3.3\docker-java-core-3.3.3.jar;C:\Users\egeorge013\.m2\repository\com\github\docker-java\docker-java-api\3.3.3\docker-java-api-3.3.3.jar;C:\Users\egeorge013\.m2\repository\org\bouncycastle\bcpkix-jdk18on\1.75\bcpkix-jdk18on-1.75.jar;C:\Users\egeorge013\.m2\repository\org\bouncycastle\bcprov-jdk18on\1.75\bcprov-jdk18on-1.75.jar;C:\Users\egeorge013\.m2\repository\org\bouncycastle\bcutil-jdk18on\1.75\bcutil-jdk18on-1.75.jar;C:\Users\egeorge013\.m2\repository\org\slf4j\jcl-over-slf4j\1.7.30\jcl-over-slf4j-1.7.30.jar;C:\Users\egeorge013\.m2\repository\com\github\docker-java\docker-java-transport-httpclient5\3.3.3\docker-java-transport-httpclient5-3.3.3.jar;C:\Users\egeorge013\.m2\repository\com\github\docker-java\docker-java-transport\3.3.3\docker-java-transport-3.3.3.jar;C:\Users\egeorge013\.m2\repository\net\java\dev\jna\jna\5.12.1\jna-5.12.1.jar;C:\Users\egeorge013\.m2\repository\org\brotli\dec\0.1.2\dec-0.1.2.jar;C:\Users\egeorge013\.m2\repository\org\apache\httpcomponents\client5\httpclient5\5.2.1\httpclient5-5.2.1.jar;C:\Users\egeorge013\.m2\repository\org\apache\httpcomponents\core5\httpcore5\5.2\httpcore5-5.2.jar;C:\Users\egeorge013\.m2\repository\org\apache\httpcomponents\core5\httpcore5-h2\5.2\httpcore5-h2-5.2.jar;C:\Users\egeorge013\.m2\repository\io\appium\java-client\8.3.0\java-client-8.3.0.jar;C:\Users\egeorge013\.m2\repository\cglib\cglib\3.3.0\cglib-3.3.0.jar;C:\Users\egeorge013\.m2\repository\org\ow2\asm\asm\7.1\asm-7.1.jar;C:\Users\egeorge013\.m2\repository\commons-validator\commons-validator\1.7\commons-validator-1.7.jar;C:\Users\egeorge013\.m2\repository\commons-beanutils\commons-beanutils\1.9.4\commons-beanutils-1.9.4.jar;C:\Users\egeorge013\.m2\repository\commons-digester\commons-digester\2.1\commons-digester-2.1.jar;C:\Users\egeorge013\.m2\repository\commons-logging\commons-logging\1.2\commons-logging-1.2.jar;C:\Users\egeorge013\.m2\repository\commons-collections\commons-collections\3.2.2\commons-collections-3.2.2.jar;C:\Users\egeorge013\.m2\repository\commons-io\commons-io\2.11.0\commons-io-2.11.0.jar;C:\Users\egeorge013\.m2\repository\io\rest-assured\rest-assured\5.3.0\rest-assured-5.3.0.jar;C:\Users\egeorge013\.m2\repository\org\apache\groovy\groovy\4.0.6\groovy-4.0.6.jar;C:\Users\egeorge013\.m2\repository\org\apache\groovy\groovy-xml\4.0.6\groovy-xml-4.0.6.jar;C:\Users\egeorge013\.m2\repository\org\apache\httpcomponents\httpclient\4.5.13\httpclient-4.5.13.jar;C:\Users\egeorge013\.m2\repository\org\apache\httpcomponents\httpcore\4.4.13\httpcore-4.4.13.jar;C:\Users\egeorge013\.m2\repository\org\apache\httpcomponents\httpmime\4.5.13\httpmime-4.5.13.jar;C:\Users\egeorge013\.m2\repository\org\hamcrest\hamcrest\2.1\hamcrest-2.1.jar;C:\Users\egeorge013\.m2\repository\org\ccil\cowan\tagsoup\tagsoup\1.2.1\tagsoup-1.2.1.jar;C:\Users\egeorge013\.m2\repository\io\rest-assured\json-path\5.3.0\json-path-5.3.0.jar;C:\Users\egeorge013\.m2\repository\org\apache\groovy\groovy-json\4.0.6\groovy-json-4.0.6.jar;C:\Users\egeorge013\.m2\repository\io\rest-assured\rest-assured-common\5.3.0\rest-assured-common-5.3.0.jar;C:\Users\egeorge013\.m2\repository\io\rest-assured\xml-path\5.3.0\xml-path-5.3.0.jar;C:\Users\egeorge013\.m2\repository\org\apache\poi\poi\5.2.2\poi-5.2.2.jar;C:\Users\egeorge013\.m2\repository\commons-codec\commons-codec\1.15\commons-codec-1.15.jar;C:\Users\egeorge013\.m2\repository\org\apache\commons\commons-collections4\4.4\commons-collections4-4.4.jar;C:\Users\egeorge013\.m2\repository\org\apache\commons\commons-math3\3.6.1\commons-math3-3.6.1.jar;C:\Users\egeorge013\.m2\repository\com\zaxxer\SparseBitSet\1.2\SparseBitSet-1.2.jar;C:\Users\egeorge013\.m2\repository\org\apache\poi\poi-ooxml\5.2.2\poi-ooxml-5.2.2.jar;C:\Users\egeorge013\.m2\repository\org\apache\poi\poi-ooxml-lite\5.2.2\poi-ooxml-lite-5.2.2.jar;C:\Users\egeorge013\.m2\repository\org\apache\xmlbeans\xmlbeans\5.0.3\xmlbeans-5.0.3.jar;C:\Users\egeorge013\.m2\repository\org\apache\commons\commons-compress\1.21\commons-compress-1.21.jar;C:\Users\egeorge013\.m2\repository\com\github\virtuald\curvesapi\1.07\curvesapi-1.07.jar;C:\Users\egeorge013\.m2\repository\org\apache\logging\log4j\log4j-core\2.19.0\log4j-core-2.19.0.jar;C:\Users\egeorge013\.m2\repository\org\apache\logging\log4j\log4j-api\2.19.0\log4j-api-2.19.0.jar;C:\Users\egeorge013\.m2\repository\org\yaml\snakeyaml\1.33\snakeyaml-1.33.jar;C:\Users\egeorge013\.m2\repository\com\github\romankh3\image-comparison\4.4.0\image-comparison-4.4.0.jar;C:\Users\egeorge013\.m2\repository\org\apache\commons\commons-lang3\3.12.0\commons-lang3-3.12.0.jar;C:\Users\egeorge013\.m2\repository\org\projectlombok\lombok\1.18.24\lombok-1.18.24.jar;C:\Users\egeorge013\.m2\repository\com\fasterxml\jackson\core\jackson-core\2.14.2\jackson-core-2.14.2.jar;C:\Users\egeorge013\.m2\repository\com\fasterxml\jackson\core\jackson-databind\2.14.2\jackson-databind-2.14.2.jar;C:\Users\egeorge013\.m2\repository\com\fasterxml\jackson\core\jackson-annotations\2.14.2\jackson-annotations-2.14.2.jar;C:\Users\egeorge013\.m2\repository\com\fasterxml\jackson\dataformat\jackson-dataformat-yaml\2.14.2\jackson-dataformat-yaml-2.14.2.jar;C:\Users\egeorge013\.m2\repository\org\json\json\20220924\json-20220924.jar;C:\Users\egeorge013\.m2\repository\com\googlecode\json-simple\json-simple\1.1.1\json-simple-1.1.1.jar;C:\Users\egeorge013\.m2\repository\junit\junit\4.10\junit-4.10.jar;C:\Users\egeorge013\.m2\repository\org\hamcrest\hamcrest-core\1.1\hamcrest-core-1.1.jar;C:\Users\egeorge013\.m2\repository\com\google\code\gson\gson\2.10.1\gson-2.10.1.jar;C:\Users\egeorge013\.m2\repository\io\swagger\parser\v3\swagger-parser\2.1.10\swagger-parser-2.1.10.jar;C:\Users\egeorge013\.m2\repository\io\swagger\parser\v3\swagger-parser-v2-converter\2.1.10\swagger-parser-v2-converter-2.1.10.jar;C:\Users\egeorge013\.m2\repository\io\swagger\swagger-core\1.6.9\swagger-core-1.6.9.jar;C:\Users\egeorge013\.m2\repository\io\swagger\swagger-models\1.6.9\swagger-models-1.6.9.jar;C:\Users\egeorge013\.m2\repository\io\swagger\swagger-annotations\1.6.9\swagger-annotations-1.6.9.jar;C:\Users\egeorge013\.m2\repository\javax\validation\validation-api\1.1.0.Final\validation-api-1.1.0.Final.jar;C:\Users\egeorge013\.m2\repository\io\swagger\swagger-parser\1.0.64\swagger-parser-1.0.64.jar;C:\Users\egeorge013\.m2\repository\io\swagger\swagger-compat-spec-parser\1.0.64\swagger-compat-spec-parser-1.0.64.jar;C:\Users\egeorge013\.m2\repository\com\github\java-json-tools\json-schema-validator\2.2.14\json-schema-validator-2.2.14.jar;C:\Users\egeorge013\.m2\repository\com\github\java-json-tools\jackson-coreutils-equivalence\1.0\jackson-coreutils-equivalence-1.0.jar;C:\Users\egeorge013\.m2\repository\com\github\java-json-tools\json-schema-core\1.2.14\json-schema-core-1.2.14.jar;C:\Users\egeorge013\.m2\repository\com\github\java-json-tools\uri-template\0.10\uri-template-0.10.jar;C:\Users\egeorge013\.m2\repository\org\mozilla\rhino\1.7.7.2\rhino-1.7.7.2.jar;C:\Users\egeorge013\.m2\repository\com\sun\mail\mailapi\1.6.2\mailapi-1.6.2.jar;C:\Users\egeorge013\.m2\repository\joda-time\joda-time\2.10.5\joda-time-2.10.5.jar;C:\Users\egeorge013\.m2\repository\com\googlecode\libphonenumber\libphonenumber\8.11.1\libphonenumber-8.11.1.jar;C:\Users\egeorge013\.m2\repository\net\sf\jopt-simple\jopt-simple\5.0.4\jopt-simple-5.0.4.jar;C:\Users\egeorge013\.m2\repository\com\github\java-json-tools\json-patch\1.13\json-patch-1.13.jar;C:\Users\egeorge013\.m2\repository\com\github\java-json-tools\msg-simple\1.2\msg-simple-1.2.jar;C:\Users\egeorge013\.m2\repository\com\github\java-json-tools\btf\1.3\btf-1.3.jar;C:\Users\egeorge013\.m2\repository\com\github\java-json-tools\jackson-coreutils\2.0\jackson-coreutils-2.0.jar;C:\Users\egeorge013\.m2\repository\io\swagger\core\v3\swagger-models\2.2.8\swagger-models-2.2.8.jar;C:\Users\egeorge013\.m2\repository\io\swagger\parser\v3\swagger-parser-core\2.1.10\swagger-parser-core-2.1.10.jar;C:\Users\egeorge013\.m2\repository\io\swagger\parser\v3\swagger-parser-v3\2.1.10\swagger-parser-v3-2.1.10.jar;C:\Users\egeorge013\.m2\repository\io\swagger\core\v3\swagger-core\2.2.8\swagger-core-2.2.8.jar;C:\Users\egeorge013\.m2\repository\jakarta\xml\bind\jakarta.xml.bind-api\2.3.2\jakarta.xml.bind-api-2.3.2.jar;C:\Users\egeorge013\.m2\repository\jakarta\activation\jakarta.activation-api\1.2.1\jakarta.activation-api-1.2.1.jar;C:\Users\egeorge013\.m2\repository\com\fasterxml\jackson\datatype\jackson-datatype-jsr310\2.14.0\jackson-datatype-jsr310-2.14.0.jar;C:\Users\egeorge013\.m2\repository\io\swagger\core\v3\swagger-annotations\2.2.8\swagger-annotations-2.2.8.jar;C:\Users\egeorge013\.m2\repository\jakarta\validation\jakarta.validation-api\2.0.2\jakarta.validation-api-2.0.2.jar;C:\Users\egeorge013\.m2\repository\com\microsoft\sqlserver\mssql-jdbc\12.2.0.jre11\mssql-jdbc-12.2.0.jre11.jar;C:\Users\egeorge013\.m2\repository\com\aventstack\extentreports\5.0.9\extentreports-5.0.9.jar;C:\Users\egeorge013\.m2\repository\io\reactivex\rxjava3\rxjava\3.0.4\rxjava-3.0.4.jar;C:\Users\egeorge013\.m2\repository\org\reactivestreams\reactive-streams\1.0.3\reactive-streams-1.0.3.jar;C:\Users\egeorge013\.m2\repository\org\freemarker\freemarker\2.3.30\freemarker-2.3.30.jar;C:\Users\egeorge013\.m2\repository\de\redsix\pdfcompare\1.1.61\pdfcompare-1.1.61.jar;C:\Users\egeorge013\.m2\repository\org\apache\pdfbox\pdfbox\2.0.25\pdfbox-2.0.25.jar;C:\Users\egeorge013\.m2\repository\org\apache\pdfbox\fontbox\2.0.25\fontbox-2.0.25.jar;C:\Users\egeorge013\.m2\repository\com\typesafe\config\1.4.2\config-1.4.2.jar;C:\Users\egeorge013\.m2\repository\ch\qos\logback\logback-classic\1.2.10\logback-classic-1.2.10.jar;C:\Users\egeorge013\.m2\repository\ch\qos\logback\logback-core\1.2.10\logback-core-1.2.10.jar;C:\Users\egeorge013\.m2\repository\commons-cli\commons-cli\1.5.0\commons-cli-1.5.0.jar;C:\Users\egeorge013\.m2\repository\org\assertj\assertj-core\3.24.2\assertj-core-3.24.2.jar;C:\Users\egeorge013\.m2\repository\net\bytebuddy\byte-buddy\1.12.21\byte-buddy-1.12.21.jar;C:\Users\egeorge013\.m2\repository\com\google\guava\guava\31.0.1-jre\guava-31.0.1-jre.jar;C:\Users\egeorge013\.m2\repository\com\google\guava\failureaccess\1.0.1\failureaccess-1.0.1.jar;C:\Users\egeorge013\.m2\repository\com\google\guava\listenablefuture\9999.0-empty-to-avoid-conflict-with-guava\listenablefuture-9999.0-empty-to-avoid-conflict-with-guava.jar;C:\Users\egeorge013\.m2\repository\com\google\code\findbugs\jsr305\3.0.2\jsr305-3.0.2.jar;C:\Users\egeorge013\.m2\repository\org\checkerframework\checker-qual\3.12.0\checker-qual-3.12.0.jar;C:\Users\egeorge013\.m2\repository\com\google\errorprone\error_prone_annotations\2.7.1\error_prone_annotations-2.7.1.jar;C:\Users\egeorge013\.m2\repository\com\google\j2objc\j2objc-annotations\1.3\j2objc-annotations-1.3.jar;C:\Users\egeorge013\.m2\repository\org\mongodb\mongo-java-driver\3.12.2\mongo-java-driver-3.12.2.jar;"/>
    <property name="sun.cpu.endian" value="little"/>
    <property name="user.home" value="C:\Users\egeorge013"/>
    <property name="user.language" value="en"/>
    <property name="java.specification.vendor" value="Oracle Corporation"/>
    <property name="java.version.date" value="2023-08-24"/>
    <property name="java.home" value="C:\Users\egeorge013\Documents\Softwares\eclipse-java-2023-09-R-win32-x86_64\eclipse\plugins\org.eclipse.justj.openjdk.hotspot.jre.full.win32.x86_64_17.0.8.v20230831-1047\jre"/>
    <property name="file.separator" value="\"/>
    <property name="style.color" value="always"/>
    <property name="basedir" value="C:\Users\egeorge013\Documents\SCM10SFunctionalTests"/>
    <property name="java.vm.compressedOopsMode" value="Zero based"/>
    <property name="line.separator" value="&#10;"/>
    <property name="java.vm.specification.vendor" value="Oracle Corporation"/>
    <property name="java.specification.name" value="Java Platform API Specification"/>
    <property name="surefire.real.class.path" value="C:\Users\egeorge013\AppData\Local\Temp\surefire17786503313978993737\surefirebooter-20231011144119096_3.jar"/>
    <property name="user.script" value=""/>
    <property name="sun.management.compiler" value="HotSpot 64-Bit Tiered Compilers"/>
    <property name="java.runtime.version" value="17.0.8.1+1"/>
    <property name="user.name" value="egeorge013"/>
    <property name="path.separator" value=";"/>
    <property name="os.version" value="10.0"/>
    <property name="java.runtime.name" value="OpenJDK Runtime Environment"/>
    <property name="file.encoding" value="Cp1252"/>
    <property name="java.vm.name" value="OpenJDK 64-Bit Server VM"/>
    <property name="java.vendor.version" value="Temurin-17.0.8.1+1"/>
    <property name="localRepository" value="C:\Users\egeorge013\.m2\repository"/>
    <property name="java.vendor.url.bug" value="https://github.com/adoptium/adoptium-support/issues"/>
    <property name="java.io.tmpdir" value="C:\Users\EGEORG~1\AppData\Local\Temp\"/>
    <property name="java.version" value="17.0.8.1"/>
    <property name="user.dir" value="C:\Users\egeorge013\Documents\SCM10SFunctionalTests"/>
    <property name="os.arch" value="amd64"/>
    <property name="java.vm.specification.name" value="Java Virtual Machine Specification"/>
    <property name="sun.os.patch.level" value=""/>
    <property name="native.encoding" value="Cp1252"/>
    <property name="java.library.path" value="C:\Users\egeorge013\Documents\Softwares\eclipse-java-2023-09-R-win32-x86_64\eclipse\plugins\org.eclipse.justj.openjdk.hotspot.jre.full.win32.x86_64_17.0.8.v20230831-1047\jre\bin;C:\WINDOWS\Sun\Java\bin;C:\WINDOWS\system32;C:\WINDOWS;C:/Users/egeorge013/Documents/Softwares/eclipse-java-2023-09-R-win32-x86_64/eclipse//plugins/org.eclipse.justj.openjdk.hotspot.jre.full.win32.x86_64_17.0.8.v20230831-1047/jre/bin/server;C:/Users/egeorge013/Documents/Softwares/eclipse-java-2023-09-R-win32-x86_64/eclipse//plugins/org.eclipse.justj.openjdk.hotspot.jre.full.win32.x86_64_17.0.8.v20230831-1047/jre/bin;C:\Program Files\Zulu\zulu-11\bin\;C:\WINDOWS\system32;C:\WINDOWS;C:\WINDOWS\System32\Wbem;C:\WINDOWS\System32\WindowsPowerShell\v1.0\;C:\WINDOWS\System32\OpenSSH\;C:\Users\egeorge013\AppData\Local\Microsoft\WindowsApps;C:\Users\egeorge013\AppData\Local\Programs\Git\cmd;C:\Users\egeorge013\Documents\Softwares\eclipse-java-2023-09-R-win32-x86_64\eclipse;;."/>
    <property name="java.vm.info" value="mixed mode"/>
    <property name="java.vendor" value="Eclipse Adoptium"/>
    <property name="java.vm.version" value="17.0.8.1+1"/>
    <property name="sun.io.unicode.encoding" value="UnicodeLittle"/>
    <property name="java.class.version" value="61.0"/>
  </properties>
  <testcase name="classPreRequisites" classname="alectra.tests.scp.LoginAlectraTests" time="2.042">
    <failure message="&#10;Parameter &apos;platformType&apos; is required by BeforeClass on method classPreRequisites but has not been marked @Optional or defined&#10;" type="org.testng.TestNGException"><![CDATA[org.testng.TestNGException: 

Parameter 'platformType' is required by BeforeClass on method classPreRequisites but has not been marked @Optional or defined

	at org.testng.internal.Parameters.createParams(Parameters.java:267)
	at org.testng.internal.Parameters.createParametersForMethod(Parameters.java:355)
	at org.testng.internal.Parameters.createParameters(Parameters.java:684)
	at org.testng.internal.Parameters.createConfigurationParameters(Parameters.java:166)
	at org.testng.internal.invokers.ConfigInvoker.invokeConfigurations(ConfigInvoker.java:277)
	at org.testng.internal.invokers.TestMethodWorker.invokeBeforeClassMethods(TestMethodWorker.java:180)
	at org.testng.internal.invokers.TestMethodWorker.run(TestMethodWorker.java:122)
	at java.base/java.util.ArrayList.forEach(ArrayList.java:1511)
	at org.testng.TestRunner.privateRun(TestRunner.java:829)
	at org.testng.TestRunner.run(TestRunner.java:602)
	at org.testng.SuiteRunner.runTest(SuiteRunner.java:437)
	at org.testng.SuiteRunner.runSequentially(SuiteRunner.java:431)
	at org.testng.SuiteRunner.privateRun(SuiteRunner.java:391)
	at org.testng.SuiteRunner.run(SuiteRunner.java:330)
	at org.testng.SuiteRunnerWorker.runSuite(SuiteRunnerWorker.java:52)
	at org.testng.SuiteRunnerWorker.run(SuiteRunnerWorker.java:95)
	at org.testng.TestNG.runSuitesSequentially(TestNG.java:1256)
	at org.testng.TestNG.runSuitesLocally(TestNG.java:1176)
	at org.testng.TestNG.runSuites(TestNG.java:1099)
	at org.testng.TestNG.run(TestNG.java:1067)
	at org.apache.maven.surefire.testng.TestNGExecutor.run(TestNGExecutor.java:155)
	at org.apache.maven.surefire.testng.TestNGDirectoryTestSuite.executeMulti(TestNGDirectoryTestSuite.java:169)
	at org.apache.maven.surefire.testng.TestNGDirectoryTestSuite.execute(TestNGDirectoryTestSuite.java:88)
	at org.apache.maven.surefire.testng.TestNGProvider.invoke(TestNGProvider.java:137)
	at org.apache.maven.surefire.booter.ForkedBooter.runSuitesInProcess(ForkedBooter.java:385)
	at org.apache.maven.surefire.booter.ForkedBooter.execute(ForkedBooter.java:162)
	at org.apache.maven.surefire.booter.ForkedBooter.run(ForkedBooter.java:507)
	at org.apache.maven.surefire.booter.ForkedBooter.main(ForkedBooter.java:495)
]]></failure>
    <system-out><![CDATA[14:41:23.044 WARN  config.Configuration (Configuration.java:231) - QA env being used by default. No env property set. This can be set in the sew.app.yml config file with a '{}=' property or on the command line with the switch '-D{}='.
]]></system-out>
  </testcase>
  <testcase name="methodsPreRequisites" classname="alectra.tests.scp.LoginAlectraTests" time="0.0">
    <skipped/>
  </testcase>
  <testcase name="verifyValidLogin" classname="alectra.tests.scp.LoginAlectraTests" time="0.0">
    <skipped message="&#10;Parameter &apos;platformType&apos; is required by BeforeClass on method classPreRequisites but has not been marked @Optional or defined&#10;"/>
  </testcase>
  <testcase name="tearDownMethods" classname="alectra.tests.scp.LoginAlectraTests" time="0.0">
    <skipped/>
  </testcase>
  <testcase name="tearDownClasses" classname="alectra.tests.scp.LoginAlectraTests" time="0.0">
    <skipped/>
  </testcase>
  <testcase name="classPreRequisites" classname="alectra.tests.scp.ResBillPayHistoryTests" time="0.005">
    <failure message="&#10;Parameter &apos;platformType&apos; is required by BeforeClass on method classPreRequisites but has not been marked @Optional or defined&#10;" type="org.testng.TestNGException"><![CDATA[org.testng.TestNGException: 

Parameter 'platformType' is required by BeforeClass on method classPreRequisites but has not been marked @Optional or defined

	at org.testng.internal.Parameters.createParams(Parameters.java:267)
	at org.testng.internal.Parameters.createParametersForMethod(Parameters.java:355)
	at org.testng.internal.Parameters.createParameters(Parameters.java:684)
	at org.testng.internal.Parameters.createConfigurationParameters(Parameters.java:166)
	at org.testng.internal.invokers.ConfigInvoker.invokeConfigurations(ConfigInvoker.java:277)
	at org.testng.internal.invokers.TestMethodWorker.invokeBeforeClassMethods(TestMethodWorker.java:180)
	at org.testng.internal.invokers.TestMethodWorker.run(TestMethodWorker.java:122)
	at java.base/java.util.ArrayList.forEach(ArrayList.java:1511)
	at org.testng.TestRunner.privateRun(TestRunner.java:829)
	at org.testng.TestRunner.run(TestRunner.java:602)
	at org.testng.SuiteRunner.runTest(SuiteRunner.java:437)
	at org.testng.SuiteRunner.runSequentially(SuiteRunner.java:431)
	at org.testng.SuiteRunner.privateRun(SuiteRunner.java:391)
	at org.testng.SuiteRunner.run(SuiteRunner.java:330)
	at org.testng.SuiteRunnerWorker.runSuite(SuiteRunnerWorker.java:52)
	at org.testng.SuiteRunnerWorker.run(SuiteRunnerWorker.java:95)
	at org.testng.TestNG.runSuitesSequentially(TestNG.java:1256)
	at org.testng.TestNG.runSuitesLocally(TestNG.java:1176)
	at org.testng.TestNG.runSuites(TestNG.java:1099)
	at org.testng.TestNG.run(TestNG.java:1067)
	at org.apache.maven.surefire.testng.TestNGExecutor.run(TestNGExecutor.java:155)
	at org.apache.maven.surefire.testng.TestNGDirectoryTestSuite.executeMulti(TestNGDirectoryTestSuite.java:169)
	at org.apache.maven.surefire.testng.TestNGDirectoryTestSuite.execute(TestNGDirectoryTestSuite.java:88)
	at org.apache.maven.surefire.testng.TestNGProvider.invoke(TestNGProvider.java:137)
	at org.apache.maven.surefire.booter.ForkedBooter.runSuitesInProcess(ForkedBooter.java:385)
	at org.apache.maven.surefire.booter.ForkedBooter.execute(ForkedBooter.java:162)
	at org.apache.maven.surefire.booter.ForkedBooter.run(ForkedBooter.java:507)
	at org.apache.maven.surefire.booter.ForkedBooter.main(ForkedBooter.java:495)
]]></failure>
  </testcase>
  <testcase name="methodsPreRequisites" classname="alectra.tests.scp.ResBillPayHistoryTests" time="0.0">
    <skipped/>
  </testcase>
  <testcase name="usageOverview" classname="alectra.tests.scp.ResBillPayHistoryTests" time="0.0">
    <skipped message="&#10;Parameter &apos;platformType&apos; is required by BeforeClass on method classPreRequisites but has not been marked @Optional or defined&#10;"/>
  </testcase>
  <testcase name="tearDownMethods" classname="alectra.tests.scp.ResBillPayHistoryTests" time="0.0">
    <skipped/>
  </testcase>
  <testcase name="tearDownClasses" classname="alectra.tests.scp.ResBillPayHistoryTests" time="0.0">
    <skipped/>
  </testcase>
  <testcase name="classPreRequisites" classname="sew.ai.tests.csp.AdminCustomerTests" time="0.002">
    <failure message="&#10;Parameter &apos;platformType&apos; is required by BeforeClass on method classPreRequisites but has not been marked @Optional or defined&#10;" type="org.testng.TestNGException"><![CDATA[org.testng.TestNGException: 

Parameter 'platformType' is required by BeforeClass on method classPreRequisites but has not been marked @Optional or defined

	at org.testng.internal.Parameters.createParams(Parameters.java:267)
	at org.testng.internal.Parameters.createParametersForMethod(Parameters.java:355)
	at org.testng.internal.Parameters.createParameters(Parameters.java:684)
	at org.testng.internal.Parameters.createConfigurationParameters(Parameters.java:166)
	at org.testng.internal.invokers.ConfigInvoker.invokeConfigurations(ConfigInvoker.java:277)
	at org.testng.internal.invokers.TestMethodWorker.invokeBeforeClassMethods(TestMethodWorker.java:180)
	at org.testng.internal.invokers.TestMethodWorker.run(TestMethodWorker.java:122)
	at java.base/java.util.ArrayList.forEach(ArrayList.java:1511)
	at org.testng.TestRunner.privateRun(TestRunner.java:829)
	at org.testng.TestRunner.run(TestRunner.java:602)
	at org.testng.SuiteRunner.runTest(SuiteRunner.java:437)
	at org.testng.SuiteRunner.runSequentially(SuiteRunner.java:431)
	at org.testng.SuiteRunner.privateRun(SuiteRunner.java:391)
	at org.testng.SuiteRunner.run(SuiteRunner.java:330)
	at org.testng.SuiteRunnerWorker.runSuite(SuiteRunnerWorker.java:52)
	at org.testng.SuiteRunnerWorker.run(SuiteRunnerWorker.java:95)
	at org.testng.TestNG.runSuitesSequentially(TestNG.java:1256)
	at org.testng.TestNG.runSuitesLocally(TestNG.java:1176)
	at org.testng.TestNG.runSuites(TestNG.java:1099)
	at org.testng.TestNG.run(TestNG.java:1067)
	at org.apache.maven.surefire.testng.TestNGExecutor.run(TestNGExecutor.java:155)
	at org.apache.maven.surefire.testng.TestNGDirectoryTestSuite.executeMulti(TestNGDirectoryTestSuite.java:169)
	at org.apache.maven.surefire.testng.TestNGDirectoryTestSuite.execute(TestNGDirectoryTestSuite.java:88)
	at org.apache.maven.surefire.testng.TestNGProvider.invoke(TestNGProvider.java:137)
	at org.apache.maven.surefire.booter.ForkedBooter.runSuitesInProcess(ForkedBooter.java:385)
	at org.apache.maven.surefire.booter.ForkedBooter.execute(ForkedBooter.java:162)
	at org.apache.maven.surefire.booter.ForkedBooter.run(ForkedBooter.java:507)
	at org.apache.maven.surefire.booter.ForkedBooter.main(ForkedBooter.java:495)
]]></failure>
  </testcase>
  <testcase name="methodsPreRequisites" classname="sew.ai.tests.csp.AdminCustomerTests" time="0.0">
    <skipped/>
  </testcase>
  <testcase name="methodsPreRequisites" classname="sew.ai.tests.csp.AdminCustomerTests" time="0.0">
    <skipped/>
  </testcase>
  <testcase name="methodsPreRequisites" classname="sew.ai.tests.csp.AdminCustomerTests" time="0.0">
    <skipped/>
  </testcase>
  <testcase name="methodsPreRequisites" classname="sew.ai.tests.csp.AdminCustomerTests" time="0.0">
    <skipped/>
  </testcase>
  <testcase name="methodsPreRequisites" classname="sew.ai.tests.csp.AdminCustomerTests" time="0.0">
    <skipped/>
  </testcase>
  <testcase name="methodsPreRequisites" classname="sew.ai.tests.csp.AdminCustomerTests" time="0.0">
    <skipped/>
  </testcase>
  <testcase name="methodsPreRequisites" classname="sew.ai.tests.csp.AdminCustomerTests" time="0.0">
    <skipped/>
  </testcase>
  <testcase name="methodsPreRequisites" classname="sew.ai.tests.csp.AdminCustomerTests" time="0.0">
    <skipped/>
  </testcase>
  <testcase name="methodsPreRequisites" classname="sew.ai.tests.csp.AdminCustomerTests" time="0.0">
    <skipped/>
  </testcase>
  <testcase name="methodsPreRequisites" classname="sew.ai.tests.csp.AdminCustomerTests" time="0.0">
    <skipped/>
  </testcase>
  <testcase name="methodsPreRequisites" classname="sew.ai.tests.csp.AdminCustomerTests" time="0.0">
    <skipped/>
  </testcase>
  <testcase name="methodsPreRequisites" classname="sew.ai.tests.csp.AdminCustomerTests" time="0.0">
    <skipped/>
  </testcase>
  <testcase name="methodsPreRequisites" classname="sew.ai.tests.csp.AdminCustomerTests" time="0.0">
    <skipped/>
  </testcase>
  <testcase name="methodsPreRequisites" classname="sew.ai.tests.csp.AdminCustomerTests" time="0.0">
    <skipped/>
  </testcase>
  <testcase name="methodsPreRequisites" classname="sew.ai.tests.csp.AdminCustomerTests" time="0.0">
    <skipped/>
  </testcase>
  <testcase name="methodsPreRequisites" classname="sew.ai.tests.csp.AdminCustomerTests" time="0.0">
    <skipped/>
  </testcase>
  <testcase name="methodsPreRequisites" classname="sew.ai.tests.csp.AdminCustomerTests" time="0.0">
    <skipped/>
  </testcase>
  <testcase name="methodsPreRequisites" classname="sew.ai.tests.csp.AdminCustomerTests" time="0.0">
    <skipped/>
  </testcase>
  <testcase name="methodsPreRequisites" classname="sew.ai.tests.csp.AdminCustomerTests" time="0.0">
    <skipped/>
  </testcase>
  <testcase name="methodsPreRequisites" classname="sew.ai.tests.csp.AdminCustomerTests" time="0.0">
    <skipped/>
  </testcase>
  <testcase name="methodsPreRequisites" classname="sew.ai.tests.csp.AdminCustomerTests" time="0.0">
    <skipped/>
  </testcase>
  <testcase name="methodsPreRequisites" classname="sew.ai.tests.csp.AdminCustomerTests" time="0.0">
    <skipped/>
  </testcase>
  <testcase name="methodsPreRequisites" classname="sew.ai.tests.csp.AdminCustomerTests" time="0.0">
    <skipped/>
  </testcase>
  <testcase name="methodsPreRequisites" classname="sew.ai.tests.csp.AdminCustomerTests" time="0.0">
    <skipped/>
  </testcase>
  <testcase name="methodsPreRequisites" classname="sew.ai.tests.csp.AdminCustomerTests" time="0.0">
    <skipped/>
  </testcase>
  <testcase name="methodsPreRequisites" classname="sew.ai.tests.csp.AdminCustomerTests" time="0.0">
    <skipped/>
  </testcase>
  <testcase name="methodsPreRequisites" classname="sew.ai.tests.csp.AdminCustomerTests" time="0.0">
    <skipped/>
  </testcase>
  <testcase name="methodsPreRequisites" classname="sew.ai.tests.csp.AdminCustomerTests" time="0.0">
    <skipped/>
  </testcase>
  <testcase name="methodsPreRequisites" classname="sew.ai.tests.csp.AdminCustomerTests" time="0.0">
    <skipped/>
  </testcase>
  <testcase name="methodsPreRequisites" classname="sew.ai.tests.csp.AdminCustomerTests" time="0.0">
    <skipped/>
  </testcase>
  <testcase name="methodsPreRequisites" classname="sew.ai.tests.csp.AdminCustomerTests" time="0.0">
    <skipped/>
  </testcase>
  <testcase name="methodsPreRequisites" classname="sew.ai.tests.csp.AdminCustomerTests" time="0.0">
    <skipped/>
  </testcase>
  <testcase name="methodsPreRequisites" classname="sew.ai.tests.csp.AdminCustomerTests" time="0.0">
    <skipped/>
  </testcase>
  <testcase name="methodsPreRequisites" classname="sew.ai.tests.csp.AdminCustomerTests" time="0.0">
    <skipped/>
  </testcase>
  <testcase name="methodsPreRequisites" classname="sew.ai.tests.csp.AdminCustomerTests" time="0.0">
    <skipped/>
  </testcase>
  <testcase name="methodsPreRequisites" classname="sew.ai.tests.csp.AdminCustomerTests" time="0.0">
    <skipped/>
  </testcase>
  <testcase name="methodsPreRequisites" classname="sew.ai.tests.csp.AdminCustomerTests" time="0.0">
    <skipped/>
  </testcase>
  <testcase name="methodsPreRequisites" classname="sew.ai.tests.csp.AdminCustomerTests" time="0.0">
    <skipped/>
  </testcase>
  <testcase name="methodsPreRequisites" classname="sew.ai.tests.csp.AdminCustomerTests" time="0.0">
    <skipped/>
  </testcase>
  <testcase name="methodsPreRequisites" classname="sew.ai.tests.csp.AdminCustomerTests" time="0.0">
    <skipped/>
  </testcase>
  <testcase name="methodsPreRequisites" classname="sew.ai.tests.csp.AdminCustomerTests" time="0.0">
    <skipped/>
  </testcase>
  <testcase name="methodsPreRequisites" classname="sew.ai.tests.csp.AdminCustomerTests" time="0.0">
    <skipped/>
  </testcase>
  <testcase name="methodsPreRequisites" classname="sew.ai.tests.csp.AdminCustomerTests" time="0.0">
    <skipped/>
  </testcase>
  <testcase name="methodsPreRequisites" classname="sew.ai.tests.csp.AdminCustomerTests" time="0.0">
    <skipped/>
  </testcase>
  <testcase name="methodsPreRequisites" classname="sew.ai.tests.csp.AdminCustomerTests" time="0.0">
    <skipped/>
  </testcase>
  <testcase name="methodsPreRequisites" classname="sew.ai.tests.csp.AdminCustomerTests" time="0.0">
    <skipped/>
  </testcase>
  <testcase name="methodsPreRequisites" classname="sew.ai.tests.csp.AdminCustomerTests" time="0.0">
    <skipped/>
  </testcase>
  <testcase name="methodsPreRequisites" classname="sew.ai.tests.csp.AdminCustomerTests" time="0.0">
    <skipped/>
  </testcase>
  <testcase name="methodsPreRequisites" classname="sew.ai.tests.csp.AdminCustomerTests" time="0.0">
    <skipped/>
  </testcase>
  <testcase name="methodsPreRequisites" classname="sew.ai.tests.csp.AdminCustomerTests" time="0.0">
    <skipped/>
  </testcase>
  <testcase name="methodsPreRequisites" classname="sew.ai.tests.csp.AdminCustomerTests" time="0.0">
    <skipped/>
  </testcase>
  <testcase name="methodsPreRequisites" classname="sew.ai.tests.csp.AdminCustomerTests" time="0.0">
    <skipped/>
  </testcase>
  <testcase name="methodsPreRequisites" classname="sew.ai.tests.csp.AdminCustomerTests" time="0.0">
    <skipped/>
  </testcase>
  <testcase name="methodsPreRequisites" classname="sew.ai.tests.csp.AdminCustomerTests" time="0.0">
    <skipped/>
  </testcase>
  <testcase name="verifyActionAdvSearchFilterForCustomerTab" classname="sew.ai.tests.csp.AdminCustomerTests" time="0.0">
    <skipped message="&#10;Parameter &apos;platformType&apos; is required by BeforeClass on method classPreRequisites but has not been marked @Optional or defined&#10;"/>
  </testcase>
  <testcase name="tearDownMethods" classname="sew.ai.tests.csp.AdminCustomerTests" time="0.0">
    <skipped/>
  </testcase>
  <testcase name="tearDownMethods" classname="sew.ai.tests.csp.AdminCustomerTests" time="0.0">
    <skipped/>
  </testcase>
  <testcase name="tearDownMethods" classname="sew.ai.tests.csp.AdminCustomerTests" time="0.0">
    <skipped/>
  </testcase>
  <testcase name="tearDownMethods" classname="sew.ai.tests.csp.AdminCustomerTests" time="0.0">
    <skipped/>
  </testcase>
  <testcase name="tearDownMethods" classname="sew.ai.tests.csp.AdminCustomerTests" time="0.0">
    <skipped/>
  </testcase>
  <testcase name="tearDownMethods" classname="sew.ai.tests.csp.AdminCustomerTests" time="0.0">
    <skipped/>
  </testcase>
  <testcase name="tearDownMethods" classname="sew.ai.tests.csp.AdminCustomerTests" time="0.0">
    <skipped/>
  </testcase>
  <testcase name="tearDownMethods" classname="sew.ai.tests.csp.AdminCustomerTests" time="0.0">
    <skipped/>
  </testcase>
  <testcase name="tearDownMethods" classname="sew.ai.tests.csp.AdminCustomerTests" time="0.0">
    <skipped/>
  </testcase>
  <testcase name="tearDownMethods" classname="sew.ai.tests.csp.AdminCustomerTests" time="0.0">
    <skipped/>
  </testcase>
  <testcase name="tearDownMethods" classname="sew.ai.tests.csp.AdminCustomerTests" time="0.0">
    <skipped/>
  </testcase>
  <testcase name="tearDownMethods" classname="sew.ai.tests.csp.AdminCustomerTests" time="0.0">
    <skipped/>
  </testcase>
  <testcase name="tearDownMethods" classname="sew.ai.tests.csp.AdminCustomerTests" time="0.0">
    <skipped/>
  </testcase>
  <testcase name="tearDownMethods" classname="sew.ai.tests.csp.AdminCustomerTests" time="0.0">
    <skipped/>
  </testcase>
  <testcase name="tearDownMethods" classname="sew.ai.tests.csp.AdminCustomerTests" time="0.0">
    <skipped/>
  </testcase>
  <testcase name="tearDownMethods" classname="sew.ai.tests.csp.AdminCustomerTests" time="0.0">
    <skipped/>
  </testcase>
  <testcase name="tearDownMethods" classname="sew.ai.tests.csp.AdminCustomerTests" time="0.0">
    <skipped/>
  </testcase>
  <testcase name="tearDownMethods" classname="sew.ai.tests.csp.AdminCustomerTests" time="0.0">
    <skipped/>
  </testcase>
  <testcase name="tearDownMethods" classname="sew.ai.tests.csp.AdminCustomerTests" time="0.0">
    <skipped/>
  </testcase>
  <testcase name="tearDownMethods" classname="sew.ai.tests.csp.AdminCustomerTests" time="0.0">
    <skipped/>
  </testcase>
  <testcase name="tearDownMethods" classname="sew.ai.tests.csp.AdminCustomerTests" time="0.0">
    <skipped/>
  </testcase>
  <testcase name="tearDownMethods" classname="sew.ai.tests.csp.AdminCustomerTests" time="0.0">
    <skipped/>
  </testcase>
  <testcase name="tearDownMethods" classname="sew.ai.tests.csp.AdminCustomerTests" time="0.0">
    <skipped/>
  </testcase>
  <testcase name="tearDownMethods" classname="sew.ai.tests.csp.AdminCustomerTests" time="0.0">
    <skipped/>
  </testcase>
  <testcase name="tearDownMethods" classname="sew.ai.tests.csp.AdminCustomerTests" time="0.0">
    <skipped/>
  </testcase>
  <testcase name="tearDownMethods" classname="sew.ai.tests.csp.AdminCustomerTests" time="0.0">
    <skipped/>
  </testcase>
  <testcase name="tearDownMethods" classname="sew.ai.tests.csp.AdminCustomerTests" time="0.0">
    <skipped/>
  </testcase>
  <testcase name="tearDownMethods" classname="sew.ai.tests.csp.AdminCustomerTests" time="0.0">
    <skipped/>
  </testcase>
  <testcase name="tearDownMethods" classname="sew.ai.tests.csp.AdminCustomerTests" time="0.0">
    <skipped/>
  </testcase>
  <testcase name="tearDownMethods" classname="sew.ai.tests.csp.AdminCustomerTests" time="0.0">
    <skipped/>
  </testcase>
  <testcase name="tearDownMethods" classname="sew.ai.tests.csp.AdminCustomerTests" time="0.0">
    <skipped/>
  </testcase>
  <testcase name="tearDownMethods" classname="sew.ai.tests.csp.AdminCustomerTests" time="0.0">
    <skipped/>
  </testcase>
  <testcase name="tearDownMethods" classname="sew.ai.tests.csp.AdminCustomerTests" time="0.0">
    <skipped/>
  </testcase>
  <testcase name="tearDownMethods" classname="sew.ai.tests.csp.AdminCustomerTests" time="0.0">
    <skipped/>
  </testcase>
  <testcase name="tearDownMethods" classname="sew.ai.tests.csp.AdminCustomerTests" time="0.0">
    <skipped/>
  </testcase>
  <testcase name="tearDownMethods" classname="sew.ai.tests.csp.AdminCustomerTests" time="0.0">
    <skipped/>
  </testcase>
  <testcase name="tearDownMethods" classname="sew.ai.tests.csp.AdminCustomerTests" time="0.0">
    <skipped/>
  </testcase>
  <testcase name="tearDownMethods" classname="sew.ai.tests.csp.AdminCustomerTests" time="0.0">
    <skipped/>
  </testcase>
  <testcase name="tearDownMethods" classname="sew.ai.tests.csp.AdminCustomerTests" time="0.0">
    <skipped/>
  </testcase>
  <testcase name="tearDownMethods" classname="sew.ai.tests.csp.AdminCustomerTests" time="0.0">
    <skipped/>
  </testcase>
  <testcase name="tearDownMethods" classname="sew.ai.tests.csp.AdminCustomerTests" time="0.0">
    <skipped/>
  </testcase>
  <testcase name="tearDownMethods" classname="sew.ai.tests.csp.AdminCustomerTests" time="0.0">
    <skipped/>
  </testcase>
  <testcase name="tearDownMethods" classname="sew.ai.tests.csp.AdminCustomerTests" time="0.0">
    <skipped/>
  </testcase>
  <testcase name="tearDownMethods" classname="sew.ai.tests.csp.AdminCustomerTests" time="0.0">
    <skipped/>
  </testcase>
  <testcase name="tearDownMethods" classname="sew.ai.tests.csp.AdminCustomerTests" time="0.0">
    <skipped/>
  </testcase>
  <testcase name="tearDownMethods" classname="sew.ai.tests.csp.AdminCustomerTests" time="0.0">
    <skipped/>
  </testcase>
  <testcase name="tearDownMethods" classname="sew.ai.tests.csp.AdminCustomerTests" time="0.0">
    <skipped/>
  </testcase>
  <testcase name="tearDownMethods" classname="sew.ai.tests.csp.AdminCustomerTests" time="0.0">
    <skipped/>
  </testcase>
  <testcase name="tearDownMethods" classname="sew.ai.tests.csp.AdminCustomerTests" time="0.0">
    <skipped/>
  </testcase>
  <testcase name="tearDownMethods" classname="sew.ai.tests.csp.AdminCustomerTests" time="0.0">
    <skipped/>
  </testcase>
  <testcase name="tearDownMethods" classname="sew.ai.tests.csp.AdminCustomerTests" time="0.0">
    <skipped/>
  </testcase>
  <testcase name="tearDownMethods" classname="sew.ai.tests.csp.AdminCustomerTests" time="0.0">
    <skipped/>
  </testcase>
  <testcase name="tearDownMethods" classname="sew.ai.tests.csp.AdminCustomerTests" time="0.0">
    <skipped/>
  </testcase>
  <testcase name="tearDownMethods" classname="sew.ai.tests.csp.AdminCustomerTests" time="0.0">
    <skipped/>
  </testcase>
  <testcase name="verifyActionAdvSearchFilterForUsersTab" classname="sew.ai.tests.csp.AdminCustomerTests" time="0.0">
    <skipped message="&#10;Parameter &apos;platformType&apos; is required by BeforeClass on method classPreRequisites but has not been marked @Optional or defined&#10;"/>
  </testcase>
  <testcase name="verifyActionsAdvSearchFilterServiceAcc" classname="sew.ai.tests.csp.AdminCustomerTests" time="0.0">
    <skipped message="&#10;Parameter &apos;platformType&apos; is required by BeforeClass on method classPreRequisites but has not been marked @Optional or defined&#10;"/>
  </testcase>
  <testcase name="verifyAddCustomerLinkCSR" classname="sew.ai.tests.csp.AdminCustomerTests" time="0.0">
    <skipped message="&#10;Parameter &apos;platformType&apos; is required by BeforeClass on method classPreRequisites but has not been marked @Optional or defined&#10;"/>
  </testcase>
  <testcase name="verifyAdvFilterServiceAccTab" classname="sew.ai.tests.csp.AdminCustomerTests" time="0.0">
    <skipped message="&#10;Parameter &apos;platformType&apos; is required by BeforeClass on method classPreRequisites but has not been marked @Optional or defined&#10;"/>
  </testcase>
  <testcase name="verifyAdvanceFilterCustomerWithAccountType" classname="sew.ai.tests.csp.AdminCustomerTests" time="0.0">
    <skipped message="&#10;Parameter &apos;platformType&apos; is required by BeforeClass on method classPreRequisites but has not been marked @Optional or defined&#10;"/>
  </testcase>
  <testcase name="verifyAdvanceFilterCustomerWithZipAndEmail" classname="sew.ai.tests.csp.AdminCustomerTests" time="0.0">
    <skipped message="&#10;Parameter &apos;platformType&apos; is required by BeforeClass on method classPreRequisites but has not been marked @Optional or defined&#10;"/>
  </testcase>
  <testcase name="verifyAdvanceSearchFilterSCMCustomerTab" classname="sew.ai.tests.csp.AdminCustomerTests" time="0.0">
    <skipped message="&#10;Parameter &apos;platformType&apos; is required by BeforeClass on method classPreRequisites but has not been marked @Optional or defined&#10;"/>
  </testcase>
  <testcase name="verifyAdvanceSearchFilterSCMUserTab" classname="sew.ai.tests.csp.AdminCustomerTests" time="0.0">
    <skipped message="&#10;Parameter &apos;platformType&apos; is required by BeforeClass on method classPreRequisites but has not been marked @Optional or defined&#10;"/>
  </testcase>
  <testcase name="verifyAdvanceSearchFilterServiceAccountTab" classname="sew.ai.tests.csp.AdminCustomerTests" time="0.0">
    <skipped message="&#10;Parameter &apos;platformType&apos; is required by BeforeClass on method classPreRequisites but has not been marked @Optional or defined&#10;"/>
  </testcase>
  <testcase name="verifyBillTypeDetails360View" classname="sew.ai.tests.csp.AdminCustomerTests" time="0.0">
    <skipped message="&#10;Parameter &apos;platformType&apos; is required by BeforeClass on method classPreRequisites but has not been marked @Optional or defined&#10;"/>
  </testcase>
  <testcase name="verifyBillTypeStatusesDetailsView" classname="sew.ai.tests.csp.AdminCustomerTests" time="0.0">
    <skipped message="&#10;Parameter &apos;platformType&apos; is required by BeforeClass on method classPreRequisites but has not been marked @Optional or defined&#10;"/>
  </testcase>
  <testcase name="verifyBilling360View" classname="sew.ai.tests.csp.AdminCustomerTests" time="0.0">
    <skipped message="&#10;Parameter &apos;platformType&apos; is required by BeforeClass on method classPreRequisites but has not been marked @Optional or defined&#10;"/>
  </testcase>
  <testcase name="verifyCSRTabFunctionality" classname="sew.ai.tests.csp.AdminCustomerTests" time="0.0">
    <skipped message="&#10;Parameter &apos;platformType&apos; is required by BeforeClass on method classPreRequisites but has not been marked @Optional or defined&#10;"/>
  </testcase>
  <testcase name="verifyCSRTabPaginationFeature" classname="sew.ai.tests.csp.AdminCustomerTests" time="0.0">
    <skipped message="&#10;Parameter &apos;platformType&apos; is required by BeforeClass on method classPreRequisites but has not been marked @Optional or defined&#10;"/>
  </testcase>
  <testcase name="verifyCSRTabSortingFeature" classname="sew.ai.tests.csp.AdminCustomerTests" time="0.0">
    <skipped message="&#10;Parameter &apos;platformType&apos; is required by BeforeClass on method classPreRequisites but has not been marked @Optional or defined&#10;"/>
  </testcase>
  <testcase name="verifyCSRworkbenchUI" classname="sew.ai.tests.csp.AdminCustomerTests" time="0.0">
    <skipped message="&#10;Parameter &apos;platformType&apos; is required by BeforeClass on method classPreRequisites but has not been marked @Optional or defined&#10;"/>
  </testcase>
  <testcase name="verifyCountRegUnRegAccountsAdvSearchWithDB" classname="sew.ai.tests.csp.AdminCustomerTests" time="0.0">
    <skipped message="&#10;Parameter &apos;platformType&apos; is required by BeforeClass on method classPreRequisites but has not been marked @Optional or defined&#10;"/>
  </testcase>
  <testcase name="verifyCustomerDetailsPopUpTabs" classname="sew.ai.tests.csp.AdminCustomerTests" time="0.0">
    <skipped message="&#10;Parameter &apos;platformType&apos; is required by BeforeClass on method classPreRequisites but has not been marked @Optional or defined&#10;"/>
  </testcase>
  <testcase name="verifyCustomerInformation360View" classname="sew.ai.tests.csp.AdminCustomerTests" time="0.0">
    <skipped message="&#10;Parameter &apos;platformType&apos; is required by BeforeClass on method classPreRequisites but has not been marked @Optional or defined&#10;"/>
  </testcase>
  <testcase name="verifyEditCustomer" classname="sew.ai.tests.csp.AdminCustomerTests" time="0.0">
    <skipped message="&#10;Parameter &apos;platformType&apos; is required by BeforeClass on method classPreRequisites but has not been marked @Optional or defined&#10;"/>
  </testcase>
  <testcase name="verifyEfficiency360View" classname="sew.ai.tests.csp.AdminCustomerTests" time="0.0">
    <skipped message="&#10;Parameter &apos;platformType&apos; is required by BeforeClass on method classPreRequisites but has not been marked @Optional or defined&#10;"/>
  </testcase>
  <testcase name="verifyExportCustomerFile" classname="sew.ai.tests.csp.AdminCustomerTests" time="0.0">
    <skipped message="&#10;Parameter &apos;platformType&apos; is required by BeforeClass on method classPreRequisites but has not been marked @Optional or defined&#10;"/>
  </testcase>
  <testcase name="verifyExportCustomerFileServiceTab" classname="sew.ai.tests.csp.AdminCustomerTests" time="0.0">
    <skipped message="&#10;Parameter &apos;platformType&apos; is required by BeforeClass on method classPreRequisites but has not been marked @Optional or defined&#10;"/>
  </testcase>
  <testcase name="verifyExportSCMUserFile" classname="sew.ai.tests.csp.AdminCustomerTests" time="0.0">
    <skipped message="&#10;Parameter &apos;platformType&apos; is required by BeforeClass on method classPreRequisites but has not been marked @Optional or defined&#10;"/>
  </testcase>
  <testcase name="verifyFieldsCSRActiveInactiveUsersTab" classname="sew.ai.tests.csp.AdminCustomerTests" time="0.0">
    <skipped message="&#10;Parameter &apos;platformType&apos; is required by BeforeClass on method classPreRequisites but has not been marked @Optional or defined&#10;"/>
  </testcase>
  <testcase name="verifyGuest360View" classname="sew.ai.tests.csp.AdminCustomerTests" time="0.0">
    <skipped message="&#10;Parameter &apos;platformType&apos; is required by BeforeClass on method classPreRequisites but has not been marked @Optional or defined&#10;"/>
  </testcase>
  <testcase name="verifyLastLogin" classname="sew.ai.tests.csp.AdminCustomerTests" time="0.0">
    <skipped message="&#10;Parameter &apos;platformType&apos; is required by BeforeClass on method classPreRequisites but has not been marked @Optional or defined&#10;"/>
  </testcase>
  <testcase name="verifyLockUnLockUser" classname="sew.ai.tests.csp.AdminCustomerTests" time="0.0">
    <skipped message="&#10;Parameter &apos;platformType&apos; is required by BeforeClass on method classPreRequisites but has not been marked @Optional or defined&#10;"/>
  </testcase>
  <testcase name="verifyLoginToCustomerPortal" classname="sew.ai.tests.csp.AdminCustomerTests" time="0.0">
    <skipped message="&#10;Parameter &apos;platformType&apos; is required by BeforeClass on method classPreRequisites but has not been marked @Optional or defined&#10;"/>
  </testcase>
  <testcase name="verifyMarketingPreferences" classname="sew.ai.tests.csp.AdminCustomerTests" time="0.0">
    <skipped message="&#10;Parameter &apos;platformType&apos; is required by BeforeClass on method classPreRequisites but has not been marked @Optional or defined&#10;"/>
  </testcase>
  <testcase name="verifyOutage360View" classname="sew.ai.tests.csp.AdminCustomerTests" time="0.0">
    <skipped message="&#10;Parameter &apos;platformType&apos; is required by BeforeClass on method classPreRequisites but has not been marked @Optional or defined&#10;"/>
  </testcase>
  <testcase name="verifyPayment360View" classname="sew.ai.tests.csp.AdminCustomerTests" time="0.0">
    <skipped message="&#10;Parameter &apos;platformType&apos; is required by BeforeClass on method classPreRequisites but has not been marked @Optional or defined&#10;"/>
  </testcase>
  <testcase name="verifyPostpaidUserDetailsView" classname="sew.ai.tests.csp.AdminCustomerTests" time="0.0">
    <skipped message="&#10;Parameter &apos;platformType&apos; is required by BeforeClass on method classPreRequisites but has not been marked @Optional or defined&#10;"/>
  </testcase>
  <testcase name="verifyPrepaidUserDetailsView" classname="sew.ai.tests.csp.AdminCustomerTests" time="0.0">
    <skipped message="&#10;Parameter &apos;platformType&apos; is required by BeforeClass on method classPreRequisites but has not been marked @Optional or defined&#10;"/>
  </testcase>
  <testcase name="verifyPropertyTab360View" classname="sew.ai.tests.csp.AdminCustomerTests" time="0.0">
    <skipped message="&#10;Parameter &apos;platformType&apos; is required by BeforeClass on method classPreRequisites but has not been marked @Optional or defined&#10;"/>
  </testcase>
  <testcase name="verifyRegisterUserGridUIFields" classname="sew.ai.tests.csp.AdminCustomerTests" time="0.0">
    <skipped message="&#10;Parameter &apos;platformType&apos; is required by BeforeClass on method classPreRequisites but has not been marked @Optional or defined&#10;"/>
  </testcase>
  <testcase name="verifyRegisteredServiceAccountDetailsC360AndSCPWithDB" classname="sew.ai.tests.csp.AdminCustomerTests" time="0.0">
    <skipped message="&#10;Parameter &apos;platformType&apos; is required by BeforeClass on method classPreRequisites but has not been marked @Optional or defined&#10;"/>
  </testcase>
  <testcase name="verifyRegisteredUsertabsAndCount" classname="sew.ai.tests.csp.AdminCustomerTests" time="0.0">
    <skipped message="&#10;Parameter &apos;platformType&apos; is required by BeforeClass on method classPreRequisites but has not been marked @Optional or defined&#10;"/>
  </testcase>
  <testcase name="verifyRegistrationPendingActivationLink" classname="sew.ai.tests.csp.AdminCustomerTests" time="0.0">
    <skipped message="&#10;Parameter &apos;platformType&apos; is required by BeforeClass on method classPreRequisites but has not been marked @Optional or defined&#10;"/>
  </testcase>
  <testcase name="verifyResetButtonAdvanceSearchCustomer" classname="sew.ai.tests.csp.AdminCustomerTests" time="0.0">
    <skipped message="&#10;Parameter &apos;platformType&apos; is required by BeforeClass on method classPreRequisites but has not been marked @Optional or defined&#10;"/>
  </testcase>
  <testcase name="verifyResetButtonAdvanceSearchServiceAccountTab" classname="sew.ai.tests.csp.AdminCustomerTests" time="0.0">
    <skipped message="&#10;Parameter &apos;platformType&apos; is required by BeforeClass on method classPreRequisites but has not been marked @Optional or defined&#10;"/>
  </testcase>
  <testcase name="verifyResetButtonAdvanceSearchUser" classname="sew.ai.tests.csp.AdminCustomerTests" time="0.0">
    <skipped message="&#10;Parameter &apos;platformType&apos; is required by BeforeClass on method classPreRequisites but has not been marked @Optional or defined&#10;"/>
  </testcase>
  <testcase name="verifyResetTemporaryPasswordCSP" classname="sew.ai.tests.csp.AdminCustomerTests" time="0.0">
    <skipped message="&#10;Parameter &apos;platformType&apos; is required by BeforeClass on method classPreRequisites but has not been marked @Optional or defined&#10;"/>
  </testcase>
  <testcase name="verifySCMUserEditRecord" classname="sew.ai.tests.csp.AdminCustomerTests" time="0.0">
    <skipped message="&#10;Parameter &apos;platformType&apos; is required by BeforeClass on method classPreRequisites but has not been marked @Optional or defined&#10;"/>
  </testcase>
  <testcase name="verifySearchServiceAccountTab" classname="sew.ai.tests.csp.AdminCustomerTests" time="0.0">
    <skipped message="&#10;Parameter &apos;platformType&apos; is required by BeforeClass on method classPreRequisites but has not been marked @Optional or defined&#10;"/>
  </testcase>
  <testcase name="verifySendNotification" classname="sew.ai.tests.csp.AdminCustomerTests" time="0.0">
    <skipped message="&#10;Parameter &apos;platformType&apos; is required by BeforeClass on method classPreRequisites but has not been marked @Optional or defined&#10;"/>
  </testcase>
  <testcase name="verifyServicePlanProfileView" classname="sew.ai.tests.csp.AdminCustomerTests" time="0.0">
    <skipped message="&#10;Parameter &apos;platformType&apos; is required by BeforeClass on method classPreRequisites but has not been marked @Optional or defined&#10;"/>
  </testcase>
  <testcase name="verifyUnRegisteredServiceAccountDetailsC360AndSCP" classname="sew.ai.tests.csp.AdminCustomerTests" time="0.0">
    <skipped message="&#10;Parameter &apos;platformType&apos; is required by BeforeClass on method classPreRequisites but has not been marked @Optional or defined&#10;"/>
  </testcase>
  <testcase name="verifyUserDetails360View" classname="sew.ai.tests.csp.AdminCustomerTests" time="0.0">
    <skipped message="&#10;Parameter &apos;platformType&apos; is required by BeforeClass on method classPreRequisites but has not been marked @Optional or defined&#10;"/>
  </testcase>
  <testcase name="verifyUserLinkedAccount" classname="sew.ai.tests.csp.AdminCustomerTests" time="0.0">
    <skipped message="&#10;Parameter &apos;platformType&apos; is required by BeforeClass on method classPreRequisites but has not been marked @Optional or defined&#10;"/>
  </testcase>
  <testcase name="verifyUserPageSize" classname="sew.ai.tests.csp.AdminCustomerTests" time="0.0">
    <skipped message="&#10;Parameter &apos;platformType&apos; is required by BeforeClass on method classPreRequisites but has not been marked @Optional or defined&#10;"/>
  </testcase>
  <testcase name="verifyUserStatusDBValueAndColor" classname="sew.ai.tests.csp.AdminCustomerTests" time="0.0">
    <skipped message="&#10;Parameter &apos;platformType&apos; is required by BeforeClass on method classPreRequisites but has not been marked @Optional or defined&#10;"/>
  </testcase>
  <testcase name="verifyUsersDataGridSorting" classname="sew.ai.tests.csp.AdminCustomerTests" time="0.0">
    <skipped message="&#10;Parameter &apos;platformType&apos; is required by BeforeClass on method classPreRequisites but has not been marked @Optional or defined&#10;"/>
  </testcase>
  <testcase name="tearDownClasses" classname="sew.ai.tests.csp.AdminCustomerTests" time="0.0">
    <skipped/>
  </testcase>
  <testcase name="classPreRequisites" classname="sew.ai.tests.csp.AdminHomeTests" time="0.002">
    <failure message="&#10;Parameter &apos;platformType&apos; is required by BeforeClass on method classPreRequisites but has not been marked @Optional or defined&#10;" type="org.testng.TestNGException"><![CDATA[org.testng.TestNGException: 

Parameter 'platformType' is required by BeforeClass on method classPreRequisites but has not been marked @Optional or defined

	at org.testng.internal.Parameters.createParams(Parameters.java:267)
	at org.testng.internal.Parameters.createParametersForMethod(Parameters.java:355)
	at org.testng.internal.Parameters.createParameters(Parameters.java:684)
	at org.testng.internal.Parameters.createConfigurationParameters(Parameters.java:166)
	at org.testng.internal.invokers.ConfigInvoker.invokeConfigurations(ConfigInvoker.java:277)
	at org.testng.internal.invokers.TestMethodWorker.invokeBeforeClassMethods(TestMethodWorker.java:180)
	at org.testng.internal.invokers.TestMethodWorker.run(TestMethodWorker.java:122)
	at java.base/java.util.ArrayList.forEach(ArrayList.java:1511)
	at org.testng.TestRunner.privateRun(TestRunner.java:829)
	at org.testng.TestRunner.run(TestRunner.java:602)
	at org.testng.SuiteRunner.runTest(SuiteRunner.java:437)
	at org.testng.SuiteRunner.runSequentially(SuiteRunner.java:431)
	at org.testng.SuiteRunner.privateRun(SuiteRunner.java:391)
	at org.testng.SuiteRunner.run(SuiteRunner.java:330)
	at org.testng.SuiteRunnerWorker.runSuite(SuiteRunnerWorker.java:52)
	at org.testng.SuiteRunnerWorker.run(SuiteRunnerWorker.java:95)
	at org.testng.TestNG.runSuitesSequentially(TestNG.java:1256)
	at org.testng.TestNG.runSuitesLocally(TestNG.java:1176)
	at org.testng.TestNG.runSuites(TestNG.java:1099)
	at org.testng.TestNG.run(TestNG.java:1067)
	at org.apache.maven.surefire.testng.TestNGExecutor.run(TestNGExecutor.java:155)
	at org.apache.maven.surefire.testng.TestNGDirectoryTestSuite.executeMulti(TestNGDirectoryTestSuite.java:169)
	at org.apache.maven.surefire.testng.TestNGDirectoryTestSuite.execute(TestNGDirectoryTestSuite.java:88)
	at org.apache.maven.surefire.testng.TestNGProvider.invoke(TestNGProvider.java:137)
	at org.apache.maven.surefire.booter.ForkedBooter.runSuitesInProcess(ForkedBooter.java:385)
	at org.apache.maven.surefire.booter.ForkedBooter.execute(ForkedBooter.java:162)
	at org.apache.maven.surefire.booter.ForkedBooter.run(ForkedBooter.java:507)
	at org.apache.maven.surefire.booter.ForkedBooter.main(ForkedBooter.java:495)
]]></failure>
  </testcase>
  <testcase name="methodsPreRequisites" classname="sew.ai.tests.csp.AdminHomeTests" time="0.0">
    <skipped/>
  </testcase>
  <testcase name="methodsPreRequisites" classname="sew.ai.tests.csp.AdminHomeTests" time="0.0">
    <skipped/>
  </testcase>
  <testcase name="verifyChangePassword" classname="sew.ai.tests.csp.AdminHomeTests" time="0.0">
    <skipped message="&#10;Parameter &apos;platformType&apos; is required by BeforeClass on method classPreRequisites but has not been marked @Optional or defined&#10;"/>
  </testcase>
  <testcase name="tearDownMethods" classname="sew.ai.tests.csp.AdminHomeTests" time="0.0">
    <skipped/>
  </testcase>
  <testcase name="tearDownMethods" classname="sew.ai.tests.csp.AdminHomeTests" time="0.0">
    <skipped/>
  </testcase>
  <testcase name="verifyWelcomeMsgAndSignOut" classname="sew.ai.tests.csp.AdminHomeTests" time="0.0">
    <skipped message="&#10;Parameter &apos;platformType&apos; is required by BeforeClass on method classPreRequisites but has not been marked @Optional or defined&#10;"/>
  </testcase>
  <testcase name="tearDownClasses" classname="sew.ai.tests.csp.AdminHomeTests" time="0.0">
    <skipped/>
  </testcase>
  <testcase name="classPreRequisites" classname="sew.ai.tests.csp.AdminLoginTests" time="0.002">
    <failure message="&#10;Parameter &apos;platformType&apos; is required by BeforeClass on method classPreRequisites but has not been marked @Optional or defined&#10;" type="org.testng.TestNGException"><![CDATA[org.testng.TestNGException: 

Parameter 'platformType' is required by BeforeClass on method classPreRequisites but has not been marked @Optional or defined

	at org.testng.internal.Parameters.createParams(Parameters.java:267)
	at org.testng.internal.Parameters.createParametersForMethod(Parameters.java:355)
	at org.testng.internal.Parameters.createParameters(Parameters.java:684)
	at org.testng.internal.Parameters.createConfigurationParameters(Parameters.java:166)
	at org.testng.internal.invokers.ConfigInvoker.invokeConfigurations(ConfigInvoker.java:277)
	at org.testng.internal.invokers.TestMethodWorker.invokeBeforeClassMethods(TestMethodWorker.java:180)
	at org.testng.internal.invokers.TestMethodWorker.run(TestMethodWorker.java:122)
	at java.base/java.util.ArrayList.forEach(ArrayList.java:1511)
	at org.testng.TestRunner.privateRun(TestRunner.java:829)
	at org.testng.TestRunner.run(TestRunner.java:602)
	at org.testng.SuiteRunner.runTest(SuiteRunner.java:437)
	at org.testng.SuiteRunner.runSequentially(SuiteRunner.java:431)
	at org.testng.SuiteRunner.privateRun(SuiteRunner.java:391)
	at org.testng.SuiteRunner.run(SuiteRunner.java:330)
	at org.testng.SuiteRunnerWorker.runSuite(SuiteRunnerWorker.java:52)
	at org.testng.SuiteRunnerWorker.run(SuiteRunnerWorker.java:95)
	at org.testng.TestNG.runSuitesSequentially(TestNG.java:1256)
	at org.testng.TestNG.runSuitesLocally(TestNG.java:1176)
	at org.testng.TestNG.runSuites(TestNG.java:1099)
	at org.testng.TestNG.run(TestNG.java:1067)
	at org.apache.maven.surefire.testng.TestNGExecutor.run(TestNGExecutor.java:155)
	at org.apache.maven.surefire.testng.TestNGDirectoryTestSuite.executeMulti(TestNGDirectoryTestSuite.java:169)
	at org.apache.maven.surefire.testng.TestNGDirectoryTestSuite.execute(TestNGDirectoryTestSuite.java:88)
	at org.apache.maven.surefire.testng.TestNGProvider.invoke(TestNGProvider.java:137)
	at org.apache.maven.surefire.booter.ForkedBooter.runSuitesInProcess(ForkedBooter.java:385)
	at org.apache.maven.surefire.booter.ForkedBooter.execute(ForkedBooter.java:162)
	at org.apache.maven.surefire.booter.ForkedBooter.run(ForkedBooter.java:507)
	at org.apache.maven.surefire.booter.ForkedBooter.main(ForkedBooter.java:495)
]]></failure>
  </testcase>
  <testcase name="methodsPreRequisites" classname="sew.ai.tests.csp.AdminLoginTests" time="0.0">
    <skipped/>
  </testcase>
  <testcase name="methodsPreRequisites" classname="sew.ai.tests.csp.AdminLoginTests" time="0.0">
    <skipped/>
  </testcase>
  <testcase name="methodsPreRequisites" classname="sew.ai.tests.csp.AdminLoginTests" time="0.0">
    <skipped/>
  </testcase>
  <testcase name="methodsPreRequisites" classname="sew.ai.tests.csp.AdminLoginTests" time="0.0">
    <skipped/>
  </testcase>
  <testcase name="methodsPreRequisites" classname="sew.ai.tests.csp.AdminLoginTests" time="0.0">
    <skipped/>
  </testcase>
  <testcase name="methodsPreRequisites" classname="sew.ai.tests.csp.AdminLoginTests" time="0.0">
    <skipped/>
  </testcase>
  <testcase name="methodsPreRequisites" classname="sew.ai.tests.csp.AdminLoginTests" time="0.0">
    <skipped/>
  </testcase>
  <testcase name="verifyAlertMessageBlankLoginFields" classname="sew.ai.tests.csp.AdminLoginTests" time="0.0">
    <skipped message="&#10;Parameter &apos;platformType&apos; is required by BeforeClass on method classPreRequisites but has not been marked @Optional or defined&#10;"/>
  </testcase>
  <testcase name="tearDownMethods" classname="sew.ai.tests.csp.AdminLoginTests" time="0.0">
    <skipped/>
  </testcase>
  <testcase name="tearDownMethods" classname="sew.ai.tests.csp.AdminLoginTests" time="0.0">
    <skipped/>
  </testcase>
  <testcase name="tearDownMethods" classname="sew.ai.tests.csp.AdminLoginTests" time="0.0">
    <skipped/>
  </testcase>
  <testcase name="tearDownMethods" classname="sew.ai.tests.csp.AdminLoginTests" time="0.0">
    <skipped/>
  </testcase>
  <testcase name="tearDownMethods" classname="sew.ai.tests.csp.AdminLoginTests" time="0.0">
    <skipped/>
  </testcase>
  <testcase name="tearDownMethods" classname="sew.ai.tests.csp.AdminLoginTests" time="0.0">
    <skipped/>
  </testcase>
  <testcase name="tearDownMethods" classname="sew.ai.tests.csp.AdminLoginTests" time="0.0">
    <skipped/>
  </testcase>
  <testcase name="verifyCSPRememberMeCheckBox" classname="sew.ai.tests.csp.AdminLoginTests" time="0.0">
    <skipped message="&#10;Parameter &apos;platformType&apos; is required by BeforeClass on method classPreRequisites but has not been marked @Optional or defined&#10;"/>
  </testcase>
  <testcase name="verifyInvalidAdminLogin" classname="sew.ai.tests.csp.AdminLoginTests" time="0.0">
    <skipped message="&#10;Parameter &apos;platformType&apos; is required by BeforeClass on method classPreRequisites but has not been marked @Optional or defined&#10;"/>
  </testcase>
  <testcase name="verifyLoginObjectAndCommonElements" classname="sew.ai.tests.csp.AdminLoginTests" time="0.0">
    <skipped message="&#10;Parameter &apos;platformType&apos; is required by BeforeClass on method classPreRequisites but has not been marked @Optional or defined&#10;"/>
  </testcase>
  <testcase name="verifySEWlogoAndAppVersion" classname="sew.ai.tests.csp.AdminLoginTests" time="0.0">
    <skipped message="&#10;Parameter &apos;platformType&apos; is required by BeforeClass on method classPreRequisites but has not been marked @Optional or defined&#10;"/>
  </testcase>
  <testcase name="verifyUnlockingUserIP" classname="sew.ai.tests.csp.AdminLoginTests" time="0.0">
    <skipped message="&#10;Parameter &apos;platformType&apos; is required by BeforeClass on method classPreRequisites but has not been marked @Optional or defined&#10;"/>
  </testcase>
  <testcase name="verifyValidAdminLogin" classname="sew.ai.tests.csp.AdminLoginTests" time="0.0">
    <skipped message="&#10;Parameter &apos;platformType&apos; is required by BeforeClass on method classPreRequisites but has not been marked @Optional or defined&#10;"/>
  </testcase>
  <testcase name="tearDownClasses" classname="sew.ai.tests.csp.AdminLoginTests" time="0.0">
    <skipped/>
  </testcase>
  <testcase name="classPreRequisites" classname="sew.ai.tests.csp.AdminNotificationTests" time="0.001">
    <failure message="&#10;Parameter &apos;platformType&apos; is required by BeforeClass on method classPreRequisites but has not been marked @Optional or defined&#10;" type="org.testng.TestNGException"><![CDATA[org.testng.TestNGException: 

Parameter 'platformType' is required by BeforeClass on method classPreRequisites but has not been marked @Optional or defined

	at org.testng.internal.Parameters.createParams(Parameters.java:267)
	at org.testng.internal.Parameters.createParametersForMethod(Parameters.java:355)
	at org.testng.internal.Parameters.createParameters(Parameters.java:684)
	at org.testng.internal.Parameters.createConfigurationParameters(Parameters.java:166)
	at org.testng.internal.invokers.ConfigInvoker.invokeConfigurations(ConfigInvoker.java:277)
	at org.testng.internal.invokers.TestMethodWorker.invokeBeforeClassMethods(TestMethodWorker.java:180)
	at org.testng.internal.invokers.TestMethodWorker.run(TestMethodWorker.java:122)
	at java.base/java.util.ArrayList.forEach(ArrayList.java:1511)
	at org.testng.TestRunner.privateRun(TestRunner.java:829)
	at org.testng.TestRunner.run(TestRunner.java:602)
	at org.testng.SuiteRunner.runTest(SuiteRunner.java:437)
	at org.testng.SuiteRunner.runSequentially(SuiteRunner.java:431)
	at org.testng.SuiteRunner.privateRun(SuiteRunner.java:391)
	at org.testng.SuiteRunner.run(SuiteRunner.java:330)
	at org.testng.SuiteRunnerWorker.runSuite(SuiteRunnerWorker.java:52)
	at org.testng.SuiteRunnerWorker.run(SuiteRunnerWorker.java:95)
	at org.testng.TestNG.runSuitesSequentially(TestNG.java:1256)
	at org.testng.TestNG.runSuitesLocally(TestNG.java:1176)
	at org.testng.TestNG.runSuites(TestNG.java:1099)
	at org.testng.TestNG.run(TestNG.java:1067)
	at org.apache.maven.surefire.testng.TestNGExecutor.run(TestNGExecutor.java:155)
	at org.apache.maven.surefire.testng.TestNGDirectoryTestSuite.executeMulti(TestNGDirectoryTestSuite.java:169)
	at org.apache.maven.surefire.testng.TestNGDirectoryTestSuite.execute(TestNGDirectoryTestSuite.java:88)
	at org.apache.maven.surefire.testng.TestNGProvider.invoke(TestNGProvider.java:137)
	at org.apache.maven.surefire.booter.ForkedBooter.runSuitesInProcess(ForkedBooter.java:385)
	at org.apache.maven.surefire.booter.ForkedBooter.execute(ForkedBooter.java:162)
	at org.apache.maven.surefire.booter.ForkedBooter.run(ForkedBooter.java:507)
	at org.apache.maven.surefire.booter.ForkedBooter.main(ForkedBooter.java:495)
]]></failure>
  </testcase>
  <testcase name="methodsPreRequisites" classname="sew.ai.tests.csp.AdminNotificationTests" time="0.0">
    <skipped/>
  </testcase>
  <testcase name="methodsPreRequisites" classname="sew.ai.tests.csp.AdminNotificationTests" time="0.0">
    <skipped/>
  </testcase>
  <testcase name="methodsPreRequisites" classname="sew.ai.tests.csp.AdminNotificationTests" time="0.0">
    <skipped/>
  </testcase>
  <testcase name="methodsPreRequisites" classname="sew.ai.tests.csp.AdminNotificationTests" time="0.0">
    <skipped/>
  </testcase>
  <testcase name="methodsPreRequisites" classname="sew.ai.tests.csp.AdminNotificationTests" time="0.0">
    <skipped/>
  </testcase>
  <testcase name="methodsPreRequisites" classname="sew.ai.tests.csp.AdminNotificationTests" time="0.0">
    <skipped/>
  </testcase>
  <testcase name="methodsPreRequisites" classname="sew.ai.tests.csp.AdminNotificationTests" time="0.0">
    <skipped/>
  </testcase>
  <testcase name="methodsPreRequisites" classname="sew.ai.tests.csp.AdminNotificationTests" time="0.0">
    <skipped/>
  </testcase>
  <testcase name="methodsPreRequisites" classname="sew.ai.tests.csp.AdminNotificationTests" time="0.0">
    <skipped/>
  </testcase>
  <testcase name="methodsPreRequisites" classname="sew.ai.tests.csp.AdminNotificationTests" time="0.0">
    <skipped/>
  </testcase>
  <testcase name="methodsPreRequisites" classname="sew.ai.tests.csp.AdminNotificationTests" time="0.0">
    <skipped/>
  </testcase>
  <testcase name="methodsPreRequisites" classname="sew.ai.tests.csp.AdminNotificationTests" time="0.0">
    <skipped/>
  </testcase>
  <testcase name="methodsPreRequisites" classname="sew.ai.tests.csp.AdminNotificationTests" time="0.0">
    <skipped/>
  </testcase>
  <testcase name="methodsPreRequisites" classname="sew.ai.tests.csp.AdminNotificationTests" time="0.0">
    <skipped/>
  </testcase>
  <testcase name="methodsPreRequisites" classname="sew.ai.tests.csp.AdminNotificationTests" time="0.0">
    <skipped/>
  </testcase>
  <testcase name="methodsPreRequisites" classname="sew.ai.tests.csp.AdminNotificationTests" time="0.0">
    <skipped/>
  </testcase>
  <testcase name="methodsPreRequisites" classname="sew.ai.tests.csp.AdminNotificationTests" time="0.0">
    <skipped/>
  </testcase>
  <testcase name="methodsPreRequisites" classname="sew.ai.tests.csp.AdminNotificationTests" time="0.0">
    <skipped/>
  </testcase>
  <testcase name="methodsPreRequisites" classname="sew.ai.tests.csp.AdminNotificationTests" time="0.0">
    <skipped/>
  </testcase>
  <testcase name="methodsPreRequisites" classname="sew.ai.tests.csp.AdminNotificationTests" time="0.0">
    <skipped/>
  </testcase>
  <testcase name="methodsPreRequisites" classname="sew.ai.tests.csp.AdminNotificationTests" time="0.0">
    <skipped/>
  </testcase>
  <testcase name="methodsPreRequisites" classname="sew.ai.tests.csp.AdminNotificationTests" time="0.0">
    <skipped/>
  </testcase>
  <testcase name="methodsPreRequisites" classname="sew.ai.tests.csp.AdminNotificationTests" time="0.0">
    <skipped/>
  </testcase>
  <testcase name="methodsPreRequisites" classname="sew.ai.tests.csp.AdminNotificationTests" time="0.0">
    <skipped/>
  </testcase>
  <testcase name="methodsPreRequisites" classname="sew.ai.tests.csp.AdminNotificationTests" time="0.0">
    <skipped/>
  </testcase>
  <testcase name="methodsPreRequisites" classname="sew.ai.tests.csp.AdminNotificationTests" time="0.0">
    <skipped/>
  </testcase>
  <testcase name="methodsPreRequisites" classname="sew.ai.tests.csp.AdminNotificationTests" time="0.0">
    <skipped/>
  </testcase>
  <testcase name="methodsPreRequisites" classname="sew.ai.tests.csp.AdminNotificationTests" time="0.0">
    <skipped/>
  </testcase>
  <testcase name="methodsPreRequisites" classname="sew.ai.tests.csp.AdminNotificationTests" time="0.0">
    <skipped/>
  </testcase>
  <testcase name="methodsPreRequisites" classname="sew.ai.tests.csp.AdminNotificationTests" time="0.0">
    <skipped/>
  </testcase>
  <testcase name="methodsPreRequisites" classname="sew.ai.tests.csp.AdminNotificationTests" time="0.0">
    <skipped/>
  </testcase>
  <testcase name="methodsPreRequisites" classname="sew.ai.tests.csp.AdminNotificationTests" time="0.0">
    <skipped/>
  </testcase>
  <testcase name="methodsPreRequisites" classname="sew.ai.tests.csp.AdminNotificationTests" time="0.0">
    <skipped/>
  </testcase>
  <testcase name="methodsPreRequisites" classname="sew.ai.tests.csp.AdminNotificationTests" time="0.0">
    <skipped/>
  </testcase>
  <testcase name="verifyAllEmailTabAndMultipleSelection" classname="sew.ai.tests.csp.AdminNotificationTests" time="0.0">
    <skipped message="&#10;Parameter &apos;platformType&apos; is required by BeforeClass on method classPreRequisites but has not been marked @Optional or defined&#10;"/>
  </testcase>
  <testcase name="tearDownMethods" classname="sew.ai.tests.csp.AdminNotificationTests" time="0.0">
    <skipped/>
  </testcase>
  <testcase name="tearDownMethods" classname="sew.ai.tests.csp.AdminNotificationTests" time="0.0">
    <skipped/>
  </testcase>
  <testcase name="tearDownMethods" classname="sew.ai.tests.csp.AdminNotificationTests" time="0.0">
    <skipped/>
  </testcase>
  <testcase name="tearDownMethods" classname="sew.ai.tests.csp.AdminNotificationTests" time="0.0">
    <skipped/>
  </testcase>
  <testcase name="tearDownMethods" classname="sew.ai.tests.csp.AdminNotificationTests" time="0.0">
    <skipped/>
  </testcase>
  <testcase name="tearDownMethods" classname="sew.ai.tests.csp.AdminNotificationTests" time="0.0">
    <skipped/>
  </testcase>
  <testcase name="tearDownMethods" classname="sew.ai.tests.csp.AdminNotificationTests" time="0.0">
    <skipped/>
  </testcase>
  <testcase name="tearDownMethods" classname="sew.ai.tests.csp.AdminNotificationTests" time="0.0">
    <skipped/>
  </testcase>
  <testcase name="tearDownMethods" classname="sew.ai.tests.csp.AdminNotificationTests" time="0.0">
    <skipped/>
  </testcase>
  <testcase name="tearDownMethods" classname="sew.ai.tests.csp.AdminNotificationTests" time="0.0">
    <skipped/>
  </testcase>
  <testcase name="tearDownMethods" classname="sew.ai.tests.csp.AdminNotificationTests" time="0.0">
    <skipped/>
  </testcase>
  <testcase name="tearDownMethods" classname="sew.ai.tests.csp.AdminNotificationTests" time="0.0">
    <skipped/>
  </testcase>
  <testcase name="tearDownMethods" classname="sew.ai.tests.csp.AdminNotificationTests" time="0.0">
    <skipped/>
  </testcase>
  <testcase name="tearDownMethods" classname="sew.ai.tests.csp.AdminNotificationTests" time="0.0">
    <skipped/>
  </testcase>
  <testcase name="tearDownMethods" classname="sew.ai.tests.csp.AdminNotificationTests" time="0.0">
    <skipped/>
  </testcase>
  <testcase name="tearDownMethods" classname="sew.ai.tests.csp.AdminNotificationTests" time="0.0">
    <skipped/>
  </testcase>
  <testcase name="tearDownMethods" classname="sew.ai.tests.csp.AdminNotificationTests" time="0.0">
    <skipped/>
  </testcase>
  <testcase name="tearDownMethods" classname="sew.ai.tests.csp.AdminNotificationTests" time="0.0">
    <skipped/>
  </testcase>
  <testcase name="tearDownMethods" classname="sew.ai.tests.csp.AdminNotificationTests" time="0.0">
    <skipped/>
  </testcase>
  <testcase name="tearDownMethods" classname="sew.ai.tests.csp.AdminNotificationTests" time="0.0">
    <skipped/>
  </testcase>
  <testcase name="tearDownMethods" classname="sew.ai.tests.csp.AdminNotificationTests" time="0.0">
    <skipped/>
  </testcase>
  <testcase name="tearDownMethods" classname="sew.ai.tests.csp.AdminNotificationTests" time="0.0">
    <skipped/>
  </testcase>
  <testcase name="tearDownMethods" classname="sew.ai.tests.csp.AdminNotificationTests" time="0.0">
    <skipped/>
  </testcase>
  <testcase name="tearDownMethods" classname="sew.ai.tests.csp.AdminNotificationTests" time="0.0">
    <skipped/>
  </testcase>
  <testcase name="tearDownMethods" classname="sew.ai.tests.csp.AdminNotificationTests" time="0.0">
    <skipped/>
  </testcase>
  <testcase name="tearDownMethods" classname="sew.ai.tests.csp.AdminNotificationTests" time="0.0">
    <skipped/>
  </testcase>
  <testcase name="tearDownMethods" classname="sew.ai.tests.csp.AdminNotificationTests" time="0.0">
    <skipped/>
  </testcase>
  <testcase name="tearDownMethods" classname="sew.ai.tests.csp.AdminNotificationTests" time="0.0">
    <skipped/>
  </testcase>
  <testcase name="tearDownMethods" classname="sew.ai.tests.csp.AdminNotificationTests" time="0.0">
    <skipped/>
  </testcase>
  <testcase name="tearDownMethods" classname="sew.ai.tests.csp.AdminNotificationTests" time="0.0">
    <skipped/>
  </testcase>
  <testcase name="tearDownMethods" classname="sew.ai.tests.csp.AdminNotificationTests" time="0.0">
    <skipped/>
  </testcase>
  <testcase name="tearDownMethods" classname="sew.ai.tests.csp.AdminNotificationTests" time="0.0">
    <skipped/>
  </testcase>
  <testcase name="tearDownMethods" classname="sew.ai.tests.csp.AdminNotificationTests" time="0.0">
    <skipped/>
  </testcase>
  <testcase name="tearDownMethods" classname="sew.ai.tests.csp.AdminNotificationTests" time="0.0">
    <skipped/>
  </testcase>
  <testcase name="verifyCheckBoxOnNotifications" classname="sew.ai.tests.csp.AdminNotificationTests" time="0.0">
    <skipped message="&#10;Parameter &apos;platformType&apos; is required by BeforeClass on method classPreRequisites but has not been marked @Optional or defined&#10;"/>
  </testcase>
  <testcase name="verifyClearButtonSearchBy" classname="sew.ai.tests.csp.AdminNotificationTests" time="0.0">
    <skipped message="&#10;Parameter &apos;platformType&apos; is required by BeforeClass on method classPreRequisites but has not been marked @Optional or defined&#10;"/>
  </testcase>
  <testcase name="verifyCommentsFieldOnNotification" classname="sew.ai.tests.csp.AdminNotificationTests" time="0.0">
    <skipped message="&#10;Parameter &apos;platformType&apos; is required by BeforeClass on method classPreRequisites but has not been marked @Optional or defined&#10;"/>
  </testcase>
  <testcase name="verifyCompleteFeatureConnectMeFolder" classname="sew.ai.tests.csp.AdminNotificationTests" time="0.0">
    <skipped message="&#10;Parameter &apos;platformType&apos; is required by BeforeClass on method classPreRequisites but has not been marked @Optional or defined&#10;"/>
  </testcase>
  <testcase name="verifyCompleteFeatureToSavedFolder" classname="sew.ai.tests.csp.AdminNotificationTests" time="0.0">
    <skipped message="&#10;Parameter &apos;platformType&apos; is required by BeforeClass on method classPreRequisites but has not been marked @Optional or defined&#10;"/>
  </testcase>
  <testcase name="verifyCustNameMobileNotClickableNotification" classname="sew.ai.tests.csp.AdminNotificationTests" time="0.0">
    <skipped message="&#10;Parameter &apos;platformType&apos; is required by BeforeClass on method classPreRequisites but has not been marked @Optional or defined&#10;"/>
  </testcase>
  <testcase name="verifyCustomerInformationInboxMail" classname="sew.ai.tests.csp.AdminNotificationTests" time="0.0">
    <skipped message="&#10;Parameter &apos;platformType&apos; is required by BeforeClass on method classPreRequisites but has not been marked @Optional or defined&#10;"/>
  </testcase>
  <testcase name="verifyDoneFunctionalityTrashFolder" classname="sew.ai.tests.csp.AdminNotificationTests" time="0.0">
    <skipped message="&#10;Parameter &apos;platformType&apos; is required by BeforeClass on method classPreRequisites but has not been marked @Optional or defined&#10;"/>
  </testcase>
  <testcase name="verifyFromColumnNotificationInbox" classname="sew.ai.tests.csp.AdminNotificationTests" time="0.0">
    <skipped message="&#10;Parameter &apos;platformType&apos; is required by BeforeClass on method classPreRequisites but has not been marked @Optional or defined&#10;"/>
  </testcase>
  <testcase name="verifyInboxConnectMeNotifications" classname="sew.ai.tests.csp.AdminNotificationTests" time="0.0">
    <skipped message="&#10;Parameter &apos;platformType&apos; is required by BeforeClass on method classPreRequisites but has not been marked @Optional or defined&#10;"/>
  </testcase>
  <testcase name="verifyInboxNewRepliedNotifications" classname="sew.ai.tests.csp.AdminNotificationTests" time="0.0">
    <skipped message="&#10;Parameter &apos;platformType&apos; is required by BeforeClass on method classPreRequisites but has not been marked @Optional or defined&#10;"/>
  </testcase>
  <testcase name="verifyInboxServiceNotifications" classname="sew.ai.tests.csp.AdminNotificationTests" time="0.0">
    <skipped message="&#10;Parameter &apos;platformType&apos; is required by BeforeClass on method classPreRequisites but has not been marked @Optional or defined&#10;"/>
  </testcase>
  <testcase name="verifyMessageDetailsNotification" classname="sew.ai.tests.csp.AdminNotificationTests" time="0.0">
    <skipped message="&#10;Parameter &apos;platformType&apos; is required by BeforeClass on method classPreRequisites but has not been marked @Optional or defined&#10;"/>
  </testcase>
  <testcase name="verifyNoDataForTabNotification" classname="sew.ai.tests.csp.AdminNotificationTests" time="0.0">
    <skipped message="&#10;Parameter &apos;platformType&apos; is required by BeforeClass on method classPreRequisites but has not been marked @Optional or defined&#10;"/>
  </testcase>
  <testcase name="verifyNotificationAutoResponseEditor" classname="sew.ai.tests.csp.AdminNotificationTests" time="0.0">
    <skipped message="&#10;Parameter &apos;platformType&apos; is required by BeforeClass on method classPreRequisites but has not been marked @Optional or defined&#10;"/>
  </testcase>
  <testcase name="verifyNotificationMsgBoxLenCriteria" classname="sew.ai.tests.csp.AdminNotificationTests" time="0.0">
    <skipped message="&#10;Parameter &apos;platformType&apos; is required by BeforeClass on method classPreRequisites but has not been marked @Optional or defined&#10;"/>
  </testcase>
  <testcase name="verifyNotificationSorting" classname="sew.ai.tests.csp.AdminNotificationTests" time="0.0">
    <skipped message="&#10;Parameter &apos;platformType&apos; is required by BeforeClass on method classPreRequisites but has not been marked @Optional or defined&#10;"/>
  </testcase>
  <testcase name="verifyNotificationUIAndSubTabs" classname="sew.ai.tests.csp.AdminNotificationTests" time="0.0">
    <skipped message="&#10;Parameter &apos;platformType&apos; is required by BeforeClass on method classPreRequisites but has not been marked @Optional or defined&#10;"/>
  </testcase>
  <testcase name="verifyNotifyPreLogConnectMeServices" classname="sew.ai.tests.csp.AdminNotificationTests" time="0.0">
    <skipped message="&#10;Parameter &apos;platformType&apos; is required by BeforeClass on method classPreRequisites but has not been marked @Optional or defined&#10;"/>
  </testcase>
  <testcase name="verifyPaginationNotificationInbox" classname="sew.ai.tests.csp.AdminNotificationTests" time="0.0">
    <skipped message="&#10;Parameter &apos;platformType&apos; is required by BeforeClass on method classPreRequisites but has not been marked @Optional or defined&#10;"/>
  </testcase>
  <testcase name="verifyProblemsSigningInCSPNotificationRequest" classname="sew.ai.tests.csp.AdminNotificationTests" time="0.0">
    <skipped message="&#10;Parameter &apos;platformType&apos; is required by BeforeClass on method classPreRequisites but has not been marked @Optional or defined&#10;"/>
  </testcase>
  <testcase name="verifyPutBackFeatureNotification" classname="sew.ai.tests.csp.AdminNotificationTests" time="0.0">
    <skipped message="&#10;Parameter &apos;platformType&apos; is required by BeforeClass on method classPreRequisites but has not been marked @Optional or defined&#10;"/>
  </testcase>
  <testcase name="verifyReadUnreadMessagesText" classname="sew.ai.tests.csp.AdminNotificationTests" time="0.0">
    <skipped message="&#10;Parameter &apos;platformType&apos; is required by BeforeClass on method classPreRequisites but has not been marked @Optional or defined&#10;"/>
  </testcase>
  <testcase name="verifyReplySectionNotification" classname="sew.ai.tests.csp.AdminNotificationTests" time="0.0">
    <skipped message="&#10;Parameter &apos;platformType&apos; is required by BeforeClass on method classPreRequisites but has not been marked @Optional or defined&#10;"/>
  </testcase>
  <testcase name="verifySaveMessageFunctionality" classname="sew.ai.tests.csp.AdminNotificationTests" time="0.0">
    <skipped message="&#10;Parameter &apos;platformType&apos; is required by BeforeClass on method classPreRequisites but has not been marked @Optional or defined&#10;"/>
  </testcase>
  <testcase name="verifySavedFolderToCompleteFeature" classname="sew.ai.tests.csp.AdminNotificationTests" time="0.0">
    <skipped message="&#10;Parameter &apos;platformType&apos; is required by BeforeClass on method classPreRequisites but has not been marked @Optional or defined&#10;"/>
  </testcase>
  <testcase name="verifySearchByFeature" classname="sew.ai.tests.csp.AdminNotificationTests" time="0.0">
    <skipped message="&#10;Parameter &apos;platformType&apos; is required by BeforeClass on method classPreRequisites but has not been marked @Optional or defined&#10;"/>
  </testcase>
  <testcase name="verifySearchByValidationMessages" classname="sew.ai.tests.csp.AdminNotificationTests" time="0.0">
    <skipped message="&#10;Parameter &apos;platformType&apos; is required by BeforeClass on method classPreRequisites but has not been marked @Optional or defined&#10;"/>
  </testcase>
  <testcase name="verifySearchResultsRefreshSearchBy" classname="sew.ai.tests.csp.AdminNotificationTests" time="0.0">
    <skipped message="&#10;Parameter &apos;platformType&apos; is required by BeforeClass on method classPreRequisites but has not been marked @Optional or defined&#10;"/>
  </testcase>
  <testcase name="verifySendNotificationTab" classname="sew.ai.tests.csp.AdminNotificationTests" time="0.0">
    <skipped message="&#10;Parameter &apos;platformType&apos; is required by BeforeClass on method classPreRequisites but has not been marked @Optional or defined&#10;"/>
  </testcase>
  <testcase name="verifySentMailTab" classname="sew.ai.tests.csp.AdminNotificationTests" time="0.0">
    <skipped message="&#10;Parameter &apos;platformType&apos; is required by BeforeClass on method classPreRequisites but has not been marked @Optional or defined&#10;"/>
  </testcase>
  <testcase name="verifyThreadsModuleNotifications" classname="sew.ai.tests.csp.AdminNotificationTests" time="0.0">
    <skipped message="&#10;Parameter &apos;platformType&apos; is required by BeforeClass on method classPreRequisites but has not been marked @Optional or defined&#10;"/>
  </testcase>
  <testcase name="verifyTrashTabFunctionality" classname="sew.ai.tests.csp.AdminNotificationTests" time="0.0">
    <skipped message="&#10;Parameter &apos;platformType&apos; is required by BeforeClass on method classPreRequisites but has not been marked @Optional or defined&#10;"/>
  </testcase>
  <testcase name="tearDownClasses" classname="sew.ai.tests.csp.AdminNotificationTests" time="0.0">
    <skipped/>
  </testcase>
  <testcase name="classPreRequisites" classname="sew.ai.tests.csp.AdminUniversalSearchTests" time="0.003">
    <failure message="&#10;Parameter &apos;platformType&apos; is required by BeforeClass on method classPreRequisites but has not been marked @Optional or defined&#10;" type="org.testng.TestNGException"><![CDATA[org.testng.TestNGException: 

Parameter 'platformType' is required by BeforeClass on method classPreRequisites but has not been marked @Optional or defined

	at org.testng.internal.Parameters.createParams(Parameters.java:267)
	at org.testng.internal.Parameters.createParametersForMethod(Parameters.java:355)
	at org.testng.internal.Parameters.createParameters(Parameters.java:684)
	at org.testng.internal.Parameters.createConfigurationParameters(Parameters.java:166)
	at org.testng.internal.invokers.ConfigInvoker.invokeConfigurations(ConfigInvoker.java:277)
	at org.testng.internal.invokers.TestMethodWorker.invokeBeforeClassMethods(TestMethodWorker.java:180)
	at org.testng.internal.invokers.TestMethodWorker.run(TestMethodWorker.java:122)
	at java.base/java.util.ArrayList.forEach(ArrayList.java:1511)
	at org.testng.TestRunner.privateRun(TestRunner.java:829)
	at org.testng.TestRunner.run(TestRunner.java:602)
	at org.testng.SuiteRunner.runTest(SuiteRunner.java:437)
	at org.testng.SuiteRunner.runSequentially(SuiteRunner.java:431)
	at org.testng.SuiteRunner.privateRun(SuiteRunner.java:391)
	at org.testng.SuiteRunner.run(SuiteRunner.java:330)
	at org.testng.SuiteRunnerWorker.runSuite(SuiteRunnerWorker.java:52)
	at org.testng.SuiteRunnerWorker.run(SuiteRunnerWorker.java:95)
	at org.testng.TestNG.runSuitesSequentially(TestNG.java:1256)
	at org.testng.TestNG.runSuitesLocally(TestNG.java:1176)
	at org.testng.TestNG.runSuites(TestNG.java:1099)
	at org.testng.TestNG.run(TestNG.java:1067)
	at org.apache.maven.surefire.testng.TestNGExecutor.run(TestNGExecutor.java:155)
	at org.apache.maven.surefire.testng.TestNGDirectoryTestSuite.executeMulti(TestNGDirectoryTestSuite.java:169)
	at org.apache.maven.surefire.testng.TestNGDirectoryTestSuite.execute(TestNGDirectoryTestSuite.java:88)
	at org.apache.maven.surefire.testng.TestNGProvider.invoke(TestNGProvider.java:137)
	at org.apache.maven.surefire.booter.ForkedBooter.runSuitesInProcess(ForkedBooter.java:385)
	at org.apache.maven.surefire.booter.ForkedBooter.execute(ForkedBooter.java:162)
	at org.apache.maven.surefire.booter.ForkedBooter.run(ForkedBooter.java:507)
	at org.apache.maven.surefire.booter.ForkedBooter.main(ForkedBooter.java:495)
]]></failure>
  </testcase>
  <testcase name="methodsPreRequisites" classname="sew.ai.tests.csp.AdminUniversalSearchTests" time="0.0">
    <skipped/>
  </testcase>
  <testcase name="methodsPreRequisites" classname="sew.ai.tests.csp.AdminUniversalSearchTests" time="0.0">
    <skipped/>
  </testcase>
  <testcase name="methodsPreRequisites" classname="sew.ai.tests.csp.AdminUniversalSearchTests" time="0.0">
    <skipped/>
  </testcase>
  <testcase name="methodsPreRequisites" classname="sew.ai.tests.csp.AdminUniversalSearchTests" time="0.0">
    <skipped/>
  </testcase>
  <testcase name="verifyBlankSearch" classname="sew.ai.tests.csp.AdminUniversalSearchTests" time="0.0">
    <skipped message="&#10;Parameter &apos;platformType&apos; is required by BeforeClass on method classPreRequisites but has not been marked @Optional or defined&#10;"/>
  </testcase>
  <testcase name="tearDownMethods" classname="sew.ai.tests.csp.AdminUniversalSearchTests" time="0.0">
    <skipped/>
  </testcase>
  <testcase name="tearDownMethods" classname="sew.ai.tests.csp.AdminUniversalSearchTests" time="0.0">
    <skipped/>
  </testcase>
  <testcase name="tearDownMethods" classname="sew.ai.tests.csp.AdminUniversalSearchTests" time="0.0">
    <skipped/>
  </testcase>
  <testcase name="tearDownMethods" classname="sew.ai.tests.csp.AdminUniversalSearchTests" time="0.0">
    <skipped/>
  </testcase>
  <testcase name="verifyHyperLinkCustomerName" classname="sew.ai.tests.csp.AdminUniversalSearchTests" time="0.0">
    <skipped message="&#10;Parameter &apos;platformType&apos; is required by BeforeClass on method classPreRequisites but has not been marked @Optional or defined&#10;"/>
  </testcase>
  <testcase name="verifyUniversalSearchField" classname="sew.ai.tests.csp.AdminUniversalSearchTests" time="0.0">
    <skipped message="&#10;Parameter &apos;platformType&apos; is required by BeforeClass on method classPreRequisites but has not been marked @Optional or defined&#10;"/>
  </testcase>
  <testcase name="verifyUniversalSearchFieldsAndReportGridInfo" classname="sew.ai.tests.csp.AdminUniversalSearchTests" time="0.0">
    <skipped message="&#10;Parameter &apos;platformType&apos; is required by BeforeClass on method classPreRequisites but has not been marked @Optional or defined&#10;"/>
  </testcase>
  <testcase name="tearDownClasses" classname="sew.ai.tests.csp.AdminUniversalSearchTests" time="0.0">
    <skipped/>
  </testcase>
  <testcase name="classPreRequisites" classname="sew.ai.tests.csp.ForgotPasswordTests" time="0.001">
    <failure message="&#10;Parameter &apos;platformType&apos; is required by BeforeClass on method classPreRequisites but has not been marked @Optional or defined&#10;" type="org.testng.TestNGException"><![CDATA[org.testng.TestNGException: 

Parameter 'platformType' is required by BeforeClass on method classPreRequisites but has not been marked @Optional or defined

	at org.testng.internal.Parameters.createParams(Parameters.java:267)
	at org.testng.internal.Parameters.createParametersForMethod(Parameters.java:355)
	at org.testng.internal.Parameters.createParameters(Parameters.java:684)
	at org.testng.internal.Parameters.createConfigurationParameters(Parameters.java:166)
	at org.testng.internal.invokers.ConfigInvoker.invokeConfigurations(ConfigInvoker.java:277)
	at org.testng.internal.invokers.TestMethodWorker.invokeBeforeClassMethods(TestMethodWorker.java:180)
	at org.testng.internal.invokers.TestMethodWorker.run(TestMethodWorker.java:122)
	at java.base/java.util.ArrayList.forEach(ArrayList.java:1511)
	at org.testng.TestRunner.privateRun(TestRunner.java:829)
	at org.testng.TestRunner.run(TestRunner.java:602)
	at org.testng.SuiteRunner.runTest(SuiteRunner.java:437)
	at org.testng.SuiteRunner.runSequentially(SuiteRunner.java:431)
	at org.testng.SuiteRunner.privateRun(SuiteRunner.java:391)
	at org.testng.SuiteRunner.run(SuiteRunner.java:330)
	at org.testng.SuiteRunnerWorker.runSuite(SuiteRunnerWorker.java:52)
	at org.testng.SuiteRunnerWorker.run(SuiteRunnerWorker.java:95)
	at org.testng.TestNG.runSuitesSequentially(TestNG.java:1256)
	at org.testng.TestNG.runSuitesLocally(TestNG.java:1176)
	at org.testng.TestNG.runSuites(TestNG.java:1099)
	at org.testng.TestNG.run(TestNG.java:1067)
	at org.apache.maven.surefire.testng.TestNGExecutor.run(TestNGExecutor.java:155)
	at org.apache.maven.surefire.testng.TestNGDirectoryTestSuite.executeMulti(TestNGDirectoryTestSuite.java:169)
	at org.apache.maven.surefire.testng.TestNGDirectoryTestSuite.execute(TestNGDirectoryTestSuite.java:88)
	at org.apache.maven.surefire.testng.TestNGProvider.invoke(TestNGProvider.java:137)
	at org.apache.maven.surefire.booter.ForkedBooter.runSuitesInProcess(ForkedBooter.java:385)
	at org.apache.maven.surefire.booter.ForkedBooter.execute(ForkedBooter.java:162)
	at org.apache.maven.surefire.booter.ForkedBooter.run(ForkedBooter.java:507)
	at org.apache.maven.surefire.booter.ForkedBooter.main(ForkedBooter.java:495)
]]></failure>
  </testcase>
  <testcase name="methodsPreRequisites" classname="sew.ai.tests.csp.ForgotPasswordTests" time="0.0">
    <skipped/>
  </testcase>
  <testcase name="verifyForgotPassword" classname="sew.ai.tests.csp.ForgotPasswordTests" time="0.0">
    <skipped message="&#10;Parameter &apos;platformType&apos; is required by BeforeClass on method classPreRequisites but has not been marked @Optional or defined&#10;"/>
  </testcase>
  <testcase name="tearDownMethods" classname="sew.ai.tests.csp.ForgotPasswordTests" time="0.0">
    <skipped/>
  </testcase>
  <testcase name="tearDownClasses" classname="sew.ai.tests.csp.ForgotPasswordTests" time="0.0">
    <skipped/>
  </testcase>
  <testcase name="classPreRequisites" classname="sew.ai.tests.csp.OutageTests" time="0.002">
    <failure message="&#10;Parameter &apos;platformType&apos; is required by BeforeClass on method classPreRequisites but has not been marked @Optional or defined&#10;" type="org.testng.TestNGException"><![CDATA[org.testng.TestNGException: 

Parameter 'platformType' is required by BeforeClass on method classPreRequisites but has not been marked @Optional or defined

	at org.testng.internal.Parameters.createParams(Parameters.java:267)
	at org.testng.internal.Parameters.createParametersForMethod(Parameters.java:355)
	at org.testng.internal.Parameters.createParameters(Parameters.java:684)
	at org.testng.internal.Parameters.createConfigurationParameters(Parameters.java:166)
	at org.testng.internal.invokers.ConfigInvoker.invokeConfigurations(ConfigInvoker.java:277)
	at org.testng.internal.invokers.TestMethodWorker.invokeBeforeClassMethods(TestMethodWorker.java:180)
	at org.testng.internal.invokers.TestMethodWorker.run(TestMethodWorker.java:122)
	at java.base/java.util.ArrayList.forEach(ArrayList.java:1511)
	at org.testng.TestRunner.privateRun(TestRunner.java:829)
	at org.testng.TestRunner.run(TestRunner.java:602)
	at org.testng.SuiteRunner.runTest(SuiteRunner.java:437)
	at org.testng.SuiteRunner.runSequentially(SuiteRunner.java:431)
	at org.testng.SuiteRunner.privateRun(SuiteRunner.java:391)
	at org.testng.SuiteRunner.run(SuiteRunner.java:330)
	at org.testng.SuiteRunnerWorker.runSuite(SuiteRunnerWorker.java:52)
	at org.testng.SuiteRunnerWorker.run(SuiteRunnerWorker.java:95)
	at org.testng.TestNG.runSuitesSequentially(TestNG.java:1256)
	at org.testng.TestNG.runSuitesLocally(TestNG.java:1176)
	at org.testng.TestNG.runSuites(TestNG.java:1099)
	at org.testng.TestNG.run(TestNG.java:1067)
	at org.apache.maven.surefire.testng.TestNGExecutor.run(TestNGExecutor.java:155)
	at org.apache.maven.surefire.testng.TestNGDirectoryTestSuite.executeMulti(TestNGDirectoryTestSuite.java:169)
	at org.apache.maven.surefire.testng.TestNGDirectoryTestSuite.execute(TestNGDirectoryTestSuite.java:88)
	at org.apache.maven.surefire.testng.TestNGProvider.invoke(TestNGProvider.java:137)
	at org.apache.maven.surefire.booter.ForkedBooter.runSuitesInProcess(ForkedBooter.java:385)
	at org.apache.maven.surefire.booter.ForkedBooter.execute(ForkedBooter.java:162)
	at org.apache.maven.surefire.booter.ForkedBooter.run(ForkedBooter.java:507)
	at org.apache.maven.surefire.booter.ForkedBooter.main(ForkedBooter.java:495)
]]></failure>
  </testcase>
  <testcase name="methodsPreRequisites" classname="sew.ai.tests.csp.OutageTests" time="0.0">
    <skipped/>
  </testcase>
  <testcase name="methodsPreRequisites" classname="sew.ai.tests.csp.OutageTests" time="0.0">
    <skipped/>
  </testcase>
  <testcase name="verifyObjectsAdminOutagePage" classname="sew.ai.tests.csp.OutageTests" time="0.0">
    <skipped message="&#10;Parameter &apos;platformType&apos; is required by BeforeClass on method classPreRequisites but has not been marked @Optional or defined&#10;"/>
  </testcase>
  <testcase name="tearDownMethods" classname="sew.ai.tests.csp.OutageTests" time="0.0">
    <skipped/>
  </testcase>
  <testcase name="tearDownMethods" classname="sew.ai.tests.csp.OutageTests" time="0.0">
    <skipped/>
  </testcase>
  <testcase name="verifySelectedOutageDetails" classname="sew.ai.tests.csp.OutageTests" time="0.0">
    <skipped message="&#10;Parameter &apos;platformType&apos; is required by BeforeClass on method classPreRequisites but has not been marked @Optional or defined&#10;"/>
  </testcase>
  <testcase name="tearDownClasses" classname="sew.ai.tests.csp.OutageTests" time="0.0">
    <skipped/>
  </testcase>
  <testcase name="classPreRequisites" classname="sew.ai.tests.csp.WaysToSaveTests" time="0.001">
    <failure message="&#10;Parameter &apos;platformType&apos; is required by BeforeClass on method classPreRequisites but has not been marked @Optional or defined&#10;" type="org.testng.TestNGException"><![CDATA[org.testng.TestNGException: 

Parameter 'platformType' is required by BeforeClass on method classPreRequisites but has not been marked @Optional or defined

	at org.testng.internal.Parameters.createParams(Parameters.java:267)
	at org.testng.internal.Parameters.createParametersForMethod(Parameters.java:355)
	at org.testng.internal.Parameters.createParameters(Parameters.java:684)
	at org.testng.internal.Parameters.createConfigurationParameters(Parameters.java:166)
	at org.testng.internal.invokers.ConfigInvoker.invokeConfigurations(ConfigInvoker.java:277)
	at org.testng.internal.invokers.TestMethodWorker.invokeBeforeClassMethods(TestMethodWorker.java:180)
	at org.testng.internal.invokers.TestMethodWorker.run(TestMethodWorker.java:122)
	at java.base/java.util.ArrayList.forEach(ArrayList.java:1511)
	at org.testng.TestRunner.privateRun(TestRunner.java:829)
	at org.testng.TestRunner.run(TestRunner.java:602)
	at org.testng.SuiteRunner.runTest(SuiteRunner.java:437)
	at org.testng.SuiteRunner.runSequentially(SuiteRunner.java:431)
	at org.testng.SuiteRunner.privateRun(SuiteRunner.java:391)
	at org.testng.SuiteRunner.run(SuiteRunner.java:330)
	at org.testng.SuiteRunnerWorker.runSuite(SuiteRunnerWorker.java:52)
	at org.testng.SuiteRunnerWorker.run(SuiteRunnerWorker.java:95)
	at org.testng.TestNG.runSuitesSequentially(TestNG.java:1256)
	at org.testng.TestNG.runSuitesLocally(TestNG.java:1176)
	at org.testng.TestNG.runSuites(TestNG.java:1099)
	at org.testng.TestNG.run(TestNG.java:1067)
	at org.apache.maven.surefire.testng.TestNGExecutor.run(TestNGExecutor.java:155)
	at org.apache.maven.surefire.testng.TestNGDirectoryTestSuite.executeMulti(TestNGDirectoryTestSuite.java:169)
	at org.apache.maven.surefire.testng.TestNGDirectoryTestSuite.execute(TestNGDirectoryTestSuite.java:88)
	at org.apache.maven.surefire.testng.TestNGProvider.invoke(TestNGProvider.java:137)
	at org.apache.maven.surefire.booter.ForkedBooter.runSuitesInProcess(ForkedBooter.java:385)
	at org.apache.maven.surefire.booter.ForkedBooter.execute(ForkedBooter.java:162)
	at org.apache.maven.surefire.booter.ForkedBooter.run(ForkedBooter.java:507)
	at org.apache.maven.surefire.booter.ForkedBooter.main(ForkedBooter.java:495)
]]></failure>
  </testcase>
  <testcase name="methodsPreRequisites" classname="sew.ai.tests.csp.WaysToSaveTests" time="0.0">
    <skipped/>
  </testcase>
  <testcase name="methodsPreRequisites" classname="sew.ai.tests.csp.WaysToSaveTests" time="0.0">
    <skipped/>
  </testcase>
  <testcase name="methodsPreRequisites" classname="sew.ai.tests.csp.WaysToSaveTests" time="0.0">
    <skipped/>
  </testcase>
  <testcase name="methodsPreRequisites" classname="sew.ai.tests.csp.WaysToSaveTests" time="0.0">
    <skipped/>
  </testcase>
  <testcase name="methodsPreRequisites" classname="sew.ai.tests.csp.WaysToSaveTests" time="0.0">
    <skipped/>
  </testcase>
  <testcase name="methodsPreRequisites" classname="sew.ai.tests.csp.WaysToSaveTests" time="0.0">
    <skipped/>
  </testcase>
  <testcase name="methodsPreRequisites" classname="sew.ai.tests.csp.WaysToSaveTests" time="0.0">
    <skipped/>
  </testcase>
  <testcase name="methodsPreRequisites" classname="sew.ai.tests.csp.WaysToSaveTests" time="0.0">
    <skipped/>
  </testcase>
  <testcase name="methodsPreRequisites" classname="sew.ai.tests.csp.WaysToSaveTests" time="0.0">
    <skipped/>
  </testcase>
  <testcase name="methodsPreRequisites" classname="sew.ai.tests.csp.WaysToSaveTests" time="0.0">
    <skipped/>
  </testcase>
  <testcase name="methodsPreRequisites" classname="sew.ai.tests.csp.WaysToSaveTests" time="0.0">
    <skipped/>
  </testcase>
  <testcase name="methodsPreRequisites" classname="sew.ai.tests.csp.WaysToSaveTests" time="0.0">
    <skipped/>
  </testcase>
  <testcase name="methodsPreRequisites" classname="sew.ai.tests.csp.WaysToSaveTests" time="0.0">
    <skipped/>
  </testcase>
  <testcase name="methodsPreRequisites" classname="sew.ai.tests.csp.WaysToSaveTests" time="0.0">
    <skipped/>
  </testcase>
  <testcase name="methodsPreRequisites" classname="sew.ai.tests.csp.WaysToSaveTests" time="0.0">
    <skipped/>
  </testcase>
  <testcase name="methodsPreRequisites" classname="sew.ai.tests.csp.WaysToSaveTests" time="0.0">
    <skipped/>
  </testcase>
  <testcase name="methodsPreRequisites" classname="sew.ai.tests.csp.WaysToSaveTests" time="0.0">
    <skipped/>
  </testcase>
  <testcase name="methodsPreRequisites" classname="sew.ai.tests.csp.WaysToSaveTests" time="0.0">
    <skipped/>
  </testcase>
  <testcase name="methodsPreRequisites" classname="sew.ai.tests.csp.WaysToSaveTests" time="0.0">
    <skipped/>
  </testcase>
  <testcase name="verifyAddEfficiencyForm" classname="sew.ai.tests.csp.WaysToSaveTests" time="0.0">
    <skipped message="&#10;Parameter &apos;platformType&apos; is required by BeforeClass on method classPreRequisites but has not been marked @Optional or defined&#10;"/>
  </testcase>
  <testcase name="tearDownMethods" classname="sew.ai.tests.csp.WaysToSaveTests" time="0.0">
    <skipped/>
  </testcase>
  <testcase name="tearDownMethods" classname="sew.ai.tests.csp.WaysToSaveTests" time="0.0">
    <skipped/>
  </testcase>
  <testcase name="tearDownMethods" classname="sew.ai.tests.csp.WaysToSaveTests" time="0.0">
    <skipped/>
  </testcase>
  <testcase name="tearDownMethods" classname="sew.ai.tests.csp.WaysToSaveTests" time="0.0">
    <skipped/>
  </testcase>
  <testcase name="tearDownMethods" classname="sew.ai.tests.csp.WaysToSaveTests" time="0.0">
    <skipped/>
  </testcase>
  <testcase name="tearDownMethods" classname="sew.ai.tests.csp.WaysToSaveTests" time="0.0">
    <skipped/>
  </testcase>
  <testcase name="tearDownMethods" classname="sew.ai.tests.csp.WaysToSaveTests" time="0.0">
    <skipped/>
  </testcase>
  <testcase name="tearDownMethods" classname="sew.ai.tests.csp.WaysToSaveTests" time="0.0">
    <skipped/>
  </testcase>
  <testcase name="tearDownMethods" classname="sew.ai.tests.csp.WaysToSaveTests" time="0.0">
    <skipped/>
  </testcase>
  <testcase name="tearDownMethods" classname="sew.ai.tests.csp.WaysToSaveTests" time="0.0">
    <skipped/>
  </testcase>
  <testcase name="tearDownMethods" classname="sew.ai.tests.csp.WaysToSaveTests" time="0.0">
    <skipped/>
  </testcase>
  <testcase name="tearDownMethods" classname="sew.ai.tests.csp.WaysToSaveTests" time="0.0">
    <skipped/>
  </testcase>
  <testcase name="tearDownMethods" classname="sew.ai.tests.csp.WaysToSaveTests" time="0.0">
    <skipped/>
  </testcase>
  <testcase name="tearDownMethods" classname="sew.ai.tests.csp.WaysToSaveTests" time="0.0">
    <skipped/>
  </testcase>
  <testcase name="tearDownMethods" classname="sew.ai.tests.csp.WaysToSaveTests" time="0.0">
    <skipped/>
  </testcase>
  <testcase name="tearDownMethods" classname="sew.ai.tests.csp.WaysToSaveTests" time="0.0">
    <skipped/>
  </testcase>
  <testcase name="tearDownMethods" classname="sew.ai.tests.csp.WaysToSaveTests" time="0.0">
    <skipped/>
  </testcase>
  <testcase name="tearDownMethods" classname="sew.ai.tests.csp.WaysToSaveTests" time="0.0">
    <skipped/>
  </testcase>
  <testcase name="tearDownMethods" classname="sew.ai.tests.csp.WaysToSaveTests" time="0.0">
    <skipped/>
  </testcase>
  <testcase name="verifyAddUpdateDeleteEducationalTipsEfficiency" classname="sew.ai.tests.csp.WaysToSaveTests" time="0.0">
    <skipped message="&#10;Parameter &apos;platformType&apos; is required by BeforeClass on method classPreRequisites but has not been marked @Optional or defined&#10;"/>
  </testcase>
  <testcase name="verifyAddUpdateDeleteEfficiency" classname="sew.ai.tests.csp.WaysToSaveTests" time="0.0">
    <skipped message="&#10;Parameter &apos;platformType&apos; is required by BeforeClass on method classPreRequisites but has not been marked @Optional or defined&#10;"/>
  </testcase>
  <testcase name="verifyAddUpdateDeleteProgramsEfficiency" classname="sew.ai.tests.csp.WaysToSaveTests" time="0.0">
    <skipped message="&#10;Parameter &apos;platformType&apos; is required by BeforeClass on method classPreRequisites but has not been marked @Optional or defined&#10;"/>
  </testcase>
  <testcase name="verifyAddUpdateDeleteRebatesEfficiency" classname="sew.ai.tests.csp.WaysToSaveTests" time="0.0">
    <skipped message="&#10;Parameter &apos;platformType&apos; is required by BeforeClass on method classPreRequisites but has not been marked @Optional or defined&#10;"/>
  </testcase>
  <testcase name="verifyAddUpdateDeleteSavingsTipsEfficiency" classname="sew.ai.tests.csp.WaysToSaveTests" time="0.0">
    <skipped message="&#10;Parameter &apos;platformType&apos; is required by BeforeClass on method classPreRequisites but has not been marked @Optional or defined&#10;"/>
  </testcase>
  <testcase name="verifyAddWaysToSaveMultiAcctType" classname="sew.ai.tests.csp.WaysToSaveTests" time="0.0">
    <skipped message="&#10;Parameter &apos;platformType&apos; is required by BeforeClass on method classPreRequisites but has not been marked @Optional or defined&#10;"/>
  </testcase>
  <testcase name="verifyEducationalTipsOrderAndTitle" classname="sew.ai.tests.csp.WaysToSaveTests" time="0.0">
    <skipped message="&#10;Parameter &apos;platformType&apos; is required by BeforeClass on method classPreRequisites but has not been marked @Optional or defined&#10;"/>
  </testcase>
  <testcase name="verifyExternalLinkEfficiency" classname="sew.ai.tests.csp.WaysToSaveTests" time="0.0">
    <skipped message="&#10;Parameter &apos;platformType&apos; is required by BeforeClass on method classPreRequisites but has not been marked @Optional or defined&#10;"/>
  </testcase>
  <testcase name="verifyFieldsAfterSelectingCategory" classname="sew.ai.tests.csp.WaysToSaveTests" time="0.0">
    <skipped message="&#10;Parameter &apos;platformType&apos; is required by BeforeClass on method classPreRequisites but has not been marked @Optional or defined&#10;"/>
  </testcase>
  <testcase name="verifyImageFunctionality" classname="sew.ai.tests.csp.WaysToSaveTests" time="0.0">
    <skipped message="&#10;Parameter &apos;platformType&apos; is required by BeforeClass on method classPreRequisites but has not been marked @Optional or defined&#10;"/>
  </testcase>
  <testcase name="verifyInactiveActiveWaysToSave" classname="sew.ai.tests.csp.WaysToSaveTests" time="0.0">
    <skipped message="&#10;Parameter &apos;platformType&apos; is required by BeforeClass on method classPreRequisites but has not been marked @Optional or defined&#10;"/>
  </testcase>
  <testcase name="verifyProgramsOrderAndTitle" classname="sew.ai.tests.csp.WaysToSaveTests" time="0.0">
    <skipped message="&#10;Parameter &apos;platformType&apos; is required by BeforeClass on method classPreRequisites but has not been marked @Optional or defined&#10;"/>
  </testcase>
  <testcase name="verifyRebatesOrderAndTitle" classname="sew.ai.tests.csp.WaysToSaveTests" time="0.0">
    <skipped message="&#10;Parameter &apos;platformType&apos; is required by BeforeClass on method classPreRequisites but has not been marked @Optional or defined&#10;"/>
  </testcase>
  <testcase name="verifySavingTipsOrderAndTitle" classname="sew.ai.tests.csp.WaysToSaveTests" time="0.0">
    <skipped message="&#10;Parameter &apos;platformType&apos; is required by BeforeClass on method classPreRequisites but has not been marked @Optional or defined&#10;"/>
  </testcase>
  <testcase name="verifyUpdateWaysToSaveFieldsAndValidationMsg" classname="sew.ai.tests.csp.WaysToSaveTests" time="0.0">
    <skipped message="&#10;Parameter &apos;platformType&apos; is required by BeforeClass on method classPreRequisites but has not been marked @Optional or defined&#10;"/>
  </testcase>
  <testcase name="verifyUpdateWaysToSaveMultiAcctType" classname="sew.ai.tests.csp.WaysToSaveTests" time="0.0">
    <skipped message="&#10;Parameter &apos;platformType&apos; is required by BeforeClass on method classPreRequisites but has not been marked @Optional or defined&#10;"/>
  </testcase>
  <testcase name="verifyWaysToSaveDashboard" classname="sew.ai.tests.csp.WaysToSaveTests" time="0.0">
    <skipped message="&#10;Parameter &apos;platformType&apos; is required by BeforeClass on method classPreRequisites but has not been marked @Optional or defined&#10;"/>
  </testcase>
  <testcase name="verifyWaysToSaveViewPopupDetailsCSP" classname="sew.ai.tests.csp.WaysToSaveTests" time="0.0">
    <skipped message="&#10;Parameter &apos;platformType&apos; is required by BeforeClass on method classPreRequisites but has not been marked @Optional or defined&#10;"/>
  </testcase>
  <testcase name="tearDownClasses" classname="sew.ai.tests.csp.WaysToSaveTests" time="0.0">
    <skipped/>
  </testcase>
  <testcase name="classPreRequisites" classname="sew.ai.tests.scp.AccountInformationTests" time="0.001">
    <failure message="&#10;Parameter &apos;platformType&apos; is required by BeforeClass on method classPreRequisites but has not been marked @Optional or defined&#10;" type="org.testng.TestNGException"><![CDATA[org.testng.TestNGException: 

Parameter 'platformType' is required by BeforeClass on method classPreRequisites but has not been marked @Optional or defined

	at org.testng.internal.Parameters.createParams(Parameters.java:267)
	at org.testng.internal.Parameters.createParametersForMethod(Parameters.java:355)
	at org.testng.internal.Parameters.createParameters(Parameters.java:684)
	at org.testng.internal.Parameters.createConfigurationParameters(Parameters.java:166)
	at org.testng.internal.invokers.ConfigInvoker.invokeConfigurations(ConfigInvoker.java:277)
	at org.testng.internal.invokers.TestMethodWorker.invokeBeforeClassMethods(TestMethodWorker.java:180)
	at org.testng.internal.invokers.TestMethodWorker.run(TestMethodWorker.java:122)
	at java.base/java.util.ArrayList.forEach(ArrayList.java:1511)
	at org.testng.TestRunner.privateRun(TestRunner.java:829)
	at org.testng.TestRunner.run(TestRunner.java:602)
	at org.testng.SuiteRunner.runTest(SuiteRunner.java:437)
	at org.testng.SuiteRunner.runSequentially(SuiteRunner.java:431)
	at org.testng.SuiteRunner.privateRun(SuiteRunner.java:391)
	at org.testng.SuiteRunner.run(SuiteRunner.java:330)
	at org.testng.SuiteRunnerWorker.runSuite(SuiteRunnerWorker.java:52)
	at org.testng.SuiteRunnerWorker.run(SuiteRunnerWorker.java:95)
	at org.testng.TestNG.runSuitesSequentially(TestNG.java:1256)
	at org.testng.TestNG.runSuitesLocally(TestNG.java:1176)
	at org.testng.TestNG.runSuites(TestNG.java:1099)
	at org.testng.TestNG.run(TestNG.java:1067)
	at org.apache.maven.surefire.testng.TestNGExecutor.run(TestNGExecutor.java:155)
	at org.apache.maven.surefire.testng.TestNGDirectoryTestSuite.executeMulti(TestNGDirectoryTestSuite.java:169)
	at org.apache.maven.surefire.testng.TestNGDirectoryTestSuite.execute(TestNGDirectoryTestSuite.java:88)
	at org.apache.maven.surefire.testng.TestNGProvider.invoke(TestNGProvider.java:137)
	at org.apache.maven.surefire.booter.ForkedBooter.runSuitesInProcess(ForkedBooter.java:385)
	at org.apache.maven.surefire.booter.ForkedBooter.execute(ForkedBooter.java:162)
	at org.apache.maven.surefire.booter.ForkedBooter.run(ForkedBooter.java:507)
	at org.apache.maven.surefire.booter.ForkedBooter.main(ForkedBooter.java:495)
]]></failure>
  </testcase>
  <testcase name="methodsPreRequisites" classname="sew.ai.tests.scp.AccountInformationTests" time="0.0">
    <skipped/>
  </testcase>
  <testcase name="methodsPreRequisites" classname="sew.ai.tests.scp.AccountInformationTests" time="0.0">
    <skipped/>
  </testcase>
  <testcase name="methodsPreRequisites" classname="sew.ai.tests.scp.AccountInformationTests" time="0.0">
    <skipped/>
  </testcase>
  <testcase name="methodsPreRequisites" classname="sew.ai.tests.scp.AccountInformationTests" time="0.0">
    <skipped/>
  </testcase>
  <testcase name="methodsPreRequisites" classname="sew.ai.tests.scp.AccountInformationTests" time="0.0">
    <skipped/>
  </testcase>
  <testcase name="methodsPreRequisites" classname="sew.ai.tests.scp.AccountInformationTests" time="0.0">
    <skipped/>
  </testcase>
  <testcase name="methodsPreRequisites" classname="sew.ai.tests.scp.AccountInformationTests" time="0.0">
    <skipped/>
  </testcase>
  <testcase name="methodsPreRequisites" classname="sew.ai.tests.scp.AccountInformationTests" time="0.0">
    <skipped/>
  </testcase>
  <testcase name="methodsPreRequisites" classname="sew.ai.tests.scp.AccountInformationTests" time="0.0">
    <skipped/>
  </testcase>
  <testcase name="methodsPreRequisites" classname="sew.ai.tests.scp.AccountInformationTests" time="0.0">
    <skipped/>
  </testcase>
  <testcase name="methodsPreRequisites" classname="sew.ai.tests.scp.AccountInformationTests" time="0.0">
    <skipped/>
  </testcase>
  <testcase name="methodsPreRequisites" classname="sew.ai.tests.scp.AccountInformationTests" time="0.0">
    <skipped/>
  </testcase>
  <testcase name="methodsPreRequisites" classname="sew.ai.tests.scp.AccountInformationTests" time="0.0">
    <skipped/>
  </testcase>
  <testcase name="methodsPreRequisites" classname="sew.ai.tests.scp.AccountInformationTests" time="0.0">
    <skipped/>
  </testcase>
  <testcase name="verifyCISValidationMessageForLinkAccount" classname="sew.ai.tests.scp.AccountInformationTests" time="0.0">
    <skipped message="&#10;Parameter &apos;platformType&apos; is required by BeforeClass on method classPreRequisites but has not been marked @Optional or defined&#10;"/>
  </testcase>
  <testcase name="tearDownMethods" classname="sew.ai.tests.scp.AccountInformationTests" time="0.0">
    <skipped/>
  </testcase>
  <testcase name="tearDownMethods" classname="sew.ai.tests.scp.AccountInformationTests" time="0.0">
    <skipped/>
  </testcase>
  <testcase name="tearDownMethods" classname="sew.ai.tests.scp.AccountInformationTests" time="0.0">
    <skipped/>
  </testcase>
  <testcase name="tearDownMethods" classname="sew.ai.tests.scp.AccountInformationTests" time="0.0">
    <skipped/>
  </testcase>
  <testcase name="tearDownMethods" classname="sew.ai.tests.scp.AccountInformationTests" time="0.0">
    <skipped/>
  </testcase>
  <testcase name="tearDownMethods" classname="sew.ai.tests.scp.AccountInformationTests" time="0.0">
    <skipped/>
  </testcase>
  <testcase name="tearDownMethods" classname="sew.ai.tests.scp.AccountInformationTests" time="0.0">
    <skipped/>
  </testcase>
  <testcase name="tearDownMethods" classname="sew.ai.tests.scp.AccountInformationTests" time="0.0">
    <skipped/>
  </testcase>
  <testcase name="tearDownMethods" classname="sew.ai.tests.scp.AccountInformationTests" time="0.0">
    <skipped/>
  </testcase>
  <testcase name="tearDownMethods" classname="sew.ai.tests.scp.AccountInformationTests" time="0.0">
    <skipped/>
  </testcase>
  <testcase name="tearDownMethods" classname="sew.ai.tests.scp.AccountInformationTests" time="0.0">
    <skipped/>
  </testcase>
  <testcase name="tearDownMethods" classname="sew.ai.tests.scp.AccountInformationTests" time="0.0">
    <skipped/>
  </testcase>
  <testcase name="tearDownMethods" classname="sew.ai.tests.scp.AccountInformationTests" time="0.0">
    <skipped/>
  </testcase>
  <testcase name="tearDownMethods" classname="sew.ai.tests.scp.AccountInformationTests" time="0.0">
    <skipped/>
  </testcase>
  <testcase name="verifyDropdownOnLinkDeLinkAccounts" classname="sew.ai.tests.scp.AccountInformationTests" time="0.0">
    <skipped message="&#10;Parameter &apos;platformType&apos; is required by BeforeClass on method classPreRequisites but has not been marked @Optional or defined&#10;"/>
  </testcase>
  <testcase name="verifyLinkAccountAndDeleteLinkedAccount" classname="sew.ai.tests.scp.AccountInformationTests" time="0.0">
    <skipped message="&#10;Parameter &apos;platformType&apos; is required by BeforeClass on method classPreRequisites but has not been marked @Optional or defined&#10;"/>
  </testcase>
  <testcase name="verifyLinkAccountUIAndValidation" classname="sew.ai.tests.scp.AccountInformationTests" time="0.0">
    <skipped message="&#10;Parameter &apos;platformType&apos; is required by BeforeClass on method classPreRequisites but has not been marked @Optional or defined&#10;"/>
  </testcase>
  <testcase name="verifyLinkAlreadyRegisteredActiveAccount" classname="sew.ai.tests.scp.AccountInformationTests" time="0.0">
    <skipped message="&#10;Parameter &apos;platformType&apos; is required by BeforeClass on method classPreRequisites but has not been marked @Optional or defined&#10;"/>
  </testcase>
  <testcase name="verifyLinkInactiveAccount" classname="sew.ai.tests.scp.AccountInformationTests" time="0.0">
    <skipped message="&#10;Parameter &apos;platformType&apos; is required by BeforeClass on method classPreRequisites but has not been marked @Optional or defined&#10;"/>
  </testcase>
  <testcase name="verifyLinkRegisteredButItsActivationLinkExpiredAccount" classname="sew.ai.tests.scp.AccountInformationTests" time="0.0">
    <skipped message="&#10;Parameter &apos;platformType&apos; is required by BeforeClass on method classPreRequisites but has not been marked @Optional or defined&#10;"/>
  </testcase>
  <testcase name="verifyMakeDefaultForMultiLinkAccount" classname="sew.ai.tests.scp.AccountInformationTests" time="0.0">
    <skipped message="&#10;Parameter &apos;platformType&apos; is required by BeforeClass on method classPreRequisites but has not been marked @Optional or defined&#10;"/>
  </testcase>
  <testcase name="verifyMultiAccountDelinkAndregistration" classname="sew.ai.tests.scp.AccountInformationTests" time="0.0">
    <skipped message="&#10;Parameter &apos;platformType&apos; is required by BeforeClass on method classPreRequisites but has not been marked @Optional or defined&#10;"/>
  </testcase>
  <testcase name="verifyMultiAccountregistrationandDelinkedAccount" classname="sew.ai.tests.scp.AccountInformationTests" time="0.0">
    <skipped message="&#10;Parameter &apos;platformType&apos; is required by BeforeClass on method classPreRequisites but has not been marked @Optional or defined&#10;"/>
  </testcase>
  <testcase name="verifyMultiLinkAccountAndDeleteAgainLinkedAccount" classname="sew.ai.tests.scp.AccountInformationTests" time="0.0">
    <skipped message="&#10;Parameter &apos;platformType&apos; is required by BeforeClass on method classPreRequisites but has not been marked @Optional or defined&#10;"/>
  </testcase>
  <testcase name="verifyMultiLinkAccountAndDeleteCommericalLinkedAccount" classname="sew.ai.tests.scp.AccountInformationTests" time="0.0">
    <skipped message="&#10;Parameter &apos;platformType&apos; is required by BeforeClass on method classPreRequisites but has not been marked @Optional or defined&#10;"/>
  </testcase>
  <testcase name="verifyMultiLinkAccountAndDeleteLinkedAccount" classname="sew.ai.tests.scp.AccountInformationTests" time="0.0">
    <skipped message="&#10;Parameter &apos;platformType&apos; is required by BeforeClass on method classPreRequisites but has not been marked @Optional or defined&#10;"/>
  </testcase>
  <testcase name="verifyUnableLinkResidentialAccountInCommercialSectionAndViceVersa" classname="sew.ai.tests.scp.AccountInformationTests" time="0.0">
    <skipped message="&#10;Parameter &apos;platformType&apos; is required by BeforeClass on method classPreRequisites but has not been marked @Optional or defined&#10;"/>
  </testcase>
  <testcase name="tearDownClasses" classname="sew.ai.tests.scp.AccountInformationTests" time="0.0">
    <skipped/>
  </testcase>
  <testcase name="classPreRequisites" classname="sew.ai.tests.scp.DashboardTests" time="0.001">
    <failure message="&#10;Parameter &apos;platformType&apos; is required by BeforeClass on method classPreRequisites but has not been marked @Optional or defined&#10;" type="org.testng.TestNGException"><![CDATA[org.testng.TestNGException: 

Parameter 'platformType' is required by BeforeClass on method classPreRequisites but has not been marked @Optional or defined

	at org.testng.internal.Parameters.createParams(Parameters.java:267)
	at org.testng.internal.Parameters.createParametersForMethod(Parameters.java:355)
	at org.testng.internal.Parameters.createParameters(Parameters.java:684)
	at org.testng.internal.Parameters.createConfigurationParameters(Parameters.java:166)
	at org.testng.internal.invokers.ConfigInvoker.invokeConfigurations(ConfigInvoker.java:277)
	at org.testng.internal.invokers.TestMethodWorker.invokeBeforeClassMethods(TestMethodWorker.java:180)
	at org.testng.internal.invokers.TestMethodWorker.run(TestMethodWorker.java:122)
	at java.base/java.util.ArrayList.forEach(ArrayList.java:1511)
	at org.testng.TestRunner.privateRun(TestRunner.java:829)
	at org.testng.TestRunner.run(TestRunner.java:602)
	at org.testng.SuiteRunner.runTest(SuiteRunner.java:437)
	at org.testng.SuiteRunner.runSequentially(SuiteRunner.java:431)
	at org.testng.SuiteRunner.privateRun(SuiteRunner.java:391)
	at org.testng.SuiteRunner.run(SuiteRunner.java:330)
	at org.testng.SuiteRunnerWorker.runSuite(SuiteRunnerWorker.java:52)
	at org.testng.SuiteRunnerWorker.run(SuiteRunnerWorker.java:95)
	at org.testng.TestNG.runSuitesSequentially(TestNG.java:1256)
	at org.testng.TestNG.runSuitesLocally(TestNG.java:1176)
	at org.testng.TestNG.runSuites(TestNG.java:1099)
	at org.testng.TestNG.run(TestNG.java:1067)
	at org.apache.maven.surefire.testng.TestNGExecutor.run(TestNGExecutor.java:155)
	at org.apache.maven.surefire.testng.TestNGDirectoryTestSuite.executeMulti(TestNGDirectoryTestSuite.java:169)
	at org.apache.maven.surefire.testng.TestNGDirectoryTestSuite.execute(TestNGDirectoryTestSuite.java:88)
	at org.apache.maven.surefire.testng.TestNGProvider.invoke(TestNGProvider.java:137)
	at org.apache.maven.surefire.booter.ForkedBooter.runSuitesInProcess(ForkedBooter.java:385)
	at org.apache.maven.surefire.booter.ForkedBooter.execute(ForkedBooter.java:162)
	at org.apache.maven.surefire.booter.ForkedBooter.run(ForkedBooter.java:507)
	at org.apache.maven.surefire.booter.ForkedBooter.main(ForkedBooter.java:495)
]]></failure>
  </testcase>
  <testcase name="methodsPreRequisites" classname="sew.ai.tests.scp.DashboardTests" time="0.0">
    <skipped/>
  </testcase>
  <testcase name="methodsPreRequisites" classname="sew.ai.tests.scp.DashboardTests" time="0.0">
    <skipped/>
  </testcase>
  <testcase name="methodsPreRequisites" classname="sew.ai.tests.scp.DashboardTests" time="0.0">
    <skipped/>
  </testcase>
  <testcase name="methodsPreRequisites" classname="sew.ai.tests.scp.DashboardTests" time="0.0">
    <skipped/>
  </testcase>
  <testcase name="methodsPreRequisites" classname="sew.ai.tests.scp.DashboardTests" time="0.0">
    <skipped/>
  </testcase>
  <testcase name="methodsPreRequisites" classname="sew.ai.tests.scp.DashboardTests" time="0.0">
    <skipped/>
  </testcase>
  <testcase name="methodsPreRequisites" classname="sew.ai.tests.scp.DashboardTests" time="0.0">
    <skipped/>
  </testcase>
  <testcase name="verifyDashboardPageObjects" classname="sew.ai.tests.scp.DashboardTests" time="0.0">
    <skipped message="&#10;Parameter &apos;platformType&apos; is required by BeforeClass on method classPreRequisites but has not been marked @Optional or defined&#10;"/>
  </testcase>
  <testcase name="tearDownMethods" classname="sew.ai.tests.scp.DashboardTests" time="0.0">
    <skipped/>
  </testcase>
  <testcase name="tearDownMethods" classname="sew.ai.tests.scp.DashboardTests" time="0.0">
    <skipped/>
  </testcase>
  <testcase name="tearDownMethods" classname="sew.ai.tests.scp.DashboardTests" time="0.0">
    <skipped/>
  </testcase>
  <testcase name="tearDownMethods" classname="sew.ai.tests.scp.DashboardTests" time="0.0">
    <skipped/>
  </testcase>
  <testcase name="tearDownMethods" classname="sew.ai.tests.scp.DashboardTests" time="0.0">
    <skipped/>
  </testcase>
  <testcase name="tearDownMethods" classname="sew.ai.tests.scp.DashboardTests" time="0.0">
    <skipped/>
  </testcase>
  <testcase name="tearDownMethods" classname="sew.ai.tests.scp.DashboardTests" time="0.0">
    <skipped/>
  </testcase>
  <testcase name="verifyBillingSummarySectionObjects" classname="sew.ai.tests.scp.DashboardTests" time="0.0">
    <skipped message="&#10;Parameter &apos;platformType&apos; is required by BeforeClass on method classPreRequisites but has not been marked @Optional or defined&#10;"/>
  </testcase>
  <testcase name="verifyBillingSectionWithMultipleAcc" classname="sew.ai.tests.scp.DashboardTests" time="0.0">
    <skipped message="&#10;Parameter &apos;platformType&apos; is required by BeforeClass on method classPreRequisites but has not been marked @Optional or defined&#10;"/>
  </testcase>
  <testcase name="verifyBillingSectionForPayAsYouGo" classname="sew.ai.tests.scp.DashboardTests" time="0.0">
    <skipped message="&#10;Parameter &apos;platformType&apos; is required by BeforeClass on method classPreRequisites but has not been marked @Optional or defined&#10;"/>
  </testcase>
  <testcase name="verifyUsageFeatureOnDashboard" classname="sew.ai.tests.scp.DashboardTests" time="0.0">
    <skipped message="&#10;Parameter &apos;platformType&apos; is required by BeforeClass on method classPreRequisites but has not been marked @Optional or defined&#10;"/>
  </testcase>
  <testcase name="verifyAutoPayCarousel" classname="sew.ai.tests.scp.DashboardTests" time="0.0">
    <skipped message="&#10;Parameter &apos;platformType&apos; is required by BeforeClass on method classPreRequisites but has not been marked @Optional or defined&#10;"/>
  </testcase>
  <testcase name="verifySmartHomeCarousel" classname="sew.ai.tests.scp.DashboardTests" time="0.0">
    <skipped message="&#10;Parameter &apos;platformType&apos; is required by BeforeClass on method classPreRequisites but has not been marked @Optional or defined&#10;"/>
  </testcase>
  <testcase name="tearDownClasses" classname="sew.ai.tests.scp.DashboardTests" time="0.0">
    <skipped/>
  </testcase>
  <testcase name="classPreRequisites" classname="sew.ai.tests.scp.FootPrintTests" time="0.001">
    <failure message="&#10;Parameter &apos;platformType&apos; is required by BeforeClass on method classPreRequisites but has not been marked @Optional or defined&#10;" type="org.testng.TestNGException"><![CDATA[org.testng.TestNGException: 

Parameter 'platformType' is required by BeforeClass on method classPreRequisites but has not been marked @Optional or defined

	at org.testng.internal.Parameters.createParams(Parameters.java:267)
	at org.testng.internal.Parameters.createParametersForMethod(Parameters.java:355)
	at org.testng.internal.Parameters.createParameters(Parameters.java:684)
	at org.testng.internal.Parameters.createConfigurationParameters(Parameters.java:166)
	at org.testng.internal.invokers.ConfigInvoker.invokeConfigurations(ConfigInvoker.java:277)
	at org.testng.internal.invokers.TestMethodWorker.invokeBeforeClassMethods(TestMethodWorker.java:180)
	at org.testng.internal.invokers.TestMethodWorker.run(TestMethodWorker.java:122)
	at java.base/java.util.ArrayList.forEach(ArrayList.java:1511)
	at org.testng.TestRunner.privateRun(TestRunner.java:829)
	at org.testng.TestRunner.run(TestRunner.java:602)
	at org.testng.SuiteRunner.runTest(SuiteRunner.java:437)
	at org.testng.SuiteRunner.runSequentially(SuiteRunner.java:431)
	at org.testng.SuiteRunner.privateRun(SuiteRunner.java:391)
	at org.testng.SuiteRunner.run(SuiteRunner.java:330)
	at org.testng.SuiteRunnerWorker.runSuite(SuiteRunnerWorker.java:52)
	at org.testng.SuiteRunnerWorker.run(SuiteRunnerWorker.java:95)
	at org.testng.TestNG.runSuitesSequentially(TestNG.java:1256)
	at org.testng.TestNG.runSuitesLocally(TestNG.java:1176)
	at org.testng.TestNG.runSuites(TestNG.java:1099)
	at org.testng.TestNG.run(TestNG.java:1067)
	at org.apache.maven.surefire.testng.TestNGExecutor.run(TestNGExecutor.java:155)
	at org.apache.maven.surefire.testng.TestNGDirectoryTestSuite.executeMulti(TestNGDirectoryTestSuite.java:169)
	at org.apache.maven.surefire.testng.TestNGDirectoryTestSuite.execute(TestNGDirectoryTestSuite.java:88)
	at org.apache.maven.surefire.testng.TestNGProvider.invoke(TestNGProvider.java:137)
	at org.apache.maven.surefire.booter.ForkedBooter.runSuitesInProcess(ForkedBooter.java:385)
	at org.apache.maven.surefire.booter.ForkedBooter.execute(ForkedBooter.java:162)
	at org.apache.maven.surefire.booter.ForkedBooter.run(ForkedBooter.java:507)
	at org.apache.maven.surefire.booter.ForkedBooter.main(ForkedBooter.java:495)
]]></failure>
  </testcase>
  <testcase name="methodsPreRequisites" classname="sew.ai.tests.scp.FootPrintTests" time="0.0">
    <skipped/>
  </testcase>
  <testcase name="methodsPreRequisites" classname="sew.ai.tests.scp.FootPrintTests" time="0.0">
    <skipped/>
  </testcase>
  <testcase name="verifyFootPrintPageObjects" classname="sew.ai.tests.scp.FootPrintTests" time="0.0">
    <skipped message="&#10;Parameter &apos;platformType&apos; is required by BeforeClass on method classPreRequisites but has not been marked @Optional or defined&#10;"/>
  </testcase>
  <testcase name="tearDownMethods" classname="sew.ai.tests.scp.FootPrintTests" time="0.0">
    <skipped/>
  </testcase>
  <testcase name="tearDownMethods" classname="sew.ai.tests.scp.FootPrintTests" time="0.0">
    <skipped/>
  </testcase>
  <testcase name="verifyPinedPopUpDetails" classname="sew.ai.tests.scp.FootPrintTests" time="0.0">
    <skipped message="&#10;Parameter &apos;platformType&apos; is required by BeforeClass on method classPreRequisites but has not been marked @Optional or defined&#10;"/>
  </testcase>
  <testcase name="tearDownClasses" classname="sew.ai.tests.scp.FootPrintTests" time="0.0">
    <skipped/>
  </testcase>
  <testcase name="classPreRequisites" classname="sew.ai.tests.scp.ForgetPasswordTests" time="0.001">
    <failure message="&#10;Parameter &apos;platformType&apos; is required by BeforeClass on method classPreRequisites but has not been marked @Optional or defined&#10;" type="org.testng.TestNGException"><![CDATA[org.testng.TestNGException: 

Parameter 'platformType' is required by BeforeClass on method classPreRequisites but has not been marked @Optional or defined

	at org.testng.internal.Parameters.createParams(Parameters.java:267)
	at org.testng.internal.Parameters.createParametersForMethod(Parameters.java:355)
	at org.testng.internal.Parameters.createParameters(Parameters.java:684)
	at org.testng.internal.Parameters.createConfigurationParameters(Parameters.java:166)
	at org.testng.internal.invokers.ConfigInvoker.invokeConfigurations(ConfigInvoker.java:277)
	at org.testng.internal.invokers.TestMethodWorker.invokeBeforeClassMethods(TestMethodWorker.java:180)
	at org.testng.internal.invokers.TestMethodWorker.run(TestMethodWorker.java:122)
	at java.base/java.util.ArrayList.forEach(ArrayList.java:1511)
	at org.testng.TestRunner.privateRun(TestRunner.java:829)
	at org.testng.TestRunner.run(TestRunner.java:602)
	at org.testng.SuiteRunner.runTest(SuiteRunner.java:437)
	at org.testng.SuiteRunner.runSequentially(SuiteRunner.java:431)
	at org.testng.SuiteRunner.privateRun(SuiteRunner.java:391)
	at org.testng.SuiteRunner.run(SuiteRunner.java:330)
	at org.testng.SuiteRunnerWorker.runSuite(SuiteRunnerWorker.java:52)
	at org.testng.SuiteRunnerWorker.run(SuiteRunnerWorker.java:95)
	at org.testng.TestNG.runSuitesSequentially(TestNG.java:1256)
	at org.testng.TestNG.runSuitesLocally(TestNG.java:1176)
	at org.testng.TestNG.runSuites(TestNG.java:1099)
	at org.testng.TestNG.run(TestNG.java:1067)
	at org.apache.maven.surefire.testng.TestNGExecutor.run(TestNGExecutor.java:155)
	at org.apache.maven.surefire.testng.TestNGDirectoryTestSuite.executeMulti(TestNGDirectoryTestSuite.java:169)
	at org.apache.maven.surefire.testng.TestNGDirectoryTestSuite.execute(TestNGDirectoryTestSuite.java:88)
	at org.apache.maven.surefire.testng.TestNGProvider.invoke(TestNGProvider.java:137)
	at org.apache.maven.surefire.booter.ForkedBooter.runSuitesInProcess(ForkedBooter.java:385)
	at org.apache.maven.surefire.booter.ForkedBooter.execute(ForkedBooter.java:162)
	at org.apache.maven.surefire.booter.ForkedBooter.run(ForkedBooter.java:507)
	at org.apache.maven.surefire.booter.ForkedBooter.main(ForkedBooter.java:495)
]]></failure>
  </testcase>
  <testcase name="methodsPreRequisites" classname="sew.ai.tests.scp.ForgetPasswordTests" time="0.0">
    <skipped/>
  </testcase>
  <testcase name="methodsPreRequisites" classname="sew.ai.tests.scp.ForgetPasswordTests" time="0.0">
    <skipped/>
  </testcase>
  <testcase name="methodsPreRequisites" classname="sew.ai.tests.scp.ForgetPasswordTests" time="0.0">
    <skipped/>
  </testcase>
  <testcase name="methodsPreRequisites" classname="sew.ai.tests.scp.ForgetPasswordTests" time="0.0">
    <skipped/>
  </testcase>
  <testcase name="methodsPreRequisites" classname="sew.ai.tests.scp.ForgetPasswordTests" time="0.0">
    <skipped/>
  </testcase>
  <testcase name="validateForgotPassword" classname="sew.ai.tests.scp.ForgetPasswordTests" time="0.0">
    <skipped message="&#10;Parameter &apos;platformType&apos; is required by BeforeClass on method classPreRequisites but has not been marked @Optional or defined&#10;"/>
  </testcase>
  <testcase name="tearDownMethods" classname="sew.ai.tests.scp.ForgetPasswordTests" time="0.0">
    <skipped/>
  </testcase>
  <testcase name="tearDownMethods" classname="sew.ai.tests.scp.ForgetPasswordTests" time="0.0">
    <skipped/>
  </testcase>
  <testcase name="tearDownMethods" classname="sew.ai.tests.scp.ForgetPasswordTests" time="0.0">
    <skipped/>
  </testcase>
  <testcase name="tearDownMethods" classname="sew.ai.tests.scp.ForgetPasswordTests" time="0.0">
    <skipped/>
  </testcase>
  <testcase name="tearDownMethods" classname="sew.ai.tests.scp.ForgetPasswordTests" time="0.0">
    <skipped/>
  </testcase>
  <testcase name="verifyForgotPwdWithInactiveAcc" classname="sew.ai.tests.scp.ForgetPasswordTests" time="0.0">
    <skipped message="&#10;Parameter &apos;platformType&apos; is required by BeforeClass on method classPreRequisites but has not been marked @Optional or defined&#10;"/>
  </testcase>
  <testcase name="verifyResetPasswordLinkFunctionality" classname="sew.ai.tests.scp.ForgetPasswordTests" time="0.0">
    <skipped message="&#10;Parameter &apos;platformType&apos; is required by BeforeClass on method classPreRequisites but has not been marked @Optional or defined&#10;"/>
  </testcase>
  <testcase name="verifyResetPasswordUsingEmail" classname="sew.ai.tests.scp.ForgetPasswordTests" time="0.0">
    <skipped message="&#10;Parameter &apos;platformType&apos; is required by BeforeClass on method classPreRequisites but has not been marked @Optional or defined&#10;"/>
  </testcase>
  <testcase name="verifyUserStatusTempLock" classname="sew.ai.tests.scp.ForgetPasswordTests" time="0.0">
    <skipped message="&#10;Parameter &apos;platformType&apos; is required by BeforeClass on method classPreRequisites but has not been marked @Optional or defined&#10;"/>
  </testcase>
  <testcase name="tearDownClasses" classname="sew.ai.tests.scp.ForgetPasswordTests" time="0.0">
    <skipped/>
  </testcase>
  <testcase name="classPreRequisites" classname="sew.ai.tests.scp.ForgetUsernameTest" time="0.005">
    <failure message="&#10;Parameter &apos;platformType&apos; is required by BeforeClass on method classPreRequisites but has not been marked @Optional or defined&#10;" type="org.testng.TestNGException"><![CDATA[org.testng.TestNGException: 

Parameter 'platformType' is required by BeforeClass on method classPreRequisites but has not been marked @Optional or defined

	at org.testng.internal.Parameters.createParams(Parameters.java:267)
	at org.testng.internal.Parameters.createParametersForMethod(Parameters.java:355)
	at org.testng.internal.Parameters.createParameters(Parameters.java:684)
	at org.testng.internal.Parameters.createConfigurationParameters(Parameters.java:166)
	at org.testng.internal.invokers.ConfigInvoker.invokeConfigurations(ConfigInvoker.java:277)
	at org.testng.internal.invokers.TestMethodWorker.invokeBeforeClassMethods(TestMethodWorker.java:180)
	at org.testng.internal.invokers.TestMethodWorker.run(TestMethodWorker.java:122)
	at java.base/java.util.ArrayList.forEach(ArrayList.java:1511)
	at org.testng.TestRunner.privateRun(TestRunner.java:829)
	at org.testng.TestRunner.run(TestRunner.java:602)
	at org.testng.SuiteRunner.runTest(SuiteRunner.java:437)
	at org.testng.SuiteRunner.runSequentially(SuiteRunner.java:431)
	at org.testng.SuiteRunner.privateRun(SuiteRunner.java:391)
	at org.testng.SuiteRunner.run(SuiteRunner.java:330)
	at org.testng.SuiteRunnerWorker.runSuite(SuiteRunnerWorker.java:52)
	at org.testng.SuiteRunnerWorker.run(SuiteRunnerWorker.java:95)
	at org.testng.TestNG.runSuitesSequentially(TestNG.java:1256)
	at org.testng.TestNG.runSuitesLocally(TestNG.java:1176)
	at org.testng.TestNG.runSuites(TestNG.java:1099)
	at org.testng.TestNG.run(TestNG.java:1067)
	at org.apache.maven.surefire.testng.TestNGExecutor.run(TestNGExecutor.java:155)
	at org.apache.maven.surefire.testng.TestNGDirectoryTestSuite.executeMulti(TestNGDirectoryTestSuite.java:169)
	at org.apache.maven.surefire.testng.TestNGDirectoryTestSuite.execute(TestNGDirectoryTestSuite.java:88)
	at org.apache.maven.surefire.testng.TestNGProvider.invoke(TestNGProvider.java:137)
	at org.apache.maven.surefire.booter.ForkedBooter.runSuitesInProcess(ForkedBooter.java:385)
	at org.apache.maven.surefire.booter.ForkedBooter.execute(ForkedBooter.java:162)
	at org.apache.maven.surefire.booter.ForkedBooter.run(ForkedBooter.java:507)
	at org.apache.maven.surefire.booter.ForkedBooter.main(ForkedBooter.java:495)
]]></failure>
  </testcase>
  <testcase name="methodsPreRequisites" classname="sew.ai.tests.scp.ForgetUsernameTest" time="0.0">
    <skipped/>
  </testcase>
  <testcase name="methodsPreRequisites" classname="sew.ai.tests.scp.ForgetUsernameTest" time="0.0">
    <skipped/>
  </testcase>
  <testcase name="methodsPreRequisites" classname="sew.ai.tests.scp.ForgetUsernameTest" time="0.0">
    <skipped/>
  </testcase>
  <testcase name="methodsPreRequisites" classname="sew.ai.tests.scp.ForgetUsernameTest" time="0.0">
    <skipped/>
  </testcase>
  <testcase name="methodsPreRequisites" classname="sew.ai.tests.scp.ForgetUsernameTest" time="0.0">
    <skipped/>
  </testcase>
  <testcase name="resetUsernameUsingWrongEmail" classname="sew.ai.tests.scp.ForgetUsernameTest" time="0.0">
    <skipped message="&#10;Parameter &apos;platformType&apos; is required by BeforeClass on method classPreRequisites but has not been marked @Optional or defined&#10;"/>
  </testcase>
  <testcase name="tearDownMethods" classname="sew.ai.tests.scp.ForgetUsernameTest" time="0.0">
    <skipped/>
  </testcase>
  <testcase name="tearDownMethods" classname="sew.ai.tests.scp.ForgetUsernameTest" time="0.0">
    <skipped/>
  </testcase>
  <testcase name="tearDownMethods" classname="sew.ai.tests.scp.ForgetUsernameTest" time="0.0">
    <skipped/>
  </testcase>
  <testcase name="tearDownMethods" classname="sew.ai.tests.scp.ForgetUsernameTest" time="0.0">
    <skipped/>
  </testcase>
  <testcase name="tearDownMethods" classname="sew.ai.tests.scp.ForgetUsernameTest" time="0.0">
    <skipped/>
  </testcase>
  <testcase name="validateResetUsername" classname="sew.ai.tests.scp.ForgetUsernameTest" time="0.0">
    <skipped message="&#10;Parameter &apos;platformType&apos; is required by BeforeClass on method classPreRequisites but has not been marked @Optional or defined&#10;"/>
  </testcase>
  <testcase name="verifyForgotUsernameWithInactiveAcc" classname="sew.ai.tests.scp.ForgetUsernameTest" time="0.0">
    <skipped message="&#10;Parameter &apos;platformType&apos; is required by BeforeClass on method classPreRequisites but has not been marked @Optional or defined&#10;"/>
  </testcase>
  <testcase name="verifyMaxResetUsernameAccountBlock" classname="sew.ai.tests.scp.ForgetUsernameTest" time="0.0">
    <skipped message="&#10;Parameter &apos;platformType&apos; is required by BeforeClass on method classPreRequisites but has not been marked @Optional or defined&#10;"/>
  </testcase>
  <testcase name="verifyMinMaxValueForgotUsername" classname="sew.ai.tests.scp.ForgetUsernameTest" time="0.0">
    <skipped message="&#10;Parameter &apos;platformType&apos; is required by BeforeClass on method classPreRequisites but has not been marked @Optional or defined&#10;"/>
  </testcase>
  <testcase name="tearDownClasses" classname="sew.ai.tests.scp.ForgetUsernameTest" time="0.0">
    <skipped/>
  </testcase>
  <testcase name="classPreRequisites" classname="sew.ai.tests.scp.GuestUserTests" time="0.002">
    <failure message="&#10;Parameter &apos;platformType&apos; is required by BeforeClass on method classPreRequisites but has not been marked @Optional or defined&#10;" type="org.testng.TestNGException"><![CDATA[org.testng.TestNGException: 

Parameter 'platformType' is required by BeforeClass on method classPreRequisites but has not been marked @Optional or defined

	at org.testng.internal.Parameters.createParams(Parameters.java:267)
	at org.testng.internal.Parameters.createParametersForMethod(Parameters.java:355)
	at org.testng.internal.Parameters.createParameters(Parameters.java:684)
	at org.testng.internal.Parameters.createConfigurationParameters(Parameters.java:166)
	at org.testng.internal.invokers.ConfigInvoker.invokeConfigurations(ConfigInvoker.java:277)
	at org.testng.internal.invokers.TestMethodWorker.invokeBeforeClassMethods(TestMethodWorker.java:180)
	at org.testng.internal.invokers.TestMethodWorker.run(TestMethodWorker.java:122)
	at java.base/java.util.ArrayList.forEach(ArrayList.java:1511)
	at org.testng.TestRunner.privateRun(TestRunner.java:829)
	at org.testng.TestRunner.run(TestRunner.java:602)
	at org.testng.SuiteRunner.runTest(SuiteRunner.java:437)
	at org.testng.SuiteRunner.runSequentially(SuiteRunner.java:431)
	at org.testng.SuiteRunner.privateRun(SuiteRunner.java:391)
	at org.testng.SuiteRunner.run(SuiteRunner.java:330)
	at org.testng.SuiteRunnerWorker.runSuite(SuiteRunnerWorker.java:52)
	at org.testng.SuiteRunnerWorker.run(SuiteRunnerWorker.java:95)
	at org.testng.TestNG.runSuitesSequentially(TestNG.java:1256)
	at org.testng.TestNG.runSuitesLocally(TestNG.java:1176)
	at org.testng.TestNG.runSuites(TestNG.java:1099)
	at org.testng.TestNG.run(TestNG.java:1067)
	at org.apache.maven.surefire.testng.TestNGExecutor.run(TestNGExecutor.java:155)
	at org.apache.maven.surefire.testng.TestNGDirectoryTestSuite.executeMulti(TestNGDirectoryTestSuite.java:169)
	at org.apache.maven.surefire.testng.TestNGDirectoryTestSuite.execute(TestNGDirectoryTestSuite.java:88)
	at org.apache.maven.surefire.testng.TestNGProvider.invoke(TestNGProvider.java:137)
	at org.apache.maven.surefire.booter.ForkedBooter.runSuitesInProcess(ForkedBooter.java:385)
	at org.apache.maven.surefire.booter.ForkedBooter.execute(ForkedBooter.java:162)
	at org.apache.maven.surefire.booter.ForkedBooter.run(ForkedBooter.java:507)
	at org.apache.maven.surefire.booter.ForkedBooter.main(ForkedBooter.java:495)
]]></failure>
  </testcase>
  <testcase name="methodsPreRequisites" classname="sew.ai.tests.scp.GuestUserTests" time="0.0">
    <skipped/>
  </testcase>
  <testcase name="methodsPreRequisites" classname="sew.ai.tests.scp.GuestUserTests" time="0.0">
    <skipped/>
  </testcase>
  <testcase name="methodsPreRequisites" classname="sew.ai.tests.scp.GuestUserTests" time="0.0">
    <skipped/>
  </testcase>
  <testcase name="methodsPreRequisites" classname="sew.ai.tests.scp.GuestUserTests" time="0.0">
    <skipped/>
  </testcase>
  <testcase name="methodsPreRequisites" classname="sew.ai.tests.scp.GuestUserTests" time="0.0">
    <skipped/>
  </testcase>
  <testcase name="methodsPreRequisites" classname="sew.ai.tests.scp.GuestUserTests" time="0.0">
    <skipped/>
  </testcase>
  <testcase name="methodsPreRequisites" classname="sew.ai.tests.scp.GuestUserTests" time="0.0">
    <skipped/>
  </testcase>
  <testcase name="methodsPreRequisites" classname="sew.ai.tests.scp.GuestUserTests" time="0.0">
    <skipped/>
  </testcase>
  <testcase name="methodsPreRequisites" classname="sew.ai.tests.scp.GuestUserTests" time="0.0">
    <skipped/>
  </testcase>
  <testcase name="methodsPreRequisites" classname="sew.ai.tests.scp.GuestUserTests" time="0.0">
    <skipped/>
  </testcase>
  <testcase name="methodsPreRequisites" classname="sew.ai.tests.scp.GuestUserTests" time="0.0">
    <skipped/>
  </testcase>
  <testcase name="methodsPreRequisites" classname="sew.ai.tests.scp.GuestUserTests" time="0.0">
    <skipped/>
  </testcase>
  <testcase name="verifyEditAndResendGuestUserInvites" classname="sew.ai.tests.scp.GuestUserTests" time="0.0">
    <skipped message="&#10;Parameter &apos;platformType&apos; is required by BeforeClass on method classPreRequisites but has not been marked @Optional or defined&#10;"/>
  </testcase>
  <testcase name="tearDownMethods" classname="sew.ai.tests.scp.GuestUserTests" time="0.0">
    <skipped/>
  </testcase>
  <testcase name="tearDownMethods" classname="sew.ai.tests.scp.GuestUserTests" time="0.0">
    <skipped/>
  </testcase>
  <testcase name="tearDownMethods" classname="sew.ai.tests.scp.GuestUserTests" time="0.0">
    <skipped/>
  </testcase>
  <testcase name="tearDownMethods" classname="sew.ai.tests.scp.GuestUserTests" time="0.0">
    <skipped/>
  </testcase>
  <testcase name="tearDownMethods" classname="sew.ai.tests.scp.GuestUserTests" time="0.0">
    <skipped/>
  </testcase>
  <testcase name="tearDownMethods" classname="sew.ai.tests.scp.GuestUserTests" time="0.0">
    <skipped/>
  </testcase>
  <testcase name="tearDownMethods" classname="sew.ai.tests.scp.GuestUserTests" time="0.0">
    <skipped/>
  </testcase>
  <testcase name="tearDownMethods" classname="sew.ai.tests.scp.GuestUserTests" time="0.0">
    <skipped/>
  </testcase>
  <testcase name="tearDownMethods" classname="sew.ai.tests.scp.GuestUserTests" time="0.0">
    <skipped/>
  </testcase>
  <testcase name="tearDownMethods" classname="sew.ai.tests.scp.GuestUserTests" time="0.0">
    <skipped/>
  </testcase>
  <testcase name="tearDownMethods" classname="sew.ai.tests.scp.GuestUserTests" time="0.0">
    <skipped/>
  </testcase>
  <testcase name="tearDownMethods" classname="sew.ai.tests.scp.GuestUserTests" time="0.0">
    <skipped/>
  </testcase>
  <testcase name="verifyErrorMsgForInviteUserPopup" classname="sew.ai.tests.scp.GuestUserTests" time="0.0">
    <skipped message="&#10;Parameter &apos;platformType&apos; is required by BeforeClass on method classPreRequisites but has not been marked @Optional or defined&#10;"/>
  </testcase>
  <testcase name="verifyGuestAccessExpireOnEndDate" classname="sew.ai.tests.scp.GuestUserTests" time="0.0">
    <skipped message="&#10;Parameter &apos;platformType&apos; is required by BeforeClass on method classPreRequisites but has not been marked @Optional or defined&#10;"/>
  </testcase>
  <testcase name="verifyGuestUserEditPrimaryEmail" classname="sew.ai.tests.scp.GuestUserTests" time="0.0">
    <skipped message="&#10;Parameter &apos;platformType&apos; is required by BeforeClass on method classPreRequisites but has not been marked @Optional or defined&#10;"/>
  </testcase>
  <testcase name="verifyGuestUserPageObject" classname="sew.ai.tests.scp.GuestUserTests" time="0.0">
    <skipped message="&#10;Parameter &apos;platformType&apos; is required by BeforeClass on method classPreRequisites but has not been marked @Optional or defined&#10;"/>
  </testcase>
  <testcase name="verifyGuestUserRegistrationFieldValidations" classname="sew.ai.tests.scp.GuestUserTests" time="0.0">
    <skipped message="&#10;Parameter &apos;platformType&apos; is required by BeforeClass on method classPreRequisites but has not been marked @Optional or defined&#10;"/>
  </testcase>
  <testcase name="verifyInviteExistingUserWithGuestAccess" classname="sew.ai.tests.scp.GuestUserTests" time="0.0">
    <skipped message="&#10;Parameter &apos;platformType&apos; is required by BeforeClass on method classPreRequisites but has not been marked @Optional or defined&#10;"/>
  </testcase>
  <testcase name="verifyInviteNewUserAsGuest" classname="sew.ai.tests.scp.GuestUserTests" time="0.0">
    <skipped message="&#10;Parameter &apos;platformType&apos; is required by BeforeClass on method classPreRequisites but has not been marked @Optional or defined&#10;"/>
  </testcase>
  <testcase name="verifyLinkExpirationForNewUserAsGuest" classname="sew.ai.tests.scp.GuestUserTests" time="0.0">
    <skipped message="&#10;Parameter &apos;platformType&apos; is required by BeforeClass on method classPreRequisites but has not been marked @Optional or defined&#10;"/>
  </testcase>
  <testcase name="verifyMaxNoGuestUserInvite" classname="sew.ai.tests.scp.GuestUserTests" time="0.0">
    <skipped message="&#10;Parameter &apos;platformType&apos; is required by BeforeClass on method classPreRequisites but has not been marked @Optional or defined&#10;"/>
  </testcase>
  <testcase name="verifyPropertyManagerAccessExpireOnEndDate" classname="sew.ai.tests.scp.GuestUserTests" time="0.0">
    <skipped message="&#10;Parameter &apos;platformType&apos; is required by BeforeClass on method classPreRequisites but has not been marked @Optional or defined&#10;"/>
  </testcase>
  <testcase name="verifyUpdateNickNameForGuestAccountCard" classname="sew.ai.tests.scp.GuestUserTests" time="0.0">
    <skipped message="&#10;Parameter &apos;platformType&apos; is required by BeforeClass on method classPreRequisites but has not been marked @Optional or defined&#10;"/>
  </testcase>
  <testcase name="tearDownClasses" classname="sew.ai.tests.scp.GuestUserTests" time="0.0">
    <skipped/>
  </testcase>
  <testcase name="classPreRequisites" classname="sew.ai.tests.scp.LoginTests" time="0.002">
    <failure message="&#10;Parameter &apos;platformType&apos; is required by BeforeClass on method classPreRequisites but has not been marked @Optional or defined&#10;" type="org.testng.TestNGException"><![CDATA[org.testng.TestNGException: 

Parameter 'platformType' is required by BeforeClass on method classPreRequisites but has not been marked @Optional or defined

	at org.testng.internal.Parameters.createParams(Parameters.java:267)
	at org.testng.internal.Parameters.createParametersForMethod(Parameters.java:355)
	at org.testng.internal.Parameters.createParameters(Parameters.java:684)
	at org.testng.internal.Parameters.createConfigurationParameters(Parameters.java:166)
	at org.testng.internal.invokers.ConfigInvoker.invokeConfigurations(ConfigInvoker.java:277)
	at org.testng.internal.invokers.TestMethodWorker.invokeBeforeClassMethods(TestMethodWorker.java:180)
	at org.testng.internal.invokers.TestMethodWorker.run(TestMethodWorker.java:122)
	at java.base/java.util.ArrayList.forEach(ArrayList.java:1511)
	at org.testng.TestRunner.privateRun(TestRunner.java:829)
	at org.testng.TestRunner.run(TestRunner.java:602)
	at org.testng.SuiteRunner.runTest(SuiteRunner.java:437)
	at org.testng.SuiteRunner.runSequentially(SuiteRunner.java:431)
	at org.testng.SuiteRunner.privateRun(SuiteRunner.java:391)
	at org.testng.SuiteRunner.run(SuiteRunner.java:330)
	at org.testng.SuiteRunnerWorker.runSuite(SuiteRunnerWorker.java:52)
	at org.testng.SuiteRunnerWorker.run(SuiteRunnerWorker.java:95)
	at org.testng.TestNG.runSuitesSequentially(TestNG.java:1256)
	at org.testng.TestNG.runSuitesLocally(TestNG.java:1176)
	at org.testng.TestNG.runSuites(TestNG.java:1099)
	at org.testng.TestNG.run(TestNG.java:1067)
	at org.apache.maven.surefire.testng.TestNGExecutor.run(TestNGExecutor.java:155)
	at org.apache.maven.surefire.testng.TestNGDirectoryTestSuite.executeMulti(TestNGDirectoryTestSuite.java:169)
	at org.apache.maven.surefire.testng.TestNGDirectoryTestSuite.execute(TestNGDirectoryTestSuite.java:88)
	at org.apache.maven.surefire.testng.TestNGProvider.invoke(TestNGProvider.java:137)
	at org.apache.maven.surefire.booter.ForkedBooter.runSuitesInProcess(ForkedBooter.java:385)
	at org.apache.maven.surefire.booter.ForkedBooter.execute(ForkedBooter.java:162)
	at org.apache.maven.surefire.booter.ForkedBooter.run(ForkedBooter.java:507)
	at org.apache.maven.surefire.booter.ForkedBooter.main(ForkedBooter.java:495)
]]></failure>
  </testcase>
  <testcase name="methodsPreRequisites" classname="sew.ai.tests.scp.LoginTests" time="0.0">
    <skipped/>
  </testcase>
  <testcase name="methodsPreRequisites" classname="sew.ai.tests.scp.LoginTests" time="0.0">
    <skipped/>
  </testcase>
  <testcase name="methodsPreRequisites" classname="sew.ai.tests.scp.LoginTests" time="0.0">
    <skipped/>
  </testcase>
  <testcase name="methodsPreRequisites" classname="sew.ai.tests.scp.LoginTests" time="0.0">
    <skipped/>
  </testcase>
  <testcase name="methodsPreRequisites" classname="sew.ai.tests.scp.LoginTests" time="0.0">
    <skipped/>
  </testcase>
  <testcase name="methodsPreRequisites" classname="sew.ai.tests.scp.LoginTests" time="0.0">
    <skipped/>
  </testcase>
  <testcase name="methodsPreRequisites" classname="sew.ai.tests.scp.LoginTests" time="0.0">
    <skipped/>
  </testcase>
  <testcase name="methodsPreRequisites" classname="sew.ai.tests.scp.LoginTests" time="0.0">
    <skipped/>
  </testcase>
  <testcase name="methodsPreRequisites" classname="sew.ai.tests.scp.LoginTests" time="0.0">
    <skipped/>
  </testcase>
  <testcase name="methodsPreRequisites" classname="sew.ai.tests.scp.LoginTests" time="0.0">
    <skipped/>
  </testcase>
  <testcase name="methodsPreRequisites" classname="sew.ai.tests.scp.LoginTests" time="0.0">
    <skipped/>
  </testcase>
  <testcase name="methodsPreRequisites" classname="sew.ai.tests.scp.LoginTests" time="0.0">
    <skipped/>
  </testcase>
  <testcase name="methodsPreRequisites" classname="sew.ai.tests.scp.LoginTests" time="0.0">
    <skipped/>
  </testcase>
  <testcase name="verifyLoginPageObjects" classname="sew.ai.tests.scp.LoginTests" time="0.0">
    <skipped message="&#10;Parameter &apos;platformType&apos; is required by BeforeClass on method classPreRequisites but has not been marked @Optional or defined&#10;"/>
  </testcase>
  <testcase name="tearDownMethods" classname="sew.ai.tests.scp.LoginTests" time="0.0">
    <skipped/>
  </testcase>
  <testcase name="tearDownMethods" classname="sew.ai.tests.scp.LoginTests" time="0.0">
    <skipped/>
  </testcase>
  <testcase name="tearDownMethods" classname="sew.ai.tests.scp.LoginTests" time="0.0">
    <skipped/>
  </testcase>
  <testcase name="tearDownMethods" classname="sew.ai.tests.scp.LoginTests" time="0.0">
    <skipped/>
  </testcase>
  <testcase name="tearDownMethods" classname="sew.ai.tests.scp.LoginTests" time="0.0">
    <skipped/>
  </testcase>
  <testcase name="tearDownMethods" classname="sew.ai.tests.scp.LoginTests" time="0.0">
    <skipped/>
  </testcase>
  <testcase name="tearDownMethods" classname="sew.ai.tests.scp.LoginTests" time="0.0">
    <skipped/>
  </testcase>
  <testcase name="tearDownMethods" classname="sew.ai.tests.scp.LoginTests" time="0.0">
    <skipped/>
  </testcase>
  <testcase name="tearDownMethods" classname="sew.ai.tests.scp.LoginTests" time="0.0">
    <skipped/>
  </testcase>
  <testcase name="tearDownMethods" classname="sew.ai.tests.scp.LoginTests" time="0.0">
    <skipped/>
  </testcase>
  <testcase name="tearDownMethods" classname="sew.ai.tests.scp.LoginTests" time="0.0">
    <skipped/>
  </testcase>
  <testcase name="tearDownMethods" classname="sew.ai.tests.scp.LoginTests" time="0.0">
    <skipped/>
  </testcase>
  <testcase name="tearDownMethods" classname="sew.ai.tests.scp.LoginTests" time="0.0">
    <skipped/>
  </testcase>
  <testcase name="verifyValidLogin" classname="sew.ai.tests.scp.LoginTests" time="0.0">
    <skipped message="&#10;Parameter &apos;platformType&apos; is required by BeforeClass on method classPreRequisites but has not been marked @Optional or defined&#10;"/>
  </testcase>
  <testcase name="verifyInvalidLogin" classname="sew.ai.tests.scp.LoginTests" time="0.0">
    <skipped message="&#10;Parameter &apos;platformType&apos; is required by BeforeClass on method classPreRequisites but has not been marked @Optional or defined&#10;"/>
  </testcase>
  <testcase name="verifyRememberMeLoginFunctionality" classname="sew.ai.tests.scp.LoginTests" time="0.0">
    <skipped message="&#10;Parameter &apos;platformType&apos; is required by BeforeClass on method classPreRequisites but has not been marked @Optional or defined&#10;"/>
  </testcase>
  <testcase name="verifyLoginWithDeactiveUser" classname="sew.ai.tests.scp.LoginTests" time="0.0">
    <skipped message="&#10;Parameter &apos;platformType&apos; is required by BeforeClass on method classPreRequisites but has not been marked @Optional or defined&#10;"/>
  </testcase>
  <testcase name="verifyLoginWithClosedAccounts" classname="sew.ai.tests.scp.LoginTests" time="0.0">
    <skipped message="&#10;Parameter &apos;platformType&apos; is required by BeforeClass on method classPreRequisites but has not been marked @Optional or defined&#10;"/>
  </testcase>
  <testcase name="verifySwitchLanguageFunctionality" classname="sew.ai.tests.scp.LoginTests" time="0.0">
    <skipped message="&#10;Parameter &apos;platformType&apos; is required by BeforeClass on method classPreRequisites but has not been marked @Optional or defined&#10;"/>
  </testcase>
  <testcase name="verifyAccountBlockOnLogin" classname="sew.ai.tests.scp.LoginTests" time="0.0">
    <skipped message="&#10;Parameter &apos;platformType&apos; is required by BeforeClass on method classPreRequisites but has not been marked @Optional or defined&#10;"/>
  </testcase>
  <testcase name="verifyIPBlockOnLogin" classname="sew.ai.tests.scp.LoginTests" time="0.0">
    <skipped message="&#10;Parameter &apos;platformType&apos; is required by BeforeClass on method classPreRequisites but has not been marked @Optional or defined&#10;"/>
  </testcase>
  <testcase name="verifyEfficiencyWidgetsProgram" classname="sew.ai.tests.scp.LoginTests" time="0.0">
    <skipped message="&#10;Parameter &apos;platformType&apos; is required by BeforeClass on method classPreRequisites but has not been marked @Optional or defined&#10;"/>
  </testcase>
  <testcase name="verifyChatWindow" classname="sew.ai.tests.scp.LoginTests" time="0.0">
    <skipped message="&#10;Parameter &apos;platformType&apos; is required by BeforeClass on method classPreRequisites but has not been marked @Optional or defined&#10;"/>
  </testcase>
  <testcase name="verifyLoginForMigratedUser" classname="sew.ai.tests.scp.LoginTests" time="0.0">
    <skipped message="&#10;Parameter &apos;platformType&apos; is required by BeforeClass on method classPreRequisites but has not been marked @Optional or defined&#10;"/>
  </testcase>
  <testcase name="verifyUsernamePasswordAcceptanceCriteria" classname="sew.ai.tests.scp.LoginTests" time="0.0">
    <skipped message="&#10;Parameter &apos;platformType&apos; is required by BeforeClass on method classPreRequisites but has not been marked @Optional or defined&#10;"/>
  </testcase>
  <testcase name="tearDownClasses" classname="sew.ai.tests.scp.LoginTests" time="0.0">
    <skipped/>
  </testcase>
  <testcase name="classPreRequisites" classname="sew.ai.tests.scp.MarketingPreferenceTests" time="0.0">
    <failure message="&#10;Parameter &apos;platformType&apos; is required by BeforeClass on method classPreRequisites but has not been marked @Optional or defined&#10;" type="org.testng.TestNGException"><![CDATA[org.testng.TestNGException: 

Parameter 'platformType' is required by BeforeClass on method classPreRequisites but has not been marked @Optional or defined

	at org.testng.internal.Parameters.createParams(Parameters.java:267)
	at org.testng.internal.Parameters.createParametersForMethod(Parameters.java:355)
	at org.testng.internal.Parameters.createParameters(Parameters.java:684)
	at org.testng.internal.Parameters.createConfigurationParameters(Parameters.java:166)
	at org.testng.internal.invokers.ConfigInvoker.invokeConfigurations(ConfigInvoker.java:277)
	at org.testng.internal.invokers.TestMethodWorker.invokeBeforeClassMethods(TestMethodWorker.java:180)
	at org.testng.internal.invokers.TestMethodWorker.run(TestMethodWorker.java:122)
	at java.base/java.util.ArrayList.forEach(ArrayList.java:1511)
	at org.testng.TestRunner.privateRun(TestRunner.java:829)
	at org.testng.TestRunner.run(TestRunner.java:602)
	at org.testng.SuiteRunner.runTest(SuiteRunner.java:437)
	at org.testng.SuiteRunner.runSequentially(SuiteRunner.java:431)
	at org.testng.SuiteRunner.privateRun(SuiteRunner.java:391)
	at org.testng.SuiteRunner.run(SuiteRunner.java:330)
	at org.testng.SuiteRunnerWorker.runSuite(SuiteRunnerWorker.java:52)
	at org.testng.SuiteRunnerWorker.run(SuiteRunnerWorker.java:95)
	at org.testng.TestNG.runSuitesSequentially(TestNG.java:1256)
	at org.testng.TestNG.runSuitesLocally(TestNG.java:1176)
	at org.testng.TestNG.runSuites(TestNG.java:1099)
	at org.testng.TestNG.run(TestNG.java:1067)
	at org.apache.maven.surefire.testng.TestNGExecutor.run(TestNGExecutor.java:155)
	at org.apache.maven.surefire.testng.TestNGDirectoryTestSuite.executeMulti(TestNGDirectoryTestSuite.java:169)
	at org.apache.maven.surefire.testng.TestNGDirectoryTestSuite.execute(TestNGDirectoryTestSuite.java:88)
	at org.apache.maven.surefire.testng.TestNGProvider.invoke(TestNGProvider.java:137)
	at org.apache.maven.surefire.booter.ForkedBooter.runSuitesInProcess(ForkedBooter.java:385)
	at org.apache.maven.surefire.booter.ForkedBooter.execute(ForkedBooter.java:162)
	at org.apache.maven.surefire.booter.ForkedBooter.run(ForkedBooter.java:507)
	at org.apache.maven.surefire.booter.ForkedBooter.main(ForkedBooter.java:495)
]]></failure>
  </testcase>
  <testcase name="methodsPreRequisites" classname="sew.ai.tests.scp.MarketingPreferenceTests" time="0.0">
    <skipped/>
  </testcase>
  <testcase name="methodsPreRequisites" classname="sew.ai.tests.scp.MarketingPreferenceTests" time="0.0">
    <skipped/>
  </testcase>
  <testcase name="verifyMarketingPreferencesObjects" classname="sew.ai.tests.scp.MarketingPreferenceTests" time="0.0">
    <skipped message="&#10;Parameter &apos;platformType&apos; is required by BeforeClass on method classPreRequisites but has not been marked @Optional or defined&#10;"/>
  </testcase>
  <testcase name="tearDownMethods" classname="sew.ai.tests.scp.MarketingPreferenceTests" time="0.0">
    <skipped/>
  </testcase>
  <testcase name="tearDownMethods" classname="sew.ai.tests.scp.MarketingPreferenceTests" time="0.0">
    <skipped/>
  </testcase>
  <testcase name="verifyMarketingPreferencesNewUser" classname="sew.ai.tests.scp.MarketingPreferenceTests" time="0.0">
    <skipped message="&#10;Parameter &apos;platformType&apos; is required by BeforeClass on method classPreRequisites but has not been marked @Optional or defined&#10;"/>
  </testcase>
  <testcase name="tearDownClasses" classname="sew.ai.tests.scp.MarketingPreferenceTests" time="0.0">
    <skipped/>
  </testcase>
  <testcase name="classPreRequisites" classname="sew.ai.tests.scp.MultiFactorAuthTests" time="0.001">
    <failure message="&#10;Parameter &apos;platformType&apos; is required by BeforeClass on method classPreRequisites but has not been marked @Optional or defined&#10;" type="org.testng.TestNGException"><![CDATA[org.testng.TestNGException: 

Parameter 'platformType' is required by BeforeClass on method classPreRequisites but has not been marked @Optional or defined

	at org.testng.internal.Parameters.createParams(Parameters.java:267)
	at org.testng.internal.Parameters.createParametersForMethod(Parameters.java:355)
	at org.testng.internal.Parameters.createParameters(Parameters.java:684)
	at org.testng.internal.Parameters.createConfigurationParameters(Parameters.java:166)
	at org.testng.internal.invokers.ConfigInvoker.invokeConfigurations(ConfigInvoker.java:277)
	at org.testng.internal.invokers.TestMethodWorker.invokeBeforeClassMethods(TestMethodWorker.java:180)
	at org.testng.internal.invokers.TestMethodWorker.run(TestMethodWorker.java:122)
	at java.base/java.util.ArrayList.forEach(ArrayList.java:1511)
	at org.testng.TestRunner.privateRun(TestRunner.java:829)
	at org.testng.TestRunner.run(TestRunner.java:602)
	at org.testng.SuiteRunner.runTest(SuiteRunner.java:437)
	at org.testng.SuiteRunner.runSequentially(SuiteRunner.java:431)
	at org.testng.SuiteRunner.privateRun(SuiteRunner.java:391)
	at org.testng.SuiteRunner.run(SuiteRunner.java:330)
	at org.testng.SuiteRunnerWorker.runSuite(SuiteRunnerWorker.java:52)
	at org.testng.SuiteRunnerWorker.run(SuiteRunnerWorker.java:95)
	at org.testng.TestNG.runSuitesSequentially(TestNG.java:1256)
	at org.testng.TestNG.runSuitesLocally(TestNG.java:1176)
	at org.testng.TestNG.runSuites(TestNG.java:1099)
	at org.testng.TestNG.run(TestNG.java:1067)
	at org.apache.maven.surefire.testng.TestNGExecutor.run(TestNGExecutor.java:155)
	at org.apache.maven.surefire.testng.TestNGDirectoryTestSuite.executeMulti(TestNGDirectoryTestSuite.java:169)
	at org.apache.maven.surefire.testng.TestNGDirectoryTestSuite.execute(TestNGDirectoryTestSuite.java:88)
	at org.apache.maven.surefire.testng.TestNGProvider.invoke(TestNGProvider.java:137)
	at org.apache.maven.surefire.booter.ForkedBooter.runSuitesInProcess(ForkedBooter.java:385)
	at org.apache.maven.surefire.booter.ForkedBooter.execute(ForkedBooter.java:162)
	at org.apache.maven.surefire.booter.ForkedBooter.run(ForkedBooter.java:507)
	at org.apache.maven.surefire.booter.ForkedBooter.main(ForkedBooter.java:495)
]]></failure>
  </testcase>
  <testcase name="methodsPreRequisites" classname="sew.ai.tests.scp.MultiFactorAuthTests" time="0.0">
    <skipped/>
  </testcase>
  <testcase name="methodsPreRequisites" classname="sew.ai.tests.scp.MultiFactorAuthTests" time="0.0">
    <skipped/>
  </testcase>
  <testcase name="methodsPreRequisites" classname="sew.ai.tests.scp.MultiFactorAuthTests" time="0.0">
    <skipped/>
  </testcase>
  <testcase name="methodsPreRequisites" classname="sew.ai.tests.scp.MultiFactorAuthTests" time="0.0">
    <skipped/>
  </testcase>
  <testcase name="methodsPreRequisites" classname="sew.ai.tests.scp.MultiFactorAuthTests" time="0.0">
    <skipped/>
  </testcase>
  <testcase name="methodsPreRequisites" classname="sew.ai.tests.scp.MultiFactorAuthTests" time="0.0">
    <skipped/>
  </testcase>
  <testcase name="verifyContactMethodOnMFAScreen" classname="sew.ai.tests.scp.MultiFactorAuthTests" time="0.0">
    <skipped message="&#10;Parameter &apos;platformType&apos; is required by BeforeClass on method classPreRequisites but has not been marked @Optional or defined&#10;"/>
  </testcase>
  <testcase name="tearDownMethods" classname="sew.ai.tests.scp.MultiFactorAuthTests" time="0.0">
    <skipped/>
  </testcase>
  <testcase name="tearDownMethods" classname="sew.ai.tests.scp.MultiFactorAuthTests" time="0.0">
    <skipped/>
  </testcase>
  <testcase name="tearDownMethods" classname="sew.ai.tests.scp.MultiFactorAuthTests" time="0.0">
    <skipped/>
  </testcase>
  <testcase name="tearDownMethods" classname="sew.ai.tests.scp.MultiFactorAuthTests" time="0.0">
    <skipped/>
  </testcase>
  <testcase name="tearDownMethods" classname="sew.ai.tests.scp.MultiFactorAuthTests" time="0.0">
    <skipped/>
  </testcase>
  <testcase name="tearDownMethods" classname="sew.ai.tests.scp.MultiFactorAuthTests" time="0.0">
    <skipped/>
  </testcase>
  <testcase name="verifyExceededResendOTPForMFA_Email_And_Text" classname="sew.ai.tests.scp.MultiFactorAuthTests" time="0.0">
    <skipped message="&#10;Parameter &apos;platformType&apos; is required by BeforeClass on method classPreRequisites but has not been marked @Optional or defined&#10;"/>
  </testcase>
  <testcase name="verifyMFAExpirationFeature" classname="sew.ai.tests.scp.MultiFactorAuthTests" time="0.0">
    <skipped message="&#10;Parameter &apos;platformType&apos; is required by BeforeClass on method classPreRequisites but has not been marked @Optional or defined&#10;"/>
  </testcase>
  <testcase name="verifyMFAUIAndValidation" classname="sew.ai.tests.scp.MultiFactorAuthTests" time="0.0">
    <skipped message="&#10;Parameter &apos;platformType&apos; is required by BeforeClass on method classPreRequisites but has not been marked @Optional or defined&#10;"/>
  </testcase>
  <testcase name="verifyMFAwithEmailORText" classname="sew.ai.tests.scp.MultiFactorAuthTests" time="0.0">
    <skipped message="&#10;Parameter &apos;platformType&apos; is required by BeforeClass on method classPreRequisites but has not been marked @Optional or defined&#10;"/>
  </testcase>
  <testcase name="verifyUserNotLockedForMaxWrongAttemptMFA" classname="sew.ai.tests.scp.MultiFactorAuthTests" time="0.0">
    <skipped message="&#10;Parameter &apos;platformType&apos; is required by BeforeClass on method classPreRequisites but has not been marked @Optional or defined&#10;"/>
  </testcase>
  <testcase name="tearDownClasses" classname="sew.ai.tests.scp.MultiFactorAuthTests" time="0.0">
    <skipped/>
  </testcase>
  <testcase name="classPreRequisites" classname="sew.ai.tests.scp.MyAccountAboutMyHomeTests" time="0.001">
    <failure message="&#10;Parameter &apos;platformType&apos; is required by BeforeClass on method classPreRequisites but has not been marked @Optional or defined&#10;" type="org.testng.TestNGException"><![CDATA[org.testng.TestNGException: 

Parameter 'platformType' is required by BeforeClass on method classPreRequisites but has not been marked @Optional or defined

	at org.testng.internal.Parameters.createParams(Parameters.java:267)
	at org.testng.internal.Parameters.createParametersForMethod(Parameters.java:355)
	at org.testng.internal.Parameters.createParameters(Parameters.java:684)
	at org.testng.internal.Parameters.createConfigurationParameters(Parameters.java:166)
	at org.testng.internal.invokers.ConfigInvoker.invokeConfigurations(ConfigInvoker.java:277)
	at org.testng.internal.invokers.TestMethodWorker.invokeBeforeClassMethods(TestMethodWorker.java:180)
	at org.testng.internal.invokers.TestMethodWorker.run(TestMethodWorker.java:122)
	at java.base/java.util.ArrayList.forEach(ArrayList.java:1511)
	at org.testng.TestRunner.privateRun(TestRunner.java:829)
	at org.testng.TestRunner.run(TestRunner.java:602)
	at org.testng.SuiteRunner.runTest(SuiteRunner.java:437)
	at org.testng.SuiteRunner.runSequentially(SuiteRunner.java:431)
	at org.testng.SuiteRunner.privateRun(SuiteRunner.java:391)
	at org.testng.SuiteRunner.run(SuiteRunner.java:330)
	at org.testng.SuiteRunnerWorker.runSuite(SuiteRunnerWorker.java:52)
	at org.testng.SuiteRunnerWorker.run(SuiteRunnerWorker.java:95)
	at org.testng.TestNG.runSuitesSequentially(TestNG.java:1256)
	at org.testng.TestNG.runSuitesLocally(TestNG.java:1176)
	at org.testng.TestNG.runSuites(TestNG.java:1099)
	at org.testng.TestNG.run(TestNG.java:1067)
	at org.apache.maven.surefire.testng.TestNGExecutor.run(TestNGExecutor.java:155)
	at org.apache.maven.surefire.testng.TestNGDirectoryTestSuite.executeMulti(TestNGDirectoryTestSuite.java:169)
	at org.apache.maven.surefire.testng.TestNGDirectoryTestSuite.execute(TestNGDirectoryTestSuite.java:88)
	at org.apache.maven.surefire.testng.TestNGProvider.invoke(TestNGProvider.java:137)
	at org.apache.maven.surefire.booter.ForkedBooter.runSuitesInProcess(ForkedBooter.java:385)
	at org.apache.maven.surefire.booter.ForkedBooter.execute(ForkedBooter.java:162)
	at org.apache.maven.surefire.booter.ForkedBooter.run(ForkedBooter.java:507)
	at org.apache.maven.surefire.booter.ForkedBooter.main(ForkedBooter.java:495)
]]></failure>
  </testcase>
  <testcase name="methodsPreRequisites" classname="sew.ai.tests.scp.MyAccountAboutMyHomeTests" time="0.0">
    <skipped/>
  </testcase>
  <testcase name="verifyAboutMyHomePageNavigation" classname="sew.ai.tests.scp.MyAccountAboutMyHomeTests" time="0.0">
    <skipped message="&#10;Parameter &apos;platformType&apos; is required by BeforeClass on method classPreRequisites but has not been marked @Optional or defined&#10;"/>
  </testcase>
  <testcase name="tearDownMethods" classname="sew.ai.tests.scp.MyAccountAboutMyHomeTests" time="0.0">
    <skipped/>
  </testcase>
  <testcase name="tearDownClasses" classname="sew.ai.tests.scp.MyAccountAboutMyHomeTests" time="0.0">
    <skipped/>
  </testcase>
  <testcase name="classPreRequisites" classname="sew.ai.tests.scp.MyProfileTests" time="0.003">
    <failure message="&#10;Parameter &apos;platformType&apos; is required by BeforeClass on method classPreRequisites but has not been marked @Optional or defined&#10;" type="org.testng.TestNGException"><![CDATA[org.testng.TestNGException: 

Parameter 'platformType' is required by BeforeClass on method classPreRequisites but has not been marked @Optional or defined

	at org.testng.internal.Parameters.createParams(Parameters.java:267)
	at org.testng.internal.Parameters.createParametersForMethod(Parameters.java:355)
	at org.testng.internal.Parameters.createParameters(Parameters.java:684)
	at org.testng.internal.Parameters.createConfigurationParameters(Parameters.java:166)
	at org.testng.internal.invokers.ConfigInvoker.invokeConfigurations(ConfigInvoker.java:277)
	at org.testng.internal.invokers.TestMethodWorker.invokeBeforeClassMethods(TestMethodWorker.java:180)
	at org.testng.internal.invokers.TestMethodWorker.run(TestMethodWorker.java:122)
	at java.base/java.util.ArrayList.forEach(ArrayList.java:1511)
	at org.testng.TestRunner.privateRun(TestRunner.java:829)
	at org.testng.TestRunner.run(TestRunner.java:602)
	at org.testng.SuiteRunner.runTest(SuiteRunner.java:437)
	at org.testng.SuiteRunner.runSequentially(SuiteRunner.java:431)
	at org.testng.SuiteRunner.privateRun(SuiteRunner.java:391)
	at org.testng.SuiteRunner.run(SuiteRunner.java:330)
	at org.testng.SuiteRunnerWorker.runSuite(SuiteRunnerWorker.java:52)
	at org.testng.SuiteRunnerWorker.run(SuiteRunnerWorker.java:95)
	at org.testng.TestNG.runSuitesSequentially(TestNG.java:1256)
	at org.testng.TestNG.runSuitesLocally(TestNG.java:1176)
	at org.testng.TestNG.runSuites(TestNG.java:1099)
	at org.testng.TestNG.run(TestNG.java:1067)
	at org.apache.maven.surefire.testng.TestNGExecutor.run(TestNGExecutor.java:155)
	at org.apache.maven.surefire.testng.TestNGDirectoryTestSuite.executeMulti(TestNGDirectoryTestSuite.java:169)
	at org.apache.maven.surefire.testng.TestNGDirectoryTestSuite.execute(TestNGDirectoryTestSuite.java:88)
	at org.apache.maven.surefire.testng.TestNGProvider.invoke(TestNGProvider.java:137)
	at org.apache.maven.surefire.booter.ForkedBooter.runSuitesInProcess(ForkedBooter.java:385)
	at org.apache.maven.surefire.booter.ForkedBooter.execute(ForkedBooter.java:162)
	at org.apache.maven.surefire.booter.ForkedBooter.run(ForkedBooter.java:507)
	at org.apache.maven.surefire.booter.ForkedBooter.main(ForkedBooter.java:495)
]]></failure>
  </testcase>
  <testcase name="methodsPreRequisites" classname="sew.ai.tests.scp.MyProfileTests" time="0.0">
    <skipped/>
  </testcase>
  <testcase name="methodsPreRequisites" classname="sew.ai.tests.scp.MyProfileTests" time="0.0">
    <skipped/>
  </testcase>
  <testcase name="methodsPreRequisites" classname="sew.ai.tests.scp.MyProfileTests" time="0.0">
    <skipped/>
  </testcase>
  <testcase name="methodsPreRequisites" classname="sew.ai.tests.scp.MyProfileTests" time="0.0">
    <skipped/>
  </testcase>
  <testcase name="methodsPreRequisites" classname="sew.ai.tests.scp.MyProfileTests" time="0.0">
    <skipped/>
  </testcase>
  <testcase name="methodsPreRequisites" classname="sew.ai.tests.scp.MyProfileTests" time="0.0">
    <skipped/>
  </testcase>
  <testcase name="methodsPreRequisites" classname="sew.ai.tests.scp.MyProfileTests" time="0.0">
    <skipped/>
  </testcase>
  <testcase name="methodsPreRequisites" classname="sew.ai.tests.scp.MyProfileTests" time="0.0">
    <skipped/>
  </testcase>
  <testcase name="methodsPreRequisites" classname="sew.ai.tests.scp.MyProfileTests" time="0.0">
    <skipped/>
  </testcase>
  <testcase name="methodsPreRequisites" classname="sew.ai.tests.scp.MyProfileTests" time="0.0">
    <skipped/>
  </testcase>
  <testcase name="methodsPreRequisites" classname="sew.ai.tests.scp.MyProfileTests" time="0.0">
    <skipped/>
  </testcase>
  <testcase name="methodsPreRequisites" classname="sew.ai.tests.scp.MyProfileTests" time="0.0">
    <skipped/>
  </testcase>
  <testcase name="methodsPreRequisites" classname="sew.ai.tests.scp.MyProfileTests" time="0.0">
    <skipped/>
  </testcase>
  <testcase name="methodsPreRequisites" classname="sew.ai.tests.scp.MyProfileTests" time="0.0">
    <skipped/>
  </testcase>
  <testcase name="methodsPreRequisites" classname="sew.ai.tests.scp.MyProfileTests" time="0.0">
    <skipped/>
  </testcase>
  <testcase name="methodsPreRequisites" classname="sew.ai.tests.scp.MyProfileTests" time="0.0">
    <skipped/>
  </testcase>
  <testcase name="verifyProfileInformationPageUI" classname="sew.ai.tests.scp.MyProfileTests" time="0.0">
    <skipped message="&#10;Parameter &apos;platformType&apos; is required by BeforeClass on method classPreRequisites but has not been marked @Optional or defined&#10;"/>
  </testcase>
  <testcase name="tearDownMethods" classname="sew.ai.tests.scp.MyProfileTests" time="0.0">
    <skipped/>
  </testcase>
  <testcase name="tearDownMethods" classname="sew.ai.tests.scp.MyProfileTests" time="0.0">
    <skipped/>
  </testcase>
  <testcase name="tearDownMethods" classname="sew.ai.tests.scp.MyProfileTests" time="0.0">
    <skipped/>
  </testcase>
  <testcase name="tearDownMethods" classname="sew.ai.tests.scp.MyProfileTests" time="0.0">
    <skipped/>
  </testcase>
  <testcase name="tearDownMethods" classname="sew.ai.tests.scp.MyProfileTests" time="0.0">
    <skipped/>
  </testcase>
  <testcase name="tearDownMethods" classname="sew.ai.tests.scp.MyProfileTests" time="0.0">
    <skipped/>
  </testcase>
  <testcase name="tearDownMethods" classname="sew.ai.tests.scp.MyProfileTests" time="0.0">
    <skipped/>
  </testcase>
  <testcase name="tearDownMethods" classname="sew.ai.tests.scp.MyProfileTests" time="0.0">
    <skipped/>
  </testcase>
  <testcase name="tearDownMethods" classname="sew.ai.tests.scp.MyProfileTests" time="0.0">
    <skipped/>
  </testcase>
  <testcase name="tearDownMethods" classname="sew.ai.tests.scp.MyProfileTests" time="0.0">
    <skipped/>
  </testcase>
  <testcase name="tearDownMethods" classname="sew.ai.tests.scp.MyProfileTests" time="0.0">
    <skipped/>
  </testcase>
  <testcase name="tearDownMethods" classname="sew.ai.tests.scp.MyProfileTests" time="0.0">
    <skipped/>
  </testcase>
  <testcase name="tearDownMethods" classname="sew.ai.tests.scp.MyProfileTests" time="0.0">
    <skipped/>
  </testcase>
  <testcase name="tearDownMethods" classname="sew.ai.tests.scp.MyProfileTests" time="0.0">
    <skipped/>
  </testcase>
  <testcase name="tearDownMethods" classname="sew.ai.tests.scp.MyProfileTests" time="0.0">
    <skipped/>
  </testcase>
  <testcase name="tearDownMethods" classname="sew.ai.tests.scp.MyProfileTests" time="0.0">
    <skipped/>
  </testcase>
  <testcase name="verifyPersonalInfoSection" classname="sew.ai.tests.scp.MyProfileTests" time="0.0">
    <skipped message="&#10;Parameter &apos;platformType&apos; is required by BeforeClass on method classPreRequisites but has not been marked @Optional or defined&#10;"/>
  </testcase>
  <testcase name="verifyValidationsProfileInformation" classname="sew.ai.tests.scp.MyProfileTests" time="0.0">
    <skipped message="&#10;Parameter &apos;platformType&apos; is required by BeforeClass on method classPreRequisites but has not been marked @Optional or defined&#10;"/>
  </testcase>
  <testcase name="verifyContactTypeProfileInformation" classname="sew.ai.tests.scp.MyProfileTests" time="0.0">
    <skipped message="&#10;Parameter &apos;platformType&apos; is required by BeforeClass on method classPreRequisites but has not been marked @Optional or defined&#10;"/>
  </testcase>
  <testcase name="verifyUpdateProfileInformation" classname="sew.ai.tests.scp.MyProfileTests" time="0.0">
    <skipped message="&#10;Parameter &apos;platformType&apos; is required by BeforeClass on method classPreRequisites but has not been marked @Optional or defined&#10;"/>
  </testcase>
  <testcase name="validateChangeUsername" classname="sew.ai.tests.scp.MyProfileTests" time="0.0">
    <skipped message="&#10;Parameter &apos;platformType&apos; is required by BeforeClass on method classPreRequisites but has not been marked @Optional or defined&#10;"/>
  </testcase>
  <testcase name="verifyChangeUsernameAcceptanceCriteria" classname="sew.ai.tests.scp.MyProfileTests" time="0.0">
    <skipped message="&#10;Parameter &apos;platformType&apos; is required by BeforeClass on method classPreRequisites but has not been marked @Optional or defined&#10;"/>
  </testcase>
  <testcase name="verifyDownloadMyPersonalData" classname="sew.ai.tests.scp.MyProfileTests" time="0.0">
    <skipped message="&#10;Parameter &apos;platformType&apos; is required by BeforeClass on method classPreRequisites but has not been marked @Optional or defined&#10;"/>
  </testcase>
  <testcase name="validationMsgAndChangeUsername" classname="sew.ai.tests.scp.MyProfileTests" time="0.0">
    <skipped message="&#10;Parameter &apos;platformType&apos; is required by BeforeClass on method classPreRequisites but has not been marked @Optional or defined&#10;"/>
  </testcase>
  <testcase name="verifyDefaultTimeZoneOfNewRegisteredUser" classname="sew.ai.tests.scp.MyProfileTests" time="0.0">
    <skipped message="&#10;Parameter &apos;platformType&apos; is required by BeforeClass on method classPreRequisites but has not been marked @Optional or defined&#10;"/>
  </testcase>
  <testcase name="verifyDropdownOnLinkDeLinkAccounts" classname="sew.ai.tests.scp.MyProfileTests" time="0.0">
    <skipped message="&#10;Parameter &apos;platformType&apos; is required by BeforeClass on method classPreRequisites but has not been marked @Optional or defined&#10;"/>
  </testcase>
  <testcase name="verifyTimeZoneSaveFunctionality" classname="sew.ai.tests.scp.MyProfileTests" time="0.0">
    <skipped message="&#10;Parameter &apos;platformType&apos; is required by BeforeClass on method classPreRequisites but has not been marked @Optional or defined&#10;"/>
  </testcase>
  <testcase name="verifyDeleteMyProfile" classname="sew.ai.tests.scp.MyProfileTests" time="0.0">
    <skipped message="&#10;Parameter &apos;platformType&apos; is required by BeforeClass on method classPreRequisites but has not been marked @Optional or defined&#10;"/>
  </testcase>
  <testcase name="verifyNewUserDownloadMyPersonalData" classname="sew.ai.tests.scp.MyProfileTests" time="0.0">
    <skipped message="&#10;Parameter &apos;platformType&apos; is required by BeforeClass on method classPreRequisites but has not been marked @Optional or defined&#10;"/>
  </testcase>
  <testcase name="verifyChangeUsernameNotAvailable" classname="sew.ai.tests.scp.MyProfileTests" time="0.0">
    <skipped message="&#10;Parameter &apos;platformType&apos; is required by BeforeClass on method classPreRequisites but has not been marked @Optional or defined&#10;"/>
  </testcase>
  <testcase name="verifyDefaultServiceAddress" classname="sew.ai.tests.scp.MyProfileTests" time="0.0">
    <skipped message="&#10;Parameter &apos;platformType&apos; is required by BeforeClass on method classPreRequisites but has not been marked @Optional or defined&#10;"/>
  </testcase>
  <testcase name="tearDownClasses" classname="sew.ai.tests.scp.MyProfileTests" time="0.0">
    <skipped/>
  </testcase>
  <testcase name="classPreRequisites" classname="sew.ai.tests.scp.NotificationPreferenceTests" time="0.001">
    <failure message="&#10;Parameter &apos;platformType&apos; is required by BeforeClass on method classPreRequisites but has not been marked @Optional or defined&#10;" type="org.testng.TestNGException"><![CDATA[org.testng.TestNGException: 

Parameter 'platformType' is required by BeforeClass on method classPreRequisites but has not been marked @Optional or defined

	at org.testng.internal.Parameters.createParams(Parameters.java:267)
	at org.testng.internal.Parameters.createParametersForMethod(Parameters.java:355)
	at org.testng.internal.Parameters.createParameters(Parameters.java:684)
	at org.testng.internal.Parameters.createConfigurationParameters(Parameters.java:166)
	at org.testng.internal.invokers.ConfigInvoker.invokeConfigurations(ConfigInvoker.java:277)
	at org.testng.internal.invokers.TestMethodWorker.invokeBeforeClassMethods(TestMethodWorker.java:180)
	at org.testng.internal.invokers.TestMethodWorker.run(TestMethodWorker.java:122)
	at java.base/java.util.ArrayList.forEach(ArrayList.java:1511)
	at org.testng.TestRunner.privateRun(TestRunner.java:829)
	at org.testng.TestRunner.run(TestRunner.java:602)
	at org.testng.SuiteRunner.runTest(SuiteRunner.java:437)
	at org.testng.SuiteRunner.runSequentially(SuiteRunner.java:431)
	at org.testng.SuiteRunner.privateRun(SuiteRunner.java:391)
	at org.testng.SuiteRunner.run(SuiteRunner.java:330)
	at org.testng.SuiteRunnerWorker.runSuite(SuiteRunnerWorker.java:52)
	at org.testng.SuiteRunnerWorker.run(SuiteRunnerWorker.java:95)
	at org.testng.TestNG.runSuitesSequentially(TestNG.java:1256)
	at org.testng.TestNG.runSuitesLocally(TestNG.java:1176)
	at org.testng.TestNG.runSuites(TestNG.java:1099)
	at org.testng.TestNG.run(TestNG.java:1067)
	at org.apache.maven.surefire.testng.TestNGExecutor.run(TestNGExecutor.java:155)
	at org.apache.maven.surefire.testng.TestNGDirectoryTestSuite.executeMulti(TestNGDirectoryTestSuite.java:169)
	at org.apache.maven.surefire.testng.TestNGDirectoryTestSuite.execute(TestNGDirectoryTestSuite.java:88)
	at org.apache.maven.surefire.testng.TestNGProvider.invoke(TestNGProvider.java:137)
	at org.apache.maven.surefire.booter.ForkedBooter.runSuitesInProcess(ForkedBooter.java:385)
	at org.apache.maven.surefire.booter.ForkedBooter.execute(ForkedBooter.java:162)
	at org.apache.maven.surefire.booter.ForkedBooter.run(ForkedBooter.java:507)
	at org.apache.maven.surefire.booter.ForkedBooter.main(ForkedBooter.java:495)
]]></failure>
  </testcase>
  <testcase name="methodsPreRequisites" classname="sew.ai.tests.scp.NotificationPreferenceTests" time="0.0">
    <skipped/>
  </testcase>
  <testcase name="methodsPreRequisites" classname="sew.ai.tests.scp.NotificationPreferenceTests" time="0.0">
    <skipped/>
  </testcase>
  <testcase name="methodsPreRequisites" classname="sew.ai.tests.scp.NotificationPreferenceTests" time="0.0">
    <skipped/>
  </testcase>
  <testcase name="methodsPreRequisites" classname="sew.ai.tests.scp.NotificationPreferenceTests" time="0.0">
    <skipped/>
  </testcase>
  <testcase name="methodsPreRequisites" classname="sew.ai.tests.scp.NotificationPreferenceTests" time="0.0">
    <skipped/>
  </testcase>
  <testcase name="methodsPreRequisites" classname="sew.ai.tests.scp.NotificationPreferenceTests" time="0.0">
    <skipped/>
  </testcase>
  <testcase name="methodsPreRequisites" classname="sew.ai.tests.scp.NotificationPreferenceTests" time="0.0">
    <skipped/>
  </testcase>
  <testcase name="methodsPreRequisites" classname="sew.ai.tests.scp.NotificationPreferenceTests" time="0.0">
    <skipped/>
  </testcase>
  <testcase name="methodsPreRequisites" classname="sew.ai.tests.scp.NotificationPreferenceTests" time="0.0">
    <skipped/>
  </testcase>
  <testcase name="methodsPreRequisites" classname="sew.ai.tests.scp.NotificationPreferenceTests" time="0.0">
    <skipped/>
  </testcase>
  <testcase name="methodsPreRequisites" classname="sew.ai.tests.scp.NotificationPreferenceTests" time="0.0">
    <skipped/>
  </testcase>
  <testcase name="methodsPreRequisites" classname="sew.ai.tests.scp.NotificationPreferenceTests" time="0.0">
    <skipped/>
  </testcase>
  <testcase name="methodsPreRequisites" classname="sew.ai.tests.scp.NotificationPreferenceTests" time="0.0">
    <skipped/>
  </testcase>
  <testcase name="hideAndUnHideNotificationPreference" classname="sew.ai.tests.scp.NotificationPreferenceTests" time="0.0">
    <skipped message="&#10;Parameter &apos;platformType&apos; is required by BeforeClass on method classPreRequisites but has not been marked @Optional or defined&#10;"/>
  </testcase>
  <testcase name="tearDownMethods" classname="sew.ai.tests.scp.NotificationPreferenceTests" time="0.0">
    <skipped/>
  </testcase>
  <testcase name="tearDownMethods" classname="sew.ai.tests.scp.NotificationPreferenceTests" time="0.0">
    <skipped/>
  </testcase>
  <testcase name="tearDownMethods" classname="sew.ai.tests.scp.NotificationPreferenceTests" time="0.0">
    <skipped/>
  </testcase>
  <testcase name="tearDownMethods" classname="sew.ai.tests.scp.NotificationPreferenceTests" time="0.0">
    <skipped/>
  </testcase>
  <testcase name="tearDownMethods" classname="sew.ai.tests.scp.NotificationPreferenceTests" time="0.0">
    <skipped/>
  </testcase>
  <testcase name="tearDownMethods" classname="sew.ai.tests.scp.NotificationPreferenceTests" time="0.0">
    <skipped/>
  </testcase>
  <testcase name="tearDownMethods" classname="sew.ai.tests.scp.NotificationPreferenceTests" time="0.0">
    <skipped/>
  </testcase>
  <testcase name="tearDownMethods" classname="sew.ai.tests.scp.NotificationPreferenceTests" time="0.0">
    <skipped/>
  </testcase>
  <testcase name="tearDownMethods" classname="sew.ai.tests.scp.NotificationPreferenceTests" time="0.0">
    <skipped/>
  </testcase>
  <testcase name="tearDownMethods" classname="sew.ai.tests.scp.NotificationPreferenceTests" time="0.0">
    <skipped/>
  </testcase>
  <testcase name="tearDownMethods" classname="sew.ai.tests.scp.NotificationPreferenceTests" time="0.0">
    <skipped/>
  </testcase>
  <testcase name="tearDownMethods" classname="sew.ai.tests.scp.NotificationPreferenceTests" time="0.0">
    <skipped/>
  </testcase>
  <testcase name="tearDownMethods" classname="sew.ai.tests.scp.NotificationPreferenceTests" time="0.0">
    <skipped/>
  </testcase>
  <testcase name="verifyAddNotificationChannelFunctionality" classname="sew.ai.tests.scp.NotificationPreferenceTests" time="0.0">
    <skipped message="&#10;Parameter &apos;platformType&apos; is required by BeforeClass on method classPreRequisites but has not been marked @Optional or defined&#10;"/>
  </testcase>
  <testcase name="verifyNotificationAlertStatusAndNoImpactOfQuietHOursOnEmail" classname="sew.ai.tests.scp.NotificationPreferenceTests" time="0.0">
    <skipped message="&#10;Parameter &apos;platformType&apos; is required by BeforeClass on method classPreRequisites but has not been marked @Optional or defined&#10;"/>
  </testcase>
  <testcase name="verifyNotificationAlertsValidationMessages" classname="sew.ai.tests.scp.NotificationPreferenceTests" time="0.0">
    <skipped message="&#10;Parameter &apos;platformType&apos; is required by BeforeClass on method classPreRequisites but has not been marked @Optional or defined&#10;"/>
  </testcase>
  <testcase name="verifyNotificationInboxOnNoPreferenceAlert" classname="sew.ai.tests.scp.NotificationPreferenceTests" time="0.0">
    <skipped message="&#10;Parameter &apos;platformType&apos; is required by BeforeClass on method classPreRequisites but has not been marked @Optional or defined&#10;"/>
  </testcase>
  <testcase name="verifyNotificationMaintainOnAccountLevel" classname="sew.ai.tests.scp.NotificationPreferenceTests" time="0.0">
    <skipped message="&#10;Parameter &apos;platformType&apos; is required by BeforeClass on method classPreRequisites but has not been marked @Optional or defined&#10;"/>
  </testcase>
  <testcase name="verifyNotificationMobileNumberEmailAddress" classname="sew.ai.tests.scp.NotificationPreferenceTests" time="0.0">
    <skipped message="&#10;Parameter &apos;platformType&apos; is required by BeforeClass on method classPreRequisites but has not been marked @Optional or defined&#10;"/>
  </testcase>
  <testcase name="verifyNotificationPreferenceForRegisteredUser" classname="sew.ai.tests.scp.NotificationPreferenceTests" time="0.0">
    <skipped message="&#10;Parameter &apos;platformType&apos; is required by BeforeClass on method classPreRequisites but has not been marked @Optional or defined&#10;"/>
  </testcase>
  <testcase name="verifyNotificationPreferencePageObjects" classname="sew.ai.tests.scp.NotificationPreferenceTests" time="0.0">
    <skipped message="&#10;Parameter &apos;platformType&apos; is required by BeforeClass on method classPreRequisites but has not been marked @Optional or defined&#10;"/>
  </testcase>
  <testcase name="verifyNotificationsChannelsValidations" classname="sew.ai.tests.scp.NotificationPreferenceTests" time="0.0">
    <skipped message="&#10;Parameter &apos;platformType&apos; is required by BeforeClass on method classPreRequisites but has not been marked @Optional or defined&#10;"/>
  </testcase>
  <testcase name="verifyQuietHoursFunctionalityAndUI" classname="sew.ai.tests.scp.NotificationPreferenceTests" time="0.0">
    <skipped message="&#10;Parameter &apos;platformType&apos; is required by BeforeClass on method classPreRequisites but has not been marked @Optional or defined&#10;"/>
  </testcase>
  <testcase name="verifyQuietHoursFunctionalityAndUIforEmailAddress" classname="sew.ai.tests.scp.NotificationPreferenceTests" time="0.0">
    <skipped message="&#10;Parameter &apos;platformType&apos; is required by BeforeClass on method classPreRequisites but has not been marked @Optional or defined&#10;"/>
  </testcase>
  <testcase name="verifyTcpaCompliancePopup" classname="sew.ai.tests.scp.NotificationPreferenceTests" time="0.0">
    <skipped message="&#10;Parameter &apos;platformType&apos; is required by BeforeClass on method classPreRequisites but has not been marked @Optional or defined&#10;"/>
  </testcase>
  <testcase name="tearDownClasses" classname="sew.ai.tests.scp.NotificationPreferenceTests" time="0.0">
    <skipped/>
  </testcase>
  <testcase name="classPreRequisites" classname="sew.ai.tests.scp.NotificationTests" time="0.003">
    <failure message="&#10;Parameter &apos;platformType&apos; is required by BeforeClass on method classPreRequisites but has not been marked @Optional or defined&#10;" type="org.testng.TestNGException"><![CDATA[org.testng.TestNGException: 

Parameter 'platformType' is required by BeforeClass on method classPreRequisites but has not been marked @Optional or defined

	at org.testng.internal.Parameters.createParams(Parameters.java:267)
	at org.testng.internal.Parameters.createParametersForMethod(Parameters.java:355)
	at org.testng.internal.Parameters.createParameters(Parameters.java:684)
	at org.testng.internal.Parameters.createConfigurationParameters(Parameters.java:166)
	at org.testng.internal.invokers.ConfigInvoker.invokeConfigurations(ConfigInvoker.java:277)
	at org.testng.internal.invokers.TestMethodWorker.invokeBeforeClassMethods(TestMethodWorker.java:180)
	at org.testng.internal.invokers.TestMethodWorker.run(TestMethodWorker.java:122)
	at java.base/java.util.ArrayList.forEach(ArrayList.java:1511)
	at org.testng.TestRunner.privateRun(TestRunner.java:829)
	at org.testng.TestRunner.run(TestRunner.java:602)
	at org.testng.SuiteRunner.runTest(SuiteRunner.java:437)
	at org.testng.SuiteRunner.runSequentially(SuiteRunner.java:431)
	at org.testng.SuiteRunner.privateRun(SuiteRunner.java:391)
	at org.testng.SuiteRunner.run(SuiteRunner.java:330)
	at org.testng.SuiteRunnerWorker.runSuite(SuiteRunnerWorker.java:52)
	at org.testng.SuiteRunnerWorker.run(SuiteRunnerWorker.java:95)
	at org.testng.TestNG.runSuitesSequentially(TestNG.java:1256)
	at org.testng.TestNG.runSuitesLocally(TestNG.java:1176)
	at org.testng.TestNG.runSuites(TestNG.java:1099)
	at org.testng.TestNG.run(TestNG.java:1067)
	at org.apache.maven.surefire.testng.TestNGExecutor.run(TestNGExecutor.java:155)
	at org.apache.maven.surefire.testng.TestNGDirectoryTestSuite.executeMulti(TestNGDirectoryTestSuite.java:169)
	at org.apache.maven.surefire.testng.TestNGDirectoryTestSuite.execute(TestNGDirectoryTestSuite.java:88)
	at org.apache.maven.surefire.testng.TestNGProvider.invoke(TestNGProvider.java:137)
	at org.apache.maven.surefire.booter.ForkedBooter.runSuitesInProcess(ForkedBooter.java:385)
	at org.apache.maven.surefire.booter.ForkedBooter.execute(ForkedBooter.java:162)
	at org.apache.maven.surefire.booter.ForkedBooter.run(ForkedBooter.java:507)
	at org.apache.maven.surefire.booter.ForkedBooter.main(ForkedBooter.java:495)
]]></failure>
  </testcase>
  <testcase name="methodsPreRequisites" classname="sew.ai.tests.scp.NotificationTests" time="0.0">
    <skipped/>
  </testcase>
  <testcase name="methodsPreRequisites" classname="sew.ai.tests.scp.NotificationTests" time="0.0">
    <skipped/>
  </testcase>
  <testcase name="verifyNotificationsPageNavigationAndUI" classname="sew.ai.tests.scp.NotificationTests" time="0.0">
    <skipped message="&#10;Parameter &apos;platformType&apos; is required by BeforeClass on method classPreRequisites but has not been marked @Optional or defined&#10;"/>
  </testcase>
  <testcase name="tearDownMethods" classname="sew.ai.tests.scp.NotificationTests" time="0.0">
    <skipped/>
  </testcase>
  <testcase name="tearDownMethods" classname="sew.ai.tests.scp.NotificationTests" time="0.0">
    <skipped/>
  </testcase>
  <testcase name="verifyOutageNotificationMails" classname="sew.ai.tests.scp.NotificationTests" time="0.0">
    <skipped message="&#10;Parameter &apos;platformType&apos; is required by BeforeClass on method classPreRequisites but has not been marked @Optional or defined&#10;"/>
  </testcase>
  <testcase name="tearDownClasses" classname="sew.ai.tests.scp.NotificationTests" time="0.0">
    <skipped/>
  </testcase>
  <testcase name="classPreRequisites" classname="sew.ai.tests.scp.PostLogConnectMeTests" time="0.0">
    <failure message="&#10;Parameter &apos;platformType&apos; is required by BeforeClass on method classPreRequisites but has not been marked @Optional or defined&#10;" type="org.testng.TestNGException"><![CDATA[org.testng.TestNGException: 

Parameter 'platformType' is required by BeforeClass on method classPreRequisites but has not been marked @Optional or defined

	at org.testng.internal.Parameters.createParams(Parameters.java:267)
	at org.testng.internal.Parameters.createParametersForMethod(Parameters.java:355)
	at org.testng.internal.Parameters.createParameters(Parameters.java:684)
	at org.testng.internal.Parameters.createConfigurationParameters(Parameters.java:166)
	at org.testng.internal.invokers.ConfigInvoker.invokeConfigurations(ConfigInvoker.java:277)
	at org.testng.internal.invokers.TestMethodWorker.invokeBeforeClassMethods(TestMethodWorker.java:180)
	at org.testng.internal.invokers.TestMethodWorker.run(TestMethodWorker.java:122)
	at java.base/java.util.ArrayList.forEach(ArrayList.java:1511)
	at org.testng.TestRunner.privateRun(TestRunner.java:829)
	at org.testng.TestRunner.run(TestRunner.java:602)
	at org.testng.SuiteRunner.runTest(SuiteRunner.java:437)
	at org.testng.SuiteRunner.runSequentially(SuiteRunner.java:431)
	at org.testng.SuiteRunner.privateRun(SuiteRunner.java:391)
	at org.testng.SuiteRunner.run(SuiteRunner.java:330)
	at org.testng.SuiteRunnerWorker.runSuite(SuiteRunnerWorker.java:52)
	at org.testng.SuiteRunnerWorker.run(SuiteRunnerWorker.java:95)
	at org.testng.TestNG.runSuitesSequentially(TestNG.java:1256)
	at org.testng.TestNG.runSuitesLocally(TestNG.java:1176)
	at org.testng.TestNG.runSuites(TestNG.java:1099)
	at org.testng.TestNG.run(TestNG.java:1067)
	at org.apache.maven.surefire.testng.TestNGExecutor.run(TestNGExecutor.java:155)
	at org.apache.maven.surefire.testng.TestNGDirectoryTestSuite.executeMulti(TestNGDirectoryTestSuite.java:169)
	at org.apache.maven.surefire.testng.TestNGDirectoryTestSuite.execute(TestNGDirectoryTestSuite.java:88)
	at org.apache.maven.surefire.testng.TestNGProvider.invoke(TestNGProvider.java:137)
	at org.apache.maven.surefire.booter.ForkedBooter.runSuitesInProcess(ForkedBooter.java:385)
	at org.apache.maven.surefire.booter.ForkedBooter.execute(ForkedBooter.java:162)
	at org.apache.maven.surefire.booter.ForkedBooter.run(ForkedBooter.java:507)
	at org.apache.maven.surefire.booter.ForkedBooter.main(ForkedBooter.java:495)
]]></failure>
  </testcase>
  <testcase name="methodsPreRequisites" classname="sew.ai.tests.scp.PostLogConnectMeTests" time="0.0">
    <skipped/>
  </testcase>
  <testcase name="methodsPreRequisites" classname="sew.ai.tests.scp.PostLogConnectMeTests" time="0.0">
    <skipped/>
  </testcase>
  <testcase name="methodsPreRequisites" classname="sew.ai.tests.scp.PostLogConnectMeTests" time="0.0">
    <skipped/>
  </testcase>
  <testcase name="methodsPreRequisites" classname="sew.ai.tests.scp.PostLogConnectMeTests" time="0.0">
    <skipped/>
  </testcase>
  <testcase name="methodsPreRequisites" classname="sew.ai.tests.scp.PostLogConnectMeTests" time="0.0">
    <skipped/>
  </testcase>
  <testcase name="methodsPreRequisites" classname="sew.ai.tests.scp.PostLogConnectMeTests" time="0.0">
    <skipped/>
  </testcase>
  <testcase name="verifyAttachmentsForSubmitingForm" classname="sew.ai.tests.scp.PostLogConnectMeTests" time="0.0">
    <skipped message="&#10;Parameter &apos;platformType&apos; is required by BeforeClass on method classPreRequisites but has not been marked @Optional or defined&#10;"/>
  </testcase>
  <testcase name="tearDownMethods" classname="sew.ai.tests.scp.PostLogConnectMeTests" time="0.0">
    <skipped/>
  </testcase>
  <testcase name="tearDownMethods" classname="sew.ai.tests.scp.PostLogConnectMeTests" time="0.0">
    <skipped/>
  </testcase>
  <testcase name="tearDownMethods" classname="sew.ai.tests.scp.PostLogConnectMeTests" time="0.0">
    <skipped/>
  </testcase>
  <testcase name="tearDownMethods" classname="sew.ai.tests.scp.PostLogConnectMeTests" time="0.0">
    <skipped/>
  </testcase>
  <testcase name="tearDownMethods" classname="sew.ai.tests.scp.PostLogConnectMeTests" time="0.0">
    <skipped/>
  </testcase>
  <testcase name="tearDownMethods" classname="sew.ai.tests.scp.PostLogConnectMeTests" time="0.0">
    <skipped/>
  </testcase>
  <testcase name="verifyPostLogCreateTrackContactReq" classname="sew.ai.tests.scp.PostLogConnectMeTests" time="0.0">
    <skipped message="&#10;Parameter &apos;platformType&apos; is required by BeforeClass on method classPreRequisites but has not been marked @Optional or defined&#10;"/>
  </testcase>
  <testcase name="verifyPostLoginConnectMePage" classname="sew.ai.tests.scp.PostLogConnectMeTests" time="0.0">
    <skipped message="&#10;Parameter &apos;platformType&apos; is required by BeforeClass on method classPreRequisites but has not been marked @Optional or defined&#10;"/>
  </testcase>
  <testcase name="verifyPostLoginSavedFormsPage" classname="sew.ai.tests.scp.PostLogConnectMeTests" time="0.0">
    <skipped message="&#10;Parameter &apos;platformType&apos; is required by BeforeClass on method classPreRequisites but has not been marked @Optional or defined&#10;"/>
  </testcase>
  <testcase name="verifyPostLoginSocialMediaPage" classname="sew.ai.tests.scp.PostLogConnectMeTests" time="0.0">
    <skipped message="&#10;Parameter &apos;platformType&apos; is required by BeforeClass on method classPreRequisites but has not been marked @Optional or defined&#10;"/>
  </testcase>
  <testcase name="verifySubmitBillingQueryWithValidAttachment" classname="sew.ai.tests.scp.PostLogConnectMeTests" time="0.0">
    <skipped message="&#10;Parameter &apos;platformType&apos; is required by BeforeClass on method classPreRequisites but has not been marked @Optional or defined&#10;"/>
  </testcase>
  <testcase name="tearDownClasses" classname="sew.ai.tests.scp.PostLogConnectMeTests" time="0.0">
    <skipped/>
  </testcase>
  <testcase name="classPreRequisites" classname="sew.ai.tests.scp.PostLogServiceRequestTests" time="0.001">
    <failure message="&#10;Parameter &apos;platformType&apos; is required by BeforeClass on method classPreRequisites but has not been marked @Optional or defined&#10;" type="org.testng.TestNGException"><![CDATA[org.testng.TestNGException: 

Parameter 'platformType' is required by BeforeClass on method classPreRequisites but has not been marked @Optional or defined

	at org.testng.internal.Parameters.createParams(Parameters.java:267)
	at org.testng.internal.Parameters.createParametersForMethod(Parameters.java:355)
	at org.testng.internal.Parameters.createParameters(Parameters.java:684)
	at org.testng.internal.Parameters.createConfigurationParameters(Parameters.java:166)
	at org.testng.internal.invokers.ConfigInvoker.invokeConfigurations(ConfigInvoker.java:277)
	at org.testng.internal.invokers.TestMethodWorker.invokeBeforeClassMethods(TestMethodWorker.java:180)
	at org.testng.internal.invokers.TestMethodWorker.run(TestMethodWorker.java:122)
	at java.base/java.util.ArrayList.forEach(ArrayList.java:1511)
	at org.testng.TestRunner.privateRun(TestRunner.java:829)
	at org.testng.TestRunner.run(TestRunner.java:602)
	at org.testng.SuiteRunner.runTest(SuiteRunner.java:437)
	at org.testng.SuiteRunner.runSequentially(SuiteRunner.java:431)
	at org.testng.SuiteRunner.privateRun(SuiteRunner.java:391)
	at org.testng.SuiteRunner.run(SuiteRunner.java:330)
	at org.testng.SuiteRunnerWorker.runSuite(SuiteRunnerWorker.java:52)
	at org.testng.SuiteRunnerWorker.run(SuiteRunnerWorker.java:95)
	at org.testng.TestNG.runSuitesSequentially(TestNG.java:1256)
	at org.testng.TestNG.runSuitesLocally(TestNG.java:1176)
	at org.testng.TestNG.runSuites(TestNG.java:1099)
	at org.testng.TestNG.run(TestNG.java:1067)
	at org.apache.maven.surefire.testng.TestNGExecutor.run(TestNGExecutor.java:155)
	at org.apache.maven.surefire.testng.TestNGDirectoryTestSuite.executeMulti(TestNGDirectoryTestSuite.java:169)
	at org.apache.maven.surefire.testng.TestNGDirectoryTestSuite.execute(TestNGDirectoryTestSuite.java:88)
	at org.apache.maven.surefire.testng.TestNGProvider.invoke(TestNGProvider.java:137)
	at org.apache.maven.surefire.booter.ForkedBooter.runSuitesInProcess(ForkedBooter.java:385)
	at org.apache.maven.surefire.booter.ForkedBooter.execute(ForkedBooter.java:162)
	at org.apache.maven.surefire.booter.ForkedBooter.run(ForkedBooter.java:507)
	at org.apache.maven.surefire.booter.ForkedBooter.main(ForkedBooter.java:495)
]]></failure>
  </testcase>
  <testcase name="methodsPreRequisites" classname="sew.ai.tests.scp.PostLogServiceRequestTests" time="0.0">
    <skipped/>
  </testcase>
  <testcase name="methodsPreRequisites" classname="sew.ai.tests.scp.PostLogServiceRequestTests" time="0.0">
    <skipped/>
  </testcase>
  <testcase name="methodsPreRequisites" classname="sew.ai.tests.scp.PostLogServiceRequestTests" time="0.0">
    <skipped/>
  </testcase>
  <testcase name="methodsPreRequisites" classname="sew.ai.tests.scp.PostLogServiceRequestTests" time="0.0">
    <skipped/>
  </testcase>
  <testcase name="methodsPreRequisites" classname="sew.ai.tests.scp.PostLogServiceRequestTests" time="0.0">
    <skipped/>
  </testcase>
  <testcase name="methodsPreRequisites" classname="sew.ai.tests.scp.PostLogServiceRequestTests" time="0.0">
    <skipped/>
  </testcase>
  <testcase name="methodsPreRequisites" classname="sew.ai.tests.scp.PostLogServiceRequestTests" time="0.0">
    <skipped/>
  </testcase>
  <testcase name="validatePostLogOthersReqPage" classname="sew.ai.tests.scp.PostLogServiceRequestTests" time="0.0">
    <skipped message="&#10;Parameter &apos;platformType&apos; is required by BeforeClass on method classPreRequisites but has not been marked @Optional or defined&#10;"/>
  </testcase>
  <testcase name="tearDownMethods" classname="sew.ai.tests.scp.PostLogServiceRequestTests" time="0.0">
    <skipped/>
  </testcase>
  <testcase name="tearDownMethods" classname="sew.ai.tests.scp.PostLogServiceRequestTests" time="0.0">
    <skipped/>
  </testcase>
  <testcase name="tearDownMethods" classname="sew.ai.tests.scp.PostLogServiceRequestTests" time="0.0">
    <skipped/>
  </testcase>
  <testcase name="tearDownMethods" classname="sew.ai.tests.scp.PostLogServiceRequestTests" time="0.0">
    <skipped/>
  </testcase>
  <testcase name="tearDownMethods" classname="sew.ai.tests.scp.PostLogServiceRequestTests" time="0.0">
    <skipped/>
  </testcase>
  <testcase name="tearDownMethods" classname="sew.ai.tests.scp.PostLogServiceRequestTests" time="0.0">
    <skipped/>
  </testcase>
  <testcase name="tearDownMethods" classname="sew.ai.tests.scp.PostLogServiceRequestTests" time="0.0">
    <skipped/>
  </testcase>
  <testcase name="validatePostLogSavedServiceReq" classname="sew.ai.tests.scp.PostLogServiceRequestTests" time="0.0">
    <skipped message="&#10;Parameter &apos;platformType&apos; is required by BeforeClass on method classPreRequisites but has not been marked @Optional or defined&#10;"/>
  </testcase>
  <testcase name="validatePostLogServiceReqPage" classname="sew.ai.tests.scp.PostLogServiceRequestTests" time="0.0">
    <skipped message="&#10;Parameter &apos;platformType&apos; is required by BeforeClass on method classPreRequisites but has not been marked @Optional or defined&#10;"/>
  </testcase>
  <testcase name="validatePostLogTrackReqPage" classname="sew.ai.tests.scp.PostLogServiceRequestTests" time="0.0">
    <skipped message="&#10;Parameter &apos;platformType&apos; is required by BeforeClass on method classPreRequisites but has not been marked @Optional or defined&#10;"/>
  </testcase>
  <testcase name="validatePostLoginMoveInPage" classname="sew.ai.tests.scp.PostLogServiceRequestTests" time="0.0">
    <skipped message="&#10;Parameter &apos;platformType&apos; is required by BeforeClass on method classPreRequisites but has not been marked @Optional or defined&#10;"/>
  </testcase>
  <testcase name="validatePostLoginMoveOutPage" classname="sew.ai.tests.scp.PostLogServiceRequestTests" time="0.0">
    <skipped message="&#10;Parameter &apos;platformType&apos; is required by BeforeClass on method classPreRequisites but has not been marked @Optional or defined&#10;"/>
  </testcase>
  <testcase name="validatePostLoginServiceTransferReqPage" classname="sew.ai.tests.scp.PostLogServiceRequestTests" time="0.0">
    <skipped message="&#10;Parameter &apos;platformType&apos; is required by BeforeClass on method classPreRequisites but has not been marked @Optional or defined&#10;"/>
  </testcase>
  <testcase name="tearDownClasses" classname="sew.ai.tests.scp.PostLogServiceRequestTests" time="0.0">
    <skipped/>
  </testcase>
  <testcase name="classPreRequisites" classname="sew.ai.tests.scp.PreLogConnectMeTests" time="0.001">
    <failure message="&#10;Parameter &apos;platformType&apos; is required by BeforeClass on method classPreRequisites but has not been marked @Optional or defined&#10;" type="org.testng.TestNGException"><![CDATA[org.testng.TestNGException: 

Parameter 'platformType' is required by BeforeClass on method classPreRequisites but has not been marked @Optional or defined

	at org.testng.internal.Parameters.createParams(Parameters.java:267)
	at org.testng.internal.Parameters.createParametersForMethod(Parameters.java:355)
	at org.testng.internal.Parameters.createParameters(Parameters.java:684)
	at org.testng.internal.Parameters.createConfigurationParameters(Parameters.java:166)
	at org.testng.internal.invokers.ConfigInvoker.invokeConfigurations(ConfigInvoker.java:277)
	at org.testng.internal.invokers.TestMethodWorker.invokeBeforeClassMethods(TestMethodWorker.java:180)
	at org.testng.internal.invokers.TestMethodWorker.run(TestMethodWorker.java:122)
	at java.base/java.util.ArrayList.forEach(ArrayList.java:1511)
	at org.testng.TestRunner.privateRun(TestRunner.java:829)
	at org.testng.TestRunner.run(TestRunner.java:602)
	at org.testng.SuiteRunner.runTest(SuiteRunner.java:437)
	at org.testng.SuiteRunner.runSequentially(SuiteRunner.java:431)
	at org.testng.SuiteRunner.privateRun(SuiteRunner.java:391)
	at org.testng.SuiteRunner.run(SuiteRunner.java:330)
	at org.testng.SuiteRunnerWorker.runSuite(SuiteRunnerWorker.java:52)
	at org.testng.SuiteRunnerWorker.run(SuiteRunnerWorker.java:95)
	at org.testng.TestNG.runSuitesSequentially(TestNG.java:1256)
	at org.testng.TestNG.runSuitesLocally(TestNG.java:1176)
	at org.testng.TestNG.runSuites(TestNG.java:1099)
	at org.testng.TestNG.run(TestNG.java:1067)
	at org.apache.maven.surefire.testng.TestNGExecutor.run(TestNGExecutor.java:155)
	at org.apache.maven.surefire.testng.TestNGDirectoryTestSuite.executeMulti(TestNGDirectoryTestSuite.java:169)
	at org.apache.maven.surefire.testng.TestNGDirectoryTestSuite.execute(TestNGDirectoryTestSuite.java:88)
	at org.apache.maven.surefire.testng.TestNGProvider.invoke(TestNGProvider.java:137)
	at org.apache.maven.surefire.booter.ForkedBooter.runSuitesInProcess(ForkedBooter.java:385)
	at org.apache.maven.surefire.booter.ForkedBooter.execute(ForkedBooter.java:162)
	at org.apache.maven.surefire.booter.ForkedBooter.run(ForkedBooter.java:507)
	at org.apache.maven.surefire.booter.ForkedBooter.main(ForkedBooter.java:495)
]]></failure>
  </testcase>
  <testcase name="methodsPreRequisites" classname="sew.ai.tests.scp.PreLogConnectMeTests" time="0.0">
    <skipped/>
  </testcase>
  <testcase name="methodsPreRequisites" classname="sew.ai.tests.scp.PreLogConnectMeTests" time="0.0">
    <skipped/>
  </testcase>
  <testcase name="methodsPreRequisites" classname="sew.ai.tests.scp.PreLogConnectMeTests" time="0.0">
    <skipped/>
  </testcase>
  <testcase name="methodsPreRequisites" classname="sew.ai.tests.scp.PreLogConnectMeTests" time="0.0">
    <skipped/>
  </testcase>
  <testcase name="methodsPreRequisites" classname="sew.ai.tests.scp.PreLogConnectMeTests" time="0.0">
    <skipped/>
  </testcase>
  <testcase name="verifyPreLogConnectMePage" classname="sew.ai.tests.scp.PreLogConnectMeTests" time="0.0">
    <skipped message="&#10;Parameter &apos;platformType&apos; is required by BeforeClass on method classPreRequisites but has not been marked @Optional or defined&#10;"/>
  </testcase>
  <testcase name="tearDownMethods" classname="sew.ai.tests.scp.PreLogConnectMeTests" time="0.0">
    <skipped/>
  </testcase>
  <testcase name="tearDownMethods" classname="sew.ai.tests.scp.PreLogConnectMeTests" time="0.0">
    <skipped/>
  </testcase>
  <testcase name="tearDownMethods" classname="sew.ai.tests.scp.PreLogConnectMeTests" time="0.0">
    <skipped/>
  </testcase>
  <testcase name="tearDownMethods" classname="sew.ai.tests.scp.PreLogConnectMeTests" time="0.0">
    <skipped/>
  </testcase>
  <testcase name="tearDownMethods" classname="sew.ai.tests.scp.PreLogConnectMeTests" time="0.0">
    <skipped/>
  </testcase>
  <testcase name="verifyPreLogTrackContactReq" classname="sew.ai.tests.scp.PreLogConnectMeTests" time="0.0">
    <skipped message="&#10;Parameter &apos;platformType&apos; is required by BeforeClass on method classPreRequisites but has not been marked @Optional or defined&#10;"/>
  </testcase>
  <testcase name="verifyPreLoginConnectMeFaqModule" classname="sew.ai.tests.scp.PreLogConnectMeTests" time="0.0">
    <skipped message="&#10;Parameter &apos;platformType&apos; is required by BeforeClass on method classPreRequisites but has not been marked @Optional or defined&#10;"/>
  </testcase>
  <testcase name="verifyPreLoginSavedFormsPage" classname="sew.ai.tests.scp.PreLogConnectMeTests" time="0.0">
    <skipped message="&#10;Parameter &apos;platformType&apos; is required by BeforeClass on method classPreRequisites but has not been marked @Optional or defined&#10;"/>
  </testcase>
  <testcase name="verifyPreLoginSocialMediaPage" classname="sew.ai.tests.scp.PreLogConnectMeTests" time="0.0">
    <skipped message="&#10;Parameter &apos;platformType&apos; is required by BeforeClass on method classPreRequisites but has not been marked @Optional or defined&#10;"/>
  </testcase>
  <testcase name="tearDownClasses" classname="sew.ai.tests.scp.PreLogConnectMeTests" time="0.0">
    <skipped/>
  </testcase>
  <testcase name="classPreRequisites" classname="sew.ai.tests.scp.PreLogServiceRequestTests" time="0.001">
    <failure message="&#10;Parameter &apos;platformType&apos; is required by BeforeClass on method classPreRequisites but has not been marked @Optional or defined&#10;" type="org.testng.TestNGException"><![CDATA[org.testng.TestNGException: 

Parameter 'platformType' is required by BeforeClass on method classPreRequisites but has not been marked @Optional or defined

	at org.testng.internal.Parameters.createParams(Parameters.java:267)
	at org.testng.internal.Parameters.createParametersForMethod(Parameters.java:355)
	at org.testng.internal.Parameters.createParameters(Parameters.java:684)
	at org.testng.internal.Parameters.createConfigurationParameters(Parameters.java:166)
	at org.testng.internal.invokers.ConfigInvoker.invokeConfigurations(ConfigInvoker.java:277)
	at org.testng.internal.invokers.TestMethodWorker.invokeBeforeClassMethods(TestMethodWorker.java:180)
	at org.testng.internal.invokers.TestMethodWorker.run(TestMethodWorker.java:122)
	at java.base/java.util.ArrayList.forEach(ArrayList.java:1511)
	at org.testng.TestRunner.privateRun(TestRunner.java:829)
	at org.testng.TestRunner.run(TestRunner.java:602)
	at org.testng.SuiteRunner.runTest(SuiteRunner.java:437)
	at org.testng.SuiteRunner.runSequentially(SuiteRunner.java:431)
	at org.testng.SuiteRunner.privateRun(SuiteRunner.java:391)
	at org.testng.SuiteRunner.run(SuiteRunner.java:330)
	at org.testng.SuiteRunnerWorker.runSuite(SuiteRunnerWorker.java:52)
	at org.testng.SuiteRunnerWorker.run(SuiteRunnerWorker.java:95)
	at org.testng.TestNG.runSuitesSequentially(TestNG.java:1256)
	at org.testng.TestNG.runSuitesLocally(TestNG.java:1176)
	at org.testng.TestNG.runSuites(TestNG.java:1099)
	at org.testng.TestNG.run(TestNG.java:1067)
	at org.apache.maven.surefire.testng.TestNGExecutor.run(TestNGExecutor.java:155)
	at org.apache.maven.surefire.testng.TestNGDirectoryTestSuite.executeMulti(TestNGDirectoryTestSuite.java:169)
	at org.apache.maven.surefire.testng.TestNGDirectoryTestSuite.execute(TestNGDirectoryTestSuite.java:88)
	at org.apache.maven.surefire.testng.TestNGProvider.invoke(TestNGProvider.java:137)
	at org.apache.maven.surefire.booter.ForkedBooter.runSuitesInProcess(ForkedBooter.java:385)
	at org.apache.maven.surefire.booter.ForkedBooter.execute(ForkedBooter.java:162)
	at org.apache.maven.surefire.booter.ForkedBooter.run(ForkedBooter.java:507)
	at org.apache.maven.surefire.booter.ForkedBooter.main(ForkedBooter.java:495)
]]></failure>
  </testcase>
  <testcase name="methodsPreRequisites" classname="sew.ai.tests.scp.PreLogServiceRequestTests" time="0.0">
    <skipped/>
  </testcase>
  <testcase name="methodsPreRequisites" classname="sew.ai.tests.scp.PreLogServiceRequestTests" time="0.0">
    <skipped/>
  </testcase>
  <testcase name="methodsPreRequisites" classname="sew.ai.tests.scp.PreLogServiceRequestTests" time="0.0">
    <skipped/>
  </testcase>
  <testcase name="methodsPreRequisites" classname="sew.ai.tests.scp.PreLogServiceRequestTests" time="0.0">
    <skipped/>
  </testcase>
  <testcase name="methodsPreRequisites" classname="sew.ai.tests.scp.PreLogServiceRequestTests" time="0.0">
    <skipped/>
  </testcase>
  <testcase name="methodsPreRequisites" classname="sew.ai.tests.scp.PreLogServiceRequestTests" time="0.0">
    <skipped/>
  </testcase>
  <testcase name="validatePreLogMoveOutReqPage" classname="sew.ai.tests.scp.PreLogServiceRequestTests" time="0.0">
    <skipped message="&#10;Parameter &apos;platformType&apos; is required by BeforeClass on method classPreRequisites but has not been marked @Optional or defined&#10;"/>
  </testcase>
  <testcase name="tearDownMethods" classname="sew.ai.tests.scp.PreLogServiceRequestTests" time="0.0">
    <skipped/>
  </testcase>
  <testcase name="tearDownMethods" classname="sew.ai.tests.scp.PreLogServiceRequestTests" time="0.0">
    <skipped/>
  </testcase>
  <testcase name="tearDownMethods" classname="sew.ai.tests.scp.PreLogServiceRequestTests" time="0.0">
    <skipped/>
  </testcase>
  <testcase name="tearDownMethods" classname="sew.ai.tests.scp.PreLogServiceRequestTests" time="0.0">
    <skipped/>
  </testcase>
  <testcase name="tearDownMethods" classname="sew.ai.tests.scp.PreLogServiceRequestTests" time="0.0">
    <skipped/>
  </testcase>
  <testcase name="tearDownMethods" classname="sew.ai.tests.scp.PreLogServiceRequestTests" time="0.0">
    <skipped/>
  </testcase>
  <testcase name="validatePreLogOthersReqPage" classname="sew.ai.tests.scp.PreLogServiceRequestTests" time="0.0">
    <skipped message="&#10;Parameter &apos;platformType&apos; is required by BeforeClass on method classPreRequisites but has not been marked @Optional or defined&#10;"/>
  </testcase>
  <testcase name="validatePreLogSaveServiceReqPage" classname="sew.ai.tests.scp.PreLogServiceRequestTests" time="0.0">
    <skipped message="&#10;Parameter &apos;platformType&apos; is required by BeforeClass on method classPreRequisites but has not been marked @Optional or defined&#10;"/>
  </testcase>
  <testcase name="validatePreLogServiceReqPage" classname="sew.ai.tests.scp.PreLogServiceRequestTests" time="0.0">
    <skipped message="&#10;Parameter &apos;platformType&apos; is required by BeforeClass on method classPreRequisites but has not been marked @Optional or defined&#10;"/>
  </testcase>
  <testcase name="validatePreLogServiceTransferReqPage" classname="sew.ai.tests.scp.PreLogServiceRequestTests" time="0.0">
    <skipped message="&#10;Parameter &apos;platformType&apos; is required by BeforeClass on method classPreRequisites but has not been marked @Optional or defined&#10;"/>
  </testcase>
  <testcase name="validatePreLogTrackReqPage" classname="sew.ai.tests.scp.PreLogServiceRequestTests" time="0.0">
    <skipped message="&#10;Parameter &apos;platformType&apos; is required by BeforeClass on method classPreRequisites but has not been marked @Optional or defined&#10;"/>
  </testcase>
  <testcase name="tearDownClasses" classname="sew.ai.tests.scp.PreLogServiceRequestTests" time="0.0">
    <skipped/>
  </testcase>
  <testcase name="classPreRequisites" classname="sew.ai.tests.scp.ProblemSigningInTest" time="0.001">
    <failure message="&#10;Parameter &apos;platformType&apos; is required by BeforeClass on method classPreRequisites but has not been marked @Optional or defined&#10;" type="org.testng.TestNGException"><![CDATA[org.testng.TestNGException: 

Parameter 'platformType' is required by BeforeClass on method classPreRequisites but has not been marked @Optional or defined

	at org.testng.internal.Parameters.createParams(Parameters.java:267)
	at org.testng.internal.Parameters.createParametersForMethod(Parameters.java:355)
	at org.testng.internal.Parameters.createParameters(Parameters.java:684)
	at org.testng.internal.Parameters.createConfigurationParameters(Parameters.java:166)
	at org.testng.internal.invokers.ConfigInvoker.invokeConfigurations(ConfigInvoker.java:277)
	at org.testng.internal.invokers.TestMethodWorker.invokeBeforeClassMethods(TestMethodWorker.java:180)
	at org.testng.internal.invokers.TestMethodWorker.run(TestMethodWorker.java:122)
	at java.base/java.util.ArrayList.forEach(ArrayList.java:1511)
	at org.testng.TestRunner.privateRun(TestRunner.java:829)
	at org.testng.TestRunner.run(TestRunner.java:602)
	at org.testng.SuiteRunner.runTest(SuiteRunner.java:437)
	at org.testng.SuiteRunner.runSequentially(SuiteRunner.java:431)
	at org.testng.SuiteRunner.privateRun(SuiteRunner.java:391)
	at org.testng.SuiteRunner.run(SuiteRunner.java:330)
	at org.testng.SuiteRunnerWorker.runSuite(SuiteRunnerWorker.java:52)
	at org.testng.SuiteRunnerWorker.run(SuiteRunnerWorker.java:95)
	at org.testng.TestNG.runSuitesSequentially(TestNG.java:1256)
	at org.testng.TestNG.runSuitesLocally(TestNG.java:1176)
	at org.testng.TestNG.runSuites(TestNG.java:1099)
	at org.testng.TestNG.run(TestNG.java:1067)
	at org.apache.maven.surefire.testng.TestNGExecutor.run(TestNGExecutor.java:155)
	at org.apache.maven.surefire.testng.TestNGDirectoryTestSuite.executeMulti(TestNGDirectoryTestSuite.java:169)
	at org.apache.maven.surefire.testng.TestNGDirectoryTestSuite.execute(TestNGDirectoryTestSuite.java:88)
	at org.apache.maven.surefire.testng.TestNGProvider.invoke(TestNGProvider.java:137)
	at org.apache.maven.surefire.booter.ForkedBooter.runSuitesInProcess(ForkedBooter.java:385)
	at org.apache.maven.surefire.booter.ForkedBooter.execute(ForkedBooter.java:162)
	at org.apache.maven.surefire.booter.ForkedBooter.run(ForkedBooter.java:507)
	at org.apache.maven.surefire.booter.ForkedBooter.main(ForkedBooter.java:495)
]]></failure>
  </testcase>
  <testcase name="methodsPreRequisites" classname="sew.ai.tests.scp.ProblemSigningInTest" time="0.0">
    <skipped/>
  </testcase>
  <testcase name="methodsPreRequisites" classname="sew.ai.tests.scp.ProblemSigningInTest" time="0.0">
    <skipped/>
  </testcase>
  <testcase name="methodsPreRequisites" classname="sew.ai.tests.scp.ProblemSigningInTest" time="0.0">
    <skipped/>
  </testcase>
  <testcase name="methodsPreRequisites" classname="sew.ai.tests.scp.ProblemSigningInTest" time="0.0">
    <skipped/>
  </testcase>
  <testcase name="validateProblemSignInPage" classname="sew.ai.tests.scp.ProblemSigningInTest" time="0.0">
    <skipped message="&#10;Parameter &apos;platformType&apos; is required by BeforeClass on method classPreRequisites but has not been marked @Optional or defined&#10;"/>
  </testcase>
  <testcase name="tearDownMethods" classname="sew.ai.tests.scp.ProblemSigningInTest" time="0.0">
    <skipped/>
  </testcase>
  <testcase name="tearDownMethods" classname="sew.ai.tests.scp.ProblemSigningInTest" time="0.0">
    <skipped/>
  </testcase>
  <testcase name="tearDownMethods" classname="sew.ai.tests.scp.ProblemSigningInTest" time="0.0">
    <skipped/>
  </testcase>
  <testcase name="tearDownMethods" classname="sew.ai.tests.scp.ProblemSigningInTest" time="0.0">
    <skipped/>
  </testcase>
  <testcase name="verifyMinMaxValueProblemsSignIn" classname="sew.ai.tests.scp.ProblemSigningInTest" time="0.0">
    <skipped message="&#10;Parameter &apos;platformType&apos; is required by BeforeClass on method classPreRequisites but has not been marked @Optional or defined&#10;"/>
  </testcase>
  <testcase name="verifyProbSignInReqForInactiveUser" classname="sew.ai.tests.scp.ProblemSigningInTest" time="0.0">
    <skipped message="&#10;Parameter &apos;platformType&apos; is required by BeforeClass on method classPreRequisites but has not been marked @Optional or defined&#10;"/>
  </testcase>
  <testcase name="verifyProblemSignInFieldValidations" classname="sew.ai.tests.scp.ProblemSigningInTest" time="0.0">
    <skipped message="&#10;Parameter &apos;platformType&apos; is required by BeforeClass on method classPreRequisites but has not been marked @Optional or defined&#10;"/>
  </testcase>
  <testcase name="tearDownClasses" classname="sew.ai.tests.scp.ProblemSigningInTest" time="0.0">
    <skipped/>
  </testcase>
  <testcase name="classPreRequisites" classname="sew.ai.tests.scp.RegistrationTests" time="0.001">
    <failure message="&#10;Parameter &apos;platformType&apos; is required by BeforeClass on method classPreRequisites but has not been marked @Optional or defined&#10;" type="org.testng.TestNGException"><![CDATA[org.testng.TestNGException: 

Parameter 'platformType' is required by BeforeClass on method classPreRequisites but has not been marked @Optional or defined

	at org.testng.internal.Parameters.createParams(Parameters.java:267)
	at org.testng.internal.Parameters.createParametersForMethod(Parameters.java:355)
	at org.testng.internal.Parameters.createParameters(Parameters.java:684)
	at org.testng.internal.Parameters.createConfigurationParameters(Parameters.java:166)
	at org.testng.internal.invokers.ConfigInvoker.invokeConfigurations(ConfigInvoker.java:277)
	at org.testng.internal.invokers.TestMethodWorker.invokeBeforeClassMethods(TestMethodWorker.java:180)
	at org.testng.internal.invokers.TestMethodWorker.run(TestMethodWorker.java:122)
	at java.base/java.util.ArrayList.forEach(ArrayList.java:1511)
	at org.testng.TestRunner.privateRun(TestRunner.java:829)
	at org.testng.TestRunner.run(TestRunner.java:602)
	at org.testng.SuiteRunner.runTest(SuiteRunner.java:437)
	at org.testng.SuiteRunner.runSequentially(SuiteRunner.java:431)
	at org.testng.SuiteRunner.privateRun(SuiteRunner.java:391)
	at org.testng.SuiteRunner.run(SuiteRunner.java:330)
	at org.testng.SuiteRunnerWorker.runSuite(SuiteRunnerWorker.java:52)
	at org.testng.SuiteRunnerWorker.run(SuiteRunnerWorker.java:95)
	at org.testng.TestNG.runSuitesSequentially(TestNG.java:1256)
	at org.testng.TestNG.runSuitesLocally(TestNG.java:1176)
	at org.testng.TestNG.runSuites(TestNG.java:1099)
	at org.testng.TestNG.run(TestNG.java:1067)
	at org.apache.maven.surefire.testng.TestNGExecutor.run(TestNGExecutor.java:155)
	at org.apache.maven.surefire.testng.TestNGDirectoryTestSuite.executeMulti(TestNGDirectoryTestSuite.java:169)
	at org.apache.maven.surefire.testng.TestNGDirectoryTestSuite.execute(TestNGDirectoryTestSuite.java:88)
	at org.apache.maven.surefire.testng.TestNGProvider.invoke(TestNGProvider.java:137)
	at org.apache.maven.surefire.booter.ForkedBooter.runSuitesInProcess(ForkedBooter.java:385)
	at org.apache.maven.surefire.booter.ForkedBooter.execute(ForkedBooter.java:162)
	at org.apache.maven.surefire.booter.ForkedBooter.run(ForkedBooter.java:507)
	at org.apache.maven.surefire.booter.ForkedBooter.main(ForkedBooter.java:495)
]]></failure>
  </testcase>
  <testcase name="methodsPreRequisites" classname="sew.ai.tests.scp.RegistrationTests" time="0.0">
    <skipped/>
  </testcase>
  <testcase name="methodsPreRequisites" classname="sew.ai.tests.scp.RegistrationTests" time="0.0">
    <skipped/>
  </testcase>
  <testcase name="methodsPreRequisites" classname="sew.ai.tests.scp.RegistrationTests" time="0.0">
    <skipped/>
  </testcase>
  <testcase name="methodsPreRequisites" classname="sew.ai.tests.scp.RegistrationTests" time="0.0">
    <skipped/>
  </testcase>
  <testcase name="methodsPreRequisites" classname="sew.ai.tests.scp.RegistrationTests" time="0.0">
    <skipped/>
  </testcase>
  <testcase name="methodsPreRequisites" classname="sew.ai.tests.scp.RegistrationTests" time="0.0">
    <skipped/>
  </testcase>
  <testcase name="methodsPreRequisites" classname="sew.ai.tests.scp.RegistrationTests" time="0.0">
    <skipped/>
  </testcase>
  <testcase name="methodsPreRequisites" classname="sew.ai.tests.scp.RegistrationTests" time="0.0">
    <skipped/>
  </testcase>
  <testcase name="methodsPreRequisites" classname="sew.ai.tests.scp.RegistrationTests" time="0.0">
    <skipped/>
  </testcase>
  <testcase name="methodsPreRequisites" classname="sew.ai.tests.scp.RegistrationTests" time="0.0">
    <skipped/>
  </testcase>
  <testcase name="methodsPreRequisites" classname="sew.ai.tests.scp.RegistrationTests" time="0.0">
    <skipped/>
  </testcase>
  <testcase name="methodsPreRequisites" classname="sew.ai.tests.scp.RegistrationTests" time="0.0">
    <skipped/>
  </testcase>
  <testcase name="methodsPreRequisites" classname="sew.ai.tests.scp.RegistrationTests" time="0.0">
    <skipped/>
  </testcase>
  <testcase name="methodsPreRequisites" classname="sew.ai.tests.scp.RegistrationTests" time="0.0">
    <skipped/>
  </testcase>
  <testcase name="methodsPreRequisites" classname="sew.ai.tests.scp.RegistrationTests" time="0.0">
    <skipped/>
  </testcase>
  <testcase name="methodsPreRequisites" classname="sew.ai.tests.scp.RegistrationTests" time="0.0">
    <skipped/>
  </testcase>
  <testcase name="methodsPreRequisites" classname="sew.ai.tests.scp.RegistrationTests" time="0.0">
    <skipped/>
  </testcase>
  <testcase name="methodsPreRequisites" classname="sew.ai.tests.scp.RegistrationTests" time="0.0">
    <skipped/>
  </testcase>
  <testcase name="verifyCommercialRegistrationResidentialTemp" classname="sew.ai.tests.scp.RegistrationTests" time="0.0">
    <skipped message="&#10;Parameter &apos;platformType&apos; is required by BeforeClass on method classPreRequisites but has not been marked @Optional or defined&#10;"/>
  </testcase>
  <testcase name="tearDownMethods" classname="sew.ai.tests.scp.RegistrationTests" time="0.0">
    <skipped/>
  </testcase>
  <testcase name="tearDownMethods" classname="sew.ai.tests.scp.RegistrationTests" time="0.0">
    <skipped/>
  </testcase>
  <testcase name="tearDownMethods" classname="sew.ai.tests.scp.RegistrationTests" time="0.0">
    <skipped/>
  </testcase>
  <testcase name="tearDownMethods" classname="sew.ai.tests.scp.RegistrationTests" time="0.0">
    <skipped/>
  </testcase>
  <testcase name="tearDownMethods" classname="sew.ai.tests.scp.RegistrationTests" time="0.0">
    <skipped/>
  </testcase>
  <testcase name="tearDownMethods" classname="sew.ai.tests.scp.RegistrationTests" time="0.0">
    <skipped/>
  </testcase>
  <testcase name="tearDownMethods" classname="sew.ai.tests.scp.RegistrationTests" time="0.0">
    <skipped/>
  </testcase>
  <testcase name="tearDownMethods" classname="sew.ai.tests.scp.RegistrationTests" time="0.0">
    <skipped/>
  </testcase>
  <testcase name="tearDownMethods" classname="sew.ai.tests.scp.RegistrationTests" time="0.0">
    <skipped/>
  </testcase>
  <testcase name="tearDownMethods" classname="sew.ai.tests.scp.RegistrationTests" time="0.0">
    <skipped/>
  </testcase>
  <testcase name="tearDownMethods" classname="sew.ai.tests.scp.RegistrationTests" time="0.0">
    <skipped/>
  </testcase>
  <testcase name="tearDownMethods" classname="sew.ai.tests.scp.RegistrationTests" time="0.0">
    <skipped/>
  </testcase>
  <testcase name="tearDownMethods" classname="sew.ai.tests.scp.RegistrationTests" time="0.0">
    <skipped/>
  </testcase>
  <testcase name="tearDownMethods" classname="sew.ai.tests.scp.RegistrationTests" time="0.0">
    <skipped/>
  </testcase>
  <testcase name="tearDownMethods" classname="sew.ai.tests.scp.RegistrationTests" time="0.0">
    <skipped/>
  </testcase>
  <testcase name="tearDownMethods" classname="sew.ai.tests.scp.RegistrationTests" time="0.0">
    <skipped/>
  </testcase>
  <testcase name="tearDownMethods" classname="sew.ai.tests.scp.RegistrationTests" time="0.0">
    <skipped/>
  </testcase>
  <testcase name="tearDownMethods" classname="sew.ai.tests.scp.RegistrationTests" time="0.0">
    <skipped/>
  </testcase>
  <testcase name="verifyEmailFieldValidation" classname="sew.ai.tests.scp.RegistrationTests" time="0.0">
    <skipped message="&#10;Parameter &apos;platformType&apos; is required by BeforeClass on method classPreRequisites but has not been marked @Optional or defined&#10;"/>
  </testcase>
  <testcase name="verifyFieldNotRetainValuesOnRegFail" classname="sew.ai.tests.scp.RegistrationTests" time="0.0">
    <skipped message="&#10;Parameter &apos;platformType&apos; is required by BeforeClass on method classPreRequisites but has not been marked @Optional or defined&#10;"/>
  </testcase>
  <testcase name="verifyFieldValidationsCommercialTemp" classname="sew.ai.tests.scp.RegistrationTests" time="0.0">
    <skipped message="&#10;Parameter &apos;platformType&apos; is required by BeforeClass on method classPreRequisites but has not been marked @Optional or defined&#10;"/>
  </testcase>
  <testcase name="verifyFieldValidationsResidentialTemp" classname="sew.ai.tests.scp.RegistrationTests" time="0.0">
    <skipped message="&#10;Parameter &apos;platformType&apos; is required by BeforeClass on method classPreRequisites but has not been marked @Optional or defined&#10;"/>
  </testcase>
  <testcase name="verifyMultipleAccountsAfterCommercialRegistration" classname="sew.ai.tests.scp.RegistrationTests" time="0.0">
    <skipped message="&#10;Parameter &apos;platformType&apos; is required by BeforeClass on method classPreRequisites but has not been marked @Optional or defined&#10;"/>
  </testcase>
  <testcase name="verifyMultipleAccountsAfterResidentialRegistration" classname="sew.ai.tests.scp.RegistrationTests" time="0.0">
    <skipped message="&#10;Parameter &apos;platformType&apos; is required by BeforeClass on method classPreRequisites but has not been marked @Optional or defined&#10;"/>
  </testcase>
  <testcase name="verifyPasswordFieldValidations" classname="sew.ai.tests.scp.RegistrationTests" time="0.0">
    <skipped message="&#10;Parameter &apos;platformType&apos; is required by BeforeClass on method classPreRequisites but has not been marked @Optional or defined&#10;"/>
  </testcase>
  <testcase name="verifyPasswordMismatch" classname="sew.ai.tests.scp.RegistrationTests" time="0.0">
    <skipped message="&#10;Parameter &apos;platformType&apos; is required by BeforeClass on method classPreRequisites but has not been marked @Optional or defined&#10;"/>
  </testcase>
  <testcase name="verifyRegByInActiveAccount" classname="sew.ai.tests.scp.RegistrationTests" time="0.0">
    <skipped message="&#10;Parameter &apos;platformType&apos; is required by BeforeClass on method classPreRequisites but has not been marked @Optional or defined&#10;"/>
  </testcase>
  <testcase name="verifyRegByOptingBothPreferences" classname="sew.ai.tests.scp.RegistrationTests" time="0.0">
    <skipped message="&#10;Parameter &apos;platformType&apos; is required by BeforeClass on method classPreRequisites but has not been marked @Optional or defined&#10;"/>
  </testcase>
  <testcase name="verifyRegByOptingPaperBillPref" classname="sew.ai.tests.scp.RegistrationTests" time="0.0">
    <skipped message="&#10;Parameter &apos;platformType&apos; is required by BeforeClass on method classPreRequisites but has not been marked @Optional or defined&#10;"/>
  </testcase>
  <testcase name="verifyRegByOptingPaperLessPref" classname="sew.ai.tests.scp.RegistrationTests" time="0.0">
    <skipped message="&#10;Parameter &apos;platformType&apos; is required by BeforeClass on method classPreRequisites but has not been marked @Optional or defined&#10;"/>
  </testcase>
  <testcase name="verifyRegMFA_Validations" classname="sew.ai.tests.scp.RegistrationTests" time="0.0">
    <skipped message="&#10;Parameter &apos;platformType&apos; is required by BeforeClass on method classPreRequisites but has not been marked @Optional or defined&#10;"/>
  </testcase>
  <testcase name="verifyRegistrationPageObjects" classname="sew.ai.tests.scp.RegistrationTests" time="0.0">
    <skipped message="&#10;Parameter &apos;platformType&apos; is required by BeforeClass on method classPreRequisites but has not been marked @Optional or defined&#10;"/>
  </testcase>
  <testcase name="verifyRegistrationTemplate" classname="sew.ai.tests.scp.RegistrationTests" time="0.0">
    <skipped message="&#10;Parameter &apos;platformType&apos; is required by BeforeClass on method classPreRequisites but has not been marked @Optional or defined&#10;"/>
  </testcase>
  <testcase name="verifyResidentialRegistrationCommercialTemp" classname="sew.ai.tests.scp.RegistrationTests" time="0.0">
    <skipped message="&#10;Parameter &apos;platformType&apos; is required by BeforeClass on method classPreRequisites but has not been marked @Optional or defined&#10;"/>
  </testcase>
  <testcase name="verifyTabOrderForRegForm" classname="sew.ai.tests.scp.RegistrationTests" time="0.0">
    <skipped message="&#10;Parameter &apos;platformType&apos; is required by BeforeClass on method classPreRequisites but has not been marked @Optional or defined&#10;"/>
  </testcase>
  <testcase name="tearDownClasses" classname="sew.ai.tests.scp.RegistrationTests" time="0.0">
    <skipped/>
  </testcase>
  <testcase name="classPreRequisites" classname="sew.ai.tests.scp.RegistrationUGITests" time="0.001">
    <failure message="&#10;Parameter &apos;platformType&apos; is required by BeforeClass on method classPreRequisites but has not been marked @Optional or defined&#10;" type="org.testng.TestNGException"><![CDATA[org.testng.TestNGException: 

Parameter 'platformType' is required by BeforeClass on method classPreRequisites but has not been marked @Optional or defined

	at org.testng.internal.Parameters.createParams(Parameters.java:267)
	at org.testng.internal.Parameters.createParametersForMethod(Parameters.java:355)
	at org.testng.internal.Parameters.createParameters(Parameters.java:684)
	at org.testng.internal.Parameters.createConfigurationParameters(Parameters.java:166)
	at org.testng.internal.invokers.ConfigInvoker.invokeConfigurations(ConfigInvoker.java:277)
	at org.testng.internal.invokers.TestMethodWorker.invokeBeforeClassMethods(TestMethodWorker.java:180)
	at org.testng.internal.invokers.TestMethodWorker.run(TestMethodWorker.java:122)
	at java.base/java.util.ArrayList.forEach(ArrayList.java:1511)
	at org.testng.TestRunner.privateRun(TestRunner.java:829)
	at org.testng.TestRunner.run(TestRunner.java:602)
	at org.testng.SuiteRunner.runTest(SuiteRunner.java:437)
	at org.testng.SuiteRunner.runSequentially(SuiteRunner.java:431)
	at org.testng.SuiteRunner.privateRun(SuiteRunner.java:391)
	at org.testng.SuiteRunner.run(SuiteRunner.java:330)
	at org.testng.SuiteRunnerWorker.runSuite(SuiteRunnerWorker.java:52)
	at org.testng.SuiteRunnerWorker.run(SuiteRunnerWorker.java:95)
	at org.testng.TestNG.runSuitesSequentially(TestNG.java:1256)
	at org.testng.TestNG.runSuitesLocally(TestNG.java:1176)
	at org.testng.TestNG.runSuites(TestNG.java:1099)
	at org.testng.TestNG.run(TestNG.java:1067)
	at org.apache.maven.surefire.testng.TestNGExecutor.run(TestNGExecutor.java:155)
	at org.apache.maven.surefire.testng.TestNGDirectoryTestSuite.executeMulti(TestNGDirectoryTestSuite.java:169)
	at org.apache.maven.surefire.testng.TestNGDirectoryTestSuite.execute(TestNGDirectoryTestSuite.java:88)
	at org.apache.maven.surefire.testng.TestNGProvider.invoke(TestNGProvider.java:137)
	at org.apache.maven.surefire.booter.ForkedBooter.runSuitesInProcess(ForkedBooter.java:385)
	at org.apache.maven.surefire.booter.ForkedBooter.execute(ForkedBooter.java:162)
	at org.apache.maven.surefire.booter.ForkedBooter.run(ForkedBooter.java:507)
	at org.apache.maven.surefire.booter.ForkedBooter.main(ForkedBooter.java:495)
]]></failure>
  </testcase>
  <testcase name="methodsPreRequisites" classname="sew.ai.tests.scp.RegistrationUGITests" time="0.0">
    <skipped/>
  </testcase>
  <testcase name="fillRegFormWithPaperLessBilling" classname="sew.ai.tests.scp.RegistrationUGITests" time="0.0">
    <skipped message="&#10;Parameter &apos;platformType&apos; is required by BeforeClass on method classPreRequisites but has not been marked @Optional or defined&#10;"/>
  </testcase>
  <testcase name="tearDownMethods" classname="sew.ai.tests.scp.RegistrationUGITests" time="0.0">
    <skipped/>
  </testcase>
  <testcase name="tearDownClasses" classname="sew.ai.tests.scp.RegistrationUGITests" time="0.0">
    <skipped/>
  </testcase>
  <testcase name="classPreRequisites" classname="sew.ai.tests.scp.UsagesTests" time="0.001">
    <failure message="&#10;Parameter &apos;platformType&apos; is required by BeforeClass on method classPreRequisites but has not been marked @Optional or defined&#10;" type="org.testng.TestNGException"><![CDATA[org.testng.TestNGException: 

Parameter 'platformType' is required by BeforeClass on method classPreRequisites but has not been marked @Optional or defined

	at org.testng.internal.Parameters.createParams(Parameters.java:267)
	at org.testng.internal.Parameters.createParametersForMethod(Parameters.java:355)
	at org.testng.internal.Parameters.createParameters(Parameters.java:684)
	at org.testng.internal.Parameters.createConfigurationParameters(Parameters.java:166)
	at org.testng.internal.invokers.ConfigInvoker.invokeConfigurations(ConfigInvoker.java:277)
	at org.testng.internal.invokers.TestMethodWorker.invokeBeforeClassMethods(TestMethodWorker.java:180)
	at org.testng.internal.invokers.TestMethodWorker.run(TestMethodWorker.java:122)
	at java.base/java.util.ArrayList.forEach(ArrayList.java:1511)
	at org.testng.TestRunner.privateRun(TestRunner.java:829)
	at org.testng.TestRunner.run(TestRunner.java:602)
	at org.testng.SuiteRunner.runTest(SuiteRunner.java:437)
	at org.testng.SuiteRunner.runSequentially(SuiteRunner.java:431)
	at org.testng.SuiteRunner.privateRun(SuiteRunner.java:391)
	at org.testng.SuiteRunner.run(SuiteRunner.java:330)
	at org.testng.SuiteRunnerWorker.runSuite(SuiteRunnerWorker.java:52)
	at org.testng.SuiteRunnerWorker.run(SuiteRunnerWorker.java:95)
	at org.testng.TestNG.runSuitesSequentially(TestNG.java:1256)
	at org.testng.TestNG.runSuitesLocally(TestNG.java:1176)
	at org.testng.TestNG.runSuites(TestNG.java:1099)
	at org.testng.TestNG.run(TestNG.java:1067)
	at org.apache.maven.surefire.testng.TestNGExecutor.run(TestNGExecutor.java:155)
	at org.apache.maven.surefire.testng.TestNGDirectoryTestSuite.executeMulti(TestNGDirectoryTestSuite.java:169)
	at org.apache.maven.surefire.testng.TestNGDirectoryTestSuite.execute(TestNGDirectoryTestSuite.java:88)
	at org.apache.maven.surefire.testng.TestNGProvider.invoke(TestNGProvider.java:137)
	at org.apache.maven.surefire.booter.ForkedBooter.runSuitesInProcess(ForkedBooter.java:385)
	at org.apache.maven.surefire.booter.ForkedBooter.execute(ForkedBooter.java:162)
	at org.apache.maven.surefire.booter.ForkedBooter.run(ForkedBooter.java:507)
	at org.apache.maven.surefire.booter.ForkedBooter.main(ForkedBooter.java:495)
]]></failure>
  </testcase>
  <testcase name="methodsPreRequisites" classname="sew.ai.tests.scp.UsagesTests" time="0.0">
    <skipped/>
  </testcase>
  <testcase name="methodsPreRequisites" classname="sew.ai.tests.scp.UsagesTests" time="0.0">
    <skipped/>
  </testcase>
  <testcase name="methodsPreRequisites" classname="sew.ai.tests.scp.UsagesTests" time="0.0">
    <skipped/>
  </testcase>
  <testcase name="methodsPreRequisites" classname="sew.ai.tests.scp.UsagesTests" time="0.0">
    <skipped/>
  </testcase>
  <testcase name="methodsPreRequisites" classname="sew.ai.tests.scp.UsagesTests" time="0.0">
    <skipped/>
  </testcase>
  <testcase name="methodsPreRequisites" classname="sew.ai.tests.scp.UsagesTests" time="0.0">
    <skipped/>
  </testcase>
  <testcase name="methodsPreRequisites" classname="sew.ai.tests.scp.UsagesTests" time="0.0">
    <skipped/>
  </testcase>
  <testcase name="methodsPreRequisites" classname="sew.ai.tests.scp.UsagesTests" time="0.0">
    <skipped/>
  </testcase>
  <testcase name="methodsPreRequisites" classname="sew.ai.tests.scp.UsagesTests" time="0.0">
    <skipped/>
  </testcase>
  <testcase name="methodsPreRequisites" classname="sew.ai.tests.scp.UsagesTests" time="0.0">
    <skipped/>
  </testcase>
  <testcase name="methodsPreRequisites" classname="sew.ai.tests.scp.UsagesTests" time="0.0">
    <skipped/>
  </testcase>
  <testcase name="methodsPreRequisites" classname="sew.ai.tests.scp.UsagesTests" time="0.0">
    <skipped/>
  </testcase>
  <testcase name="methodsPreRequisites" classname="sew.ai.tests.scp.UsagesTests" time="0.0">
    <skipped/>
  </testcase>
  <testcase name="methodsPreRequisites" classname="sew.ai.tests.scp.UsagesTests" time="0.0">
    <skipped/>
  </testcase>
  <testcase name="methodsPreRequisites" classname="sew.ai.tests.scp.UsagesTests" time="0.0">
    <skipped/>
  </testcase>
  <testcase name="methodsPreRequisites" classname="sew.ai.tests.scp.UsagesTests" time="0.0">
    <skipped/>
  </testcase>
  <testcase name="methodsPreRequisites" classname="sew.ai.tests.scp.UsagesTests" time="0.0">
    <skipped/>
  </testcase>
  <testcase name="methodsPreRequisites" classname="sew.ai.tests.scp.UsagesTests" time="0.0">
    <skipped/>
  </testcase>
  <testcase name="methodsPreRequisites" classname="sew.ai.tests.scp.UsagesTests" time="0.0">
    <skipped/>
  </testcase>
  <testcase name="methodsPreRequisites" classname="sew.ai.tests.scp.UsagesTests" time="0.0">
    <skipped/>
  </testcase>
  <testcase name="methodsPreRequisites" classname="sew.ai.tests.scp.UsagesTests" time="0.0">
    <skipped/>
  </testcase>
  <testcase name="methodsPreRequisites" classname="sew.ai.tests.scp.UsagesTests" time="0.0">
    <skipped/>
  </testcase>
  <testcase name="methodsPreRequisites" classname="sew.ai.tests.scp.UsagesTests" time="0.0">
    <skipped/>
  </testcase>
  <testcase name="methodsPreRequisites" classname="sew.ai.tests.scp.UsagesTests" time="0.0">
    <skipped/>
  </testcase>
  <testcase name="methodsPreRequisites" classname="sew.ai.tests.scp.UsagesTests" time="0.0">
    <skipped/>
  </testcase>
  <testcase name="methodsPreRequisites" classname="sew.ai.tests.scp.UsagesTests" time="0.0">
    <skipped/>
  </testcase>
  <testcase name="methodsPreRequisites" classname="sew.ai.tests.scp.UsagesTests" time="0.0">
    <skipped/>
  </testcase>
  <testcase name="methodsPreRequisites" classname="sew.ai.tests.scp.UsagesTests" time="0.0">
    <skipped/>
  </testcase>
  <testcase name="methodsPreRequisites" classname="sew.ai.tests.scp.UsagesTests" time="0.0">
    <skipped/>
  </testcase>
  <testcase name="methodsPreRequisites" classname="sew.ai.tests.scp.UsagesTests" time="0.0">
    <skipped/>
  </testcase>
  <testcase name="methodsPreRequisites" classname="sew.ai.tests.scp.UsagesTests" time="0.0">
    <skipped/>
  </testcase>
  <testcase name="verifyElectricUsagePageObjects" classname="sew.ai.tests.scp.UsagesTests" time="0.0">
    <skipped message="&#10;Parameter &apos;platformType&apos; is required by BeforeClass on method classPreRequisites but has not been marked @Optional or defined&#10;"/>
  </testcase>
  <testcase name="tearDownMethods" classname="sew.ai.tests.scp.UsagesTests" time="0.0">
    <skipped/>
  </testcase>
  <testcase name="tearDownMethods" classname="sew.ai.tests.scp.UsagesTests" time="0.0">
    <skipped/>
  </testcase>
  <testcase name="tearDownMethods" classname="sew.ai.tests.scp.UsagesTests" time="0.0">
    <skipped/>
  </testcase>
  <testcase name="tearDownMethods" classname="sew.ai.tests.scp.UsagesTests" time="0.0">
    <skipped/>
  </testcase>
  <testcase name="tearDownMethods" classname="sew.ai.tests.scp.UsagesTests" time="0.0">
    <skipped/>
  </testcase>
  <testcase name="tearDownMethods" classname="sew.ai.tests.scp.UsagesTests" time="0.0">
    <skipped/>
  </testcase>
  <testcase name="tearDownMethods" classname="sew.ai.tests.scp.UsagesTests" time="0.0">
    <skipped/>
  </testcase>
  <testcase name="tearDownMethods" classname="sew.ai.tests.scp.UsagesTests" time="0.0">
    <skipped/>
  </testcase>
  <testcase name="tearDownMethods" classname="sew.ai.tests.scp.UsagesTests" time="0.0">
    <skipped/>
  </testcase>
  <testcase name="tearDownMethods" classname="sew.ai.tests.scp.UsagesTests" time="0.0">
    <skipped/>
  </testcase>
  <testcase name="tearDownMethods" classname="sew.ai.tests.scp.UsagesTests" time="0.0">
    <skipped/>
  </testcase>
  <testcase name="tearDownMethods" classname="sew.ai.tests.scp.UsagesTests" time="0.0">
    <skipped/>
  </testcase>
  <testcase name="tearDownMethods" classname="sew.ai.tests.scp.UsagesTests" time="0.0">
    <skipped/>
  </testcase>
  <testcase name="tearDownMethods" classname="sew.ai.tests.scp.UsagesTests" time="0.0">
    <skipped/>
  </testcase>
  <testcase name="tearDownMethods" classname="sew.ai.tests.scp.UsagesTests" time="0.0">
    <skipped/>
  </testcase>
  <testcase name="tearDownMethods" classname="sew.ai.tests.scp.UsagesTests" time="0.0">
    <skipped/>
  </testcase>
  <testcase name="tearDownMethods" classname="sew.ai.tests.scp.UsagesTests" time="0.0">
    <skipped/>
  </testcase>
  <testcase name="tearDownMethods" classname="sew.ai.tests.scp.UsagesTests" time="0.0">
    <skipped/>
  </testcase>
  <testcase name="tearDownMethods" classname="sew.ai.tests.scp.UsagesTests" time="0.0">
    <skipped/>
  </testcase>
  <testcase name="tearDownMethods" classname="sew.ai.tests.scp.UsagesTests" time="0.0">
    <skipped/>
  </testcase>
  <testcase name="tearDownMethods" classname="sew.ai.tests.scp.UsagesTests" time="0.0">
    <skipped/>
  </testcase>
  <testcase name="tearDownMethods" classname="sew.ai.tests.scp.UsagesTests" time="0.0">
    <skipped/>
  </testcase>
  <testcase name="tearDownMethods" classname="sew.ai.tests.scp.UsagesTests" time="0.0">
    <skipped/>
  </testcase>
  <testcase name="tearDownMethods" classname="sew.ai.tests.scp.UsagesTests" time="0.0">
    <skipped/>
  </testcase>
  <testcase name="tearDownMethods" classname="sew.ai.tests.scp.UsagesTests" time="0.0">
    <skipped/>
  </testcase>
  <testcase name="tearDownMethods" classname="sew.ai.tests.scp.UsagesTests" time="0.0">
    <skipped/>
  </testcase>
  <testcase name="tearDownMethods" classname="sew.ai.tests.scp.UsagesTests" time="0.0">
    <skipped/>
  </testcase>
  <testcase name="tearDownMethods" classname="sew.ai.tests.scp.UsagesTests" time="0.0">
    <skipped/>
  </testcase>
  <testcase name="tearDownMethods" classname="sew.ai.tests.scp.UsagesTests" time="0.0">
    <skipped/>
  </testcase>
  <testcase name="tearDownMethods" classname="sew.ai.tests.scp.UsagesTests" time="0.0">
    <skipped/>
  </testcase>
  <testcase name="tearDownMethods" classname="sew.ai.tests.scp.UsagesTests" time="0.0">
    <skipped/>
  </testcase>
  <testcase name="verifyWaterUsagePageObjects" classname="sew.ai.tests.scp.UsagesTests" time="0.0">
    <skipped message="&#10;Parameter &apos;platformType&apos; is required by BeforeClass on method classPreRequisites but has not been marked @Optional or defined&#10;"/>
  </testcase>
  <testcase name="verifyGasUsagePageObjects" classname="sew.ai.tests.scp.UsagesTests" time="0.0">
    <skipped message="&#10;Parameter &apos;platformType&apos; is required by BeforeClass on method classPreRequisites but has not been marked @Optional or defined&#10;"/>
  </testcase>
  <testcase name="verifySolarUsagePageObjects" classname="sew.ai.tests.scp.UsagesTests" time="0.0">
    <skipped message="&#10;Parameter &apos;platformType&apos; is required by BeforeClass on method classPreRequisites but has not been marked @Optional or defined&#10;"/>
  </testcase>
  <testcase name="verifyMonthlyElectricUsageData" classname="sew.ai.tests.scp.UsagesTests" time="0.0">
    <skipped message="&#10;Parameter &apos;platformType&apos; is required by BeforeClass on method classPreRequisites but has not been marked @Optional or defined&#10;"/>
  </testcase>
  <testcase name="verifyDailyElectricUsageData" classname="sew.ai.tests.scp.UsagesTests" time="0.0">
    <skipped message="&#10;Parameter &apos;platformType&apos; is required by BeforeClass on method classPreRequisites but has not been marked @Optional or defined&#10;"/>
  </testcase>
  <testcase name="verifyHourlyElectricUsageData" classname="sew.ai.tests.scp.UsagesTests" time="0.0">
    <skipped message="&#10;Parameter &apos;platformType&apos; is required by BeforeClass on method classPreRequisites but has not been marked @Optional or defined&#10;"/>
  </testcase>
  <testcase name="verifyMinutesElectricUsageData" classname="sew.ai.tests.scp.UsagesTests" time="0.0">
    <skipped message="&#10;Parameter &apos;platformType&apos; is required by BeforeClass on method classPreRequisites but has not been marked @Optional or defined&#10;"/>
  </testcase>
  <testcase name="verifyMonthlyWaterUsageData" classname="sew.ai.tests.scp.UsagesTests" time="0.0">
    <skipped message="&#10;Parameter &apos;platformType&apos; is required by BeforeClass on method classPreRequisites but has not been marked @Optional or defined&#10;"/>
  </testcase>
  <testcase name="verifyDailyWaterUsageData" classname="sew.ai.tests.scp.UsagesTests" time="0.0">
    <skipped message="&#10;Parameter &apos;platformType&apos; is required by BeforeClass on method classPreRequisites but has not been marked @Optional or defined&#10;"/>
  </testcase>
  <testcase name="verifyHourlyWaterUsageData" classname="sew.ai.tests.scp.UsagesTests" time="0.0">
    <skipped message="&#10;Parameter &apos;platformType&apos; is required by BeforeClass on method classPreRequisites but has not been marked @Optional or defined&#10;"/>
  </testcase>
  <testcase name="verifyMinutesWaterUsageData" classname="sew.ai.tests.scp.UsagesTests" time="0.0">
    <skipped message="&#10;Parameter &apos;platformType&apos; is required by BeforeClass on method classPreRequisites but has not been marked @Optional or defined&#10;"/>
  </testcase>
  <testcase name="verifyMonthlyGasUsageData" classname="sew.ai.tests.scp.UsagesTests" time="0.0">
    <skipped message="&#10;Parameter &apos;platformType&apos; is required by BeforeClass on method classPreRequisites but has not been marked @Optional or defined&#10;"/>
  </testcase>
  <testcase name="verifyDailyGasUsageData" classname="sew.ai.tests.scp.UsagesTests" time="0.0">
    <skipped message="&#10;Parameter &apos;platformType&apos; is required by BeforeClass on method classPreRequisites but has not been marked @Optional or defined&#10;"/>
  </testcase>
  <testcase name="verifyHourlyGasUsageData" classname="sew.ai.tests.scp.UsagesTests" time="0.0">
    <skipped message="&#10;Parameter &apos;platformType&apos; is required by BeforeClass on method classPreRequisites but has not been marked @Optional or defined&#10;"/>
  </testcase>
  <testcase name="verifyMinutesGasUsageData" classname="sew.ai.tests.scp.UsagesTests" time="0.0">
    <skipped message="&#10;Parameter &apos;platformType&apos; is required by BeforeClass on method classPreRequisites but has not been marked @Optional or defined&#10;"/>
  </testcase>
  <testcase name="verifySolarUsageData" classname="sew.ai.tests.scp.UsagesTests" time="0.0">
    <skipped message="&#10;Parameter &apos;platformType&apos; is required by BeforeClass on method classPreRequisites but has not been marked @Optional or defined&#10;"/>
  </testcase>
  <testcase name="verifyExportToExcelElectricData" classname="sew.ai.tests.scp.UsagesTests" time="0.0">
    <skipped message="&#10;Parameter &apos;platformType&apos; is required by BeforeClass on method classPreRequisites but has not been marked @Optional or defined&#10;"/>
  </testcase>
  <testcase name="verifyExportToExcelWaterData" classname="sew.ai.tests.scp.UsagesTests" time="0.0">
    <skipped message="&#10;Parameter &apos;platformType&apos; is required by BeforeClass on method classPreRequisites but has not been marked @Optional or defined&#10;"/>
  </testcase>
  <testcase name="verifyExportToExcelGasData" classname="sew.ai.tests.scp.UsagesTests" time="0.0">
    <skipped message="&#10;Parameter &apos;platformType&apos; is required by BeforeClass on method classPreRequisites but has not been marked @Optional or defined&#10;"/>
  </testcase>
  <testcase name="verifyExportToExcelGenerationData" classname="sew.ai.tests.scp.UsagesTests" time="0.0">
    <skipped message="&#10;Parameter &apos;platformType&apos; is required by BeforeClass on method classPreRequisites but has not been marked @Optional or defined&#10;"/>
  </testcase>
  <testcase name="verifyElectricUsageColorLogic" classname="sew.ai.tests.scp.UsagesTests" time="0.0">
    <skipped message="&#10;Parameter &apos;platformType&apos; is required by BeforeClass on method classPreRequisites but has not been marked @Optional or defined&#10;"/>
  </testcase>
  <testcase name="verifyWaterUsageColorLogic" classname="sew.ai.tests.scp.UsagesTests" time="0.0">
    <skipped message="&#10;Parameter &apos;platformType&apos; is required by BeforeClass on method classPreRequisites but has not been marked @Optional or defined&#10;"/>
  </testcase>
  <testcase name="verifyGasUsageColorLogic" classname="sew.ai.tests.scp.UsagesTests" time="0.0">
    <skipped message="&#10;Parameter &apos;platformType&apos; is required by BeforeClass on method classPreRequisites but has not been marked @Optional or defined&#10;"/>
  </testcase>
  <testcase name="verifyAverageHighestElectricUsage" classname="sew.ai.tests.scp.UsagesTests" time="0.0">
    <skipped message="&#10;Parameter &apos;platformType&apos; is required by BeforeClass on method classPreRequisites but has not been marked @Optional or defined&#10;"/>
  </testcase>
  <testcase name="verifyAverageHighestWaterUsage" classname="sew.ai.tests.scp.UsagesTests" time="0.0">
    <skipped message="&#10;Parameter &apos;platformType&apos; is required by BeforeClass on method classPreRequisites but has not been marked @Optional or defined&#10;"/>
  </testcase>
  <testcase name="verifyAverageHighestGasUsage" classname="sew.ai.tests.scp.UsagesTests" time="0.0">
    <skipped message="&#10;Parameter &apos;platformType&apos; is required by BeforeClass on method classPreRequisites but has not been marked @Optional or defined&#10;"/>
  </testcase>
  <testcase name="verifySoFarProjectedElectricUsage" classname="sew.ai.tests.scp.UsagesTests" time="0.0">
    <skipped message="&#10;Parameter &apos;platformType&apos; is required by BeforeClass on method classPreRequisites but has not been marked @Optional or defined&#10;"/>
  </testcase>
  <testcase name="verifyWeatherOverlayElectricData" classname="sew.ai.tests.scp.UsagesTests" time="0.0">
    <skipped message="&#10;Parameter &apos;platformType&apos; is required by BeforeClass on method classPreRequisites but has not been marked @Optional or defined&#10;"/>
  </testcase>
  <testcase name="verifySoFarProjectedWaterUsage" classname="sew.ai.tests.scp.UsagesTests" time="0.0">
    <skipped message="&#10;Parameter &apos;platformType&apos; is required by BeforeClass on method classPreRequisites but has not been marked @Optional or defined&#10;"/>
  </testcase>
  <testcase name="verifySoFarProjectedGasUsage" classname="sew.ai.tests.scp.UsagesTests" time="0.0">
    <skipped message="&#10;Parameter &apos;platformType&apos; is required by BeforeClass on method classPreRequisites but has not been marked @Optional or defined&#10;"/>
  </testcase>
  <testcase name="tearDownClasses" classname="sew.ai.tests.scp.UsagesTests" time="0.0">
    <skipped/>
  </testcase>
  <testcase name="classPreRequisites" classname="sew.test.scp.LoginSewTests" time="0.001">
    <failure message="&#10;Parameter &apos;platformType&apos; is required by BeforeClass on method classPreRequisites but has not been marked @Optional or defined&#10;" type="org.testng.TestNGException"><![CDATA[org.testng.TestNGException: 

Parameter 'platformType' is required by BeforeClass on method classPreRequisites but has not been marked @Optional or defined

	at org.testng.internal.Parameters.createParams(Parameters.java:267)
	at org.testng.internal.Parameters.createParametersForMethod(Parameters.java:355)
	at org.testng.internal.Parameters.createParameters(Parameters.java:684)
	at org.testng.internal.Parameters.createConfigurationParameters(Parameters.java:166)
	at org.testng.internal.invokers.ConfigInvoker.invokeConfigurations(ConfigInvoker.java:277)
	at org.testng.internal.invokers.TestMethodWorker.invokeBeforeClassMethods(TestMethodWorker.java:180)
	at org.testng.internal.invokers.TestMethodWorker.run(TestMethodWorker.java:122)
	at java.base/java.util.ArrayList.forEach(ArrayList.java:1511)
	at org.testng.TestRunner.privateRun(TestRunner.java:829)
	at org.testng.TestRunner.run(TestRunner.java:602)
	at org.testng.SuiteRunner.runTest(SuiteRunner.java:437)
	at org.testng.SuiteRunner.runSequentially(SuiteRunner.java:431)
	at org.testng.SuiteRunner.privateRun(SuiteRunner.java:391)
	at org.testng.SuiteRunner.run(SuiteRunner.java:330)
	at org.testng.SuiteRunnerWorker.runSuite(SuiteRunnerWorker.java:52)
	at org.testng.SuiteRunnerWorker.run(SuiteRunnerWorker.java:95)
	at org.testng.TestNG.runSuitesSequentially(TestNG.java:1256)
	at org.testng.TestNG.runSuitesLocally(TestNG.java:1176)
	at org.testng.TestNG.runSuites(TestNG.java:1099)
	at org.testng.TestNG.run(TestNG.java:1067)
	at org.apache.maven.surefire.testng.TestNGExecutor.run(TestNGExecutor.java:155)
	at org.apache.maven.surefire.testng.TestNGDirectoryTestSuite.executeMulti(TestNGDirectoryTestSuite.java:169)
	at org.apache.maven.surefire.testng.TestNGDirectoryTestSuite.execute(TestNGDirectoryTestSuite.java:88)
	at org.apache.maven.surefire.testng.TestNGProvider.invoke(TestNGProvider.java:137)
	at org.apache.maven.surefire.booter.ForkedBooter.runSuitesInProcess(ForkedBooter.java:385)
	at org.apache.maven.surefire.booter.ForkedBooter.execute(ForkedBooter.java:162)
	at org.apache.maven.surefire.booter.ForkedBooter.run(ForkedBooter.java:507)
	at org.apache.maven.surefire.booter.ForkedBooter.main(ForkedBooter.java:495)
]]></failure>
  </testcase>
  <testcase name="methodsPreRequisites" classname="sew.test.scp.LoginSewTests" time="0.0">
    <skipped/>
  </testcase>
  <testcase name="methodsPreRequisites" classname="sew.test.scp.LoginSewTests" time="0.0">
    <skipped/>
  </testcase>
  <testcase name="methodsPreRequisites" classname="sew.test.scp.LoginSewTests" time="0.0">
    <skipped/>
  </testcase>
  <testcase name="BillingQuery" classname="sew.test.scp.LoginSewTests" time="0.0">
    <skipped message="&#10;Parameter &apos;platformType&apos; is required by BeforeClass on method classPreRequisites but has not been marked @Optional or defined&#10;"/>
  </testcase>
  <testcase name="tearDownMethods" classname="sew.test.scp.LoginSewTests" time="0.0">
    <skipped/>
  </testcase>
  <testcase name="tearDownMethods" classname="sew.test.scp.LoginSewTests" time="0.0">
    <skipped/>
  </testcase>
  <testcase name="tearDownMethods" classname="sew.test.scp.LoginSewTests" time="0.0">
    <skipped/>
  </testcase>
  <testcase name="makePayment" classname="sew.test.scp.LoginSewTests" time="0.0">
    <skipped message="&#10;Parameter &apos;platformType&apos; is required by BeforeClass on method classPreRequisites but has not been marked @Optional or defined&#10;"/>
  </testcase>
  <testcase name="usageOverview" classname="sew.test.scp.LoginSewTests" time="0.0">
    <skipped message="&#10;Parameter &apos;platformType&apos; is required by BeforeClass on method classPreRequisites but has not been marked @Optional or defined&#10;"/>
  </testcase>
  <testcase name="tearDownClasses" classname="sew.test.scp.LoginSewTests" time="0.0">
    <skipped/>
  </testcase>
</testsuite>