<?xml version="1.0" encoding="UTF-8"?>
<!-- Generated by org.testng.reporters.JUnitReportReporter -->
<testsuite hostname="USZYBGH1MU" failures="0" tests="1" name="demo.tests.scp.guestUserTests" time="97.680" errors="0" timestamp="2023-11-09T12:01:35 IST" skipped="0">
  <testcase classname="demo.tests.scp.guestUserTests" name="guestUserModule" time="97.680"/>
</testsuite> <!-- demo.tests.scp.guestUserTests -->
