<?xml version="1.0" encoding="UTF-8"?>
<!-- Generated by org.testng.reporters.JUnitReportReporter -->
<testsuite hostname="US9XPMBN2Q" failures="0" tests="1" name="sew.ai.tests.csp.AdminLoginTests" time="56.846" errors="0" timestamp="2023-04-05T15:06:45 IST" skipped="0">
  <testcase classname="sew.ai.tests.csp.AdminLoginTests" name="verifyValidAdminLogin" time="56.846"/>
  <system-out/>
</testsuite> <!-- sew.ai.tests.csp.AdminLoginTests -->
