<?xml version="1.0" encoding="UTF-8"?>
<!-- Generated by org.testng.reporters.JUnitReportReporter -->
<testsuite hostname="USNIYKXJ7C" failures="0" tests="1" name="demo.tests.scp.paymentInfoTests" time="451.010" errors="0" timestamp="2024-01-09T18:43:52 IST" skipped="0">
  <testcase classname="demo.tests.scp.paymentInfoTests" name="makePaymentwithExistingCreditCard" time="451.010"/>
</testsuite> <!-- demo.tests.scp.paymentInfoTests -->
