<?xml version="1.0" encoding="UTF-8"?>
<!-- Generated by org.testng.reporters.JUnitReportReporter -->
<testsuite hostname="USZYBGH1MU" failures="0" tests="1" name="alectra.tests.scp.LoginAlectraTests" time="27.258" errors="0" timestamp="2023-10-13T01:46:43 IST" skipped="0">
  <testcase classname="alectra.tests.scp.LoginAlectraTests" name="verifyValidLogin" time="27.258"/>
</testsuite> <!-- alectra.tests.scp.LoginAlectraTests -->
