<?xml version="1.0" encoding="UTF-8"?>
<!-- Generated by org.testng.reporters.JUnitReportReporter -->
<testsuite hostname="USC9NFIZ1V" failures="0" tests="1" name="sew.ai.tests.scp.PostLogConnectMeTests" time="129.981" errors="0" timestamp="2023-06-05T18:51:29 IST" skipped="0">
  <testcase classname="sew.ai.tests.scp.PostLogConnectMeTests" name="verifyPostLoginConnectMePage" time="129.981"/>
  <system-out/>
</testsuite> <!-- sew.ai.tests.scp.PostLogConnectMeTests -->
