<?xml version="1.0" encoding="UTF-8"?>
<!-- Generated by org.testng.reporters.JUnitReportReporter -->
<testsuite hostname="USZYBGH1MU" failures="0" tests="1" name="alectra.tests.scp.MyCurrentBillTests" time="30.254" errors="0" timestamp="2023-10-16T03:46:07 IST" skipped="0">
  <testcase classname="alectra.tests.scp.MyCurrentBillTests" name="verifyMyCurrentBill" time="30.254"/>
</testsuite> <!-- alectra.tests.scp.MyCurrentBillTests -->
