<?xml version="1.0" encoding="UTF-8"?>
<!-- Generated by org.testng.reporters.JUnitReportReporter -->
<testsuite hostname="USNIYKXJ7C" failures="0" tests="1" name="demo.tests.scp.BillingHistoryTests" time="95.047" errors="0" timestamp="2024-01-30T18:21:35 IST" skipped="0">
  <testcase classname="demo.tests.scp.BillingHistoryTests" name="verifyBillHistoryUIAndObjects" time="95.047"/>
</testsuite> <!-- demo.tests.scp.BillingHistoryTests -->
