<?xml version="1.0" encoding="UTF-8"?>
<!-- Generated by org.testng.reporters.JUnitReportReporter -->
<testsuite hostname="USZYBGH1MU" failures="0" tests="1" name="alectra.tests.scp.ResBillPayHistoryTests" time="23.026" errors="0" timestamp="2023-10-13T18:32:43 IST" skipped="0">
  <testcase classname="alectra.tests.scp.ResBillPayHistoryTests" name="verifyBillAndPaymentHistory" time="23.026"/>
</testsuite> <!-- alectra.tests.scp.ResBillPayHistoryTests -->
