<?xml version="1.0" encoding="UTF-8"?>
<!-- Generated by org.testng.reporters.JUnitReportReporter -->
<testsuite hostname="USVXKAYO2T" failures="0" tests="1" name="demo.tests.scp.LoginTests" time="23.501" errors="0" timestamp="2024-06-03T17:44:57 IST" skipped="0">
  <testcase classname="demo.tests.scp.LoginTests" name="verifyInvalidLogin" time="23.501"/>
</testsuite> <!-- demo.tests.scp.LoginTests -->
