<?xml version="1.0" encoding="UTF-8"?>
<!-- Generated by org.testng.reporters.JUnitReportReporter -->
<testsuite hostname="USVXKAYO2T" failures="0" tests="4" name="demo.tests.scp.GuestUserTests" time="332.340" errors="0" timestamp="2024-06-24T15:44:30 IST" skipped="0">
  <testcase classname="demo.tests.scp.GuestUserTests" name="verifyInviteNewGuestUserFunctionnality" time="57.076"/>
  <testcase classname="demo.tests.scp.GuestUserTests" name="verifyGuestUserPageUI" time="31.784"/>
  <testcase classname="demo.tests.scp.GuestUserTests" name="verifyResendActivationLinkFunction" time="56.933"/>
  <testcase classname="demo.tests.scp.GuestUserTests" name="verifyEditGuestDetailsFunction" time="186.547"/>
</testsuite> <!-- demo.tests.scp.GuestUserTests -->
