<?xml version="1.0" encoding="UTF-8"?>
<!-- Generated by org.testng.reporters.JUnitReportReporter -->
<testsuite hostname="USNIYKXJ7C" failures="0" tests="1" name="sew.test.scp.LoginSewTests" time="936.986" errors="0" timestamp="2023-09-19T14:23:23 IST" skipped="0">
  <testcase classname="sew.test.scp.LoginSewTests" name="usageOverview" time="936.986"/>
  <system-out/>
</testsuite> <!-- sew.test.scp.LoginSewTests -->
